{"meta": {"format": 3, "version": "7.13.3", "timestamp": "2026-02-08T04:27:48.815313", "branch_coverage": true, "show_contexts": false}, "files": {"akosha/__init__.py": {"executed_lines": [3, 5, 7], "summary": {"covered_lines": 3, "num_statements": 3, "percent_covered": 100.0, "percent_covered_display": "100.00", "missing_lines": 0, "excluded_lines": 0, "percent_statements_covered": 100.0, "percent_statements_covered_display": "100.00", "num_branches": 0, "num_partial_branches": 0, "covered_branches": 0, "missing_branches": 0, "percent_branches_covered": 100.0, "percent_branches_covered_display": "100.00"}, "missing_lines": [], "excluded_lines": [], "executed_branches": [], "missing_branches": [], "functions": {"": {"executed_lines": [3, 5, 7], "summary": {"covered_lines": 3, "num_statements": 3, "percent_covered": 100.0, "percent_covered_display": "100.00", "missing_lines": 0, "excluded_lines": 0, "percent_statements_covered": 100.0, "percent_statements_covered_display": "100.00", "num_branches": 0, "num_partial_branches": 0, "covered_branches": 0, "missing_branches": 0, "percent_branches_covered": 100.0, "percent_branches_covered_display": "100.00"}, "missing_lines": [], "excluded_lines": [], "start_line": 1, "executed_branches": [], "missing_branches": []}}, "classes": {"": {"executed_lines": [3, 5, 7], "summary": {"covered_lines": 3, "num_statements": 3, "percent_covered": 100.0, "percent_covered_display": "100.00", "missing_lines": 0, "excluded_lines": 0, "percent_statements_covered": 100.0, "percent_statements_covered_display": "100.00", "num_branches": 0, "num_partial_branches": 0, "covered_branches": 0, "missing_branches": 0, "percent_branches_covered": 100.0, "percent_branches_covered_display": "100.00"}, "missing_lines": [], "excluded_lines": [], "start_line": 1, "executed_branches": [], "missing_branches": []}}}, "akosha/alerting/__init__.py": {"executed_lines": [13, 15, 16, 17, 18, 19, 20, 21, 22, 24, 25, 28, 30, 31, 33, 34, 37, 40, 41, 42, 43, 46, 50, 51, 52, 55, 56, 59, 60, 61, 64, 65, 68, 69, 72, 73, 74, 75, 76, 77, 78, 79, 81, 83, 94, 97, 99, 101, 108, 109, 110, 111, 113, 122, 125, 131, 137, 138, 140, 150, 153, 154, 155, 158, 159, 160, 163, 166, 168, 170, 172, 174, 180, 181, 183, 184, 187, 190, 192, 199, 206, 207, 209, 222, 224, 225, 228, 230, 231, 239, 241, 250, 260, 285, 291, 293, 294, 295, 296, 297, 299, 306, 308, 315, 317, 327, 329, 330, 331, 334, 335, 338, 339, 340, 341, 342, 347, 349, 355, 357, 358, 359, 365, 372, 393, 395, 396, 407, 410, 416, 421, 440, 448, 449, 452, 467, 468, 471, 478, 479, 482, 489, 490], "summary": {"covered_lines": 143, "num_statements": 156, "percent_covered": 87.23404255319149, "percent_covered_display": "87.23", "missing_lines": 13, "excluded_lines": 0, "percent_statements_covered": 91.66666666666667, "percent_statements_covered_display": "91.67", "num_branches": 32, "num_partial_branches": 1, "covered_branches": 21, "missing_branches": 11, "percent_branches_covered": 65.625, "percent_branches_covered_display": "65.62"}, "missing_lines": [258, 273, 274, 275, 276, 277, 278, 279, 280, 282, 399, 400, 403], "excluded_lines": [], "executed_branches": [[108, 109], [108, 110], [153, 154], [153, 163], [158, 159], [158, 163], [180, 181], [180, 183], [183, -170], [183, 184], [224, 225], [224, 228], [230, 231], [230, 239], [329, 330], [329, 334], [334, 335], [334, 338], [340, 341], [340, 365], [395, 396]], "missing_branches": [[273, 274], [273, 275], [275, 276], [275, 277], [277, 278], [277, 279], [279, 280], [279, 282], [395, 399], [399, 400], [399, 403]], "functions": {"get_logger": {"executed_lines": [30, 31], "summary": {"covered_lines": 2, "num_statements": 2, "percent_covered": 100.0, "percent_covered_display": "100.00", "missing_lines": 0, "excluded_lines": 0, "percent_statements_covered": 100.0, "percent_statements_covered_display": "100.00", "num_branches": 0, "num_partial_branches": 0, "covered_branches": 0, "missing_branches": 0, "percent_branches_covered": 100.0, "percent_branches_covered_display": "100.00"}, "missing_lines": [], "excluded_lines": [], "start_line": 28, "executed_branches": [], "missing_branches": []}, "Alert.to_dict": {"executed_lines": [83], "summary": {"covered_lines": 1, "num_statements": 1, "percent_covered": 100.0, "percent_covered_display": "100.00", "missing_lines": 0, "excluded_lines": 0, "percent_statements_covered": 100.0, "percent_statements_covered_display": "100.00", "num_branches": 0, "num_partial_branches": 0, "covered_branches": 0, "missing_branches": 0, "percent_branches_covered": 100.0, "percent_branches_covered_display": "100.00"}, "missing_lines": [], "excluded_lines": [], "start_line": 81, "executed_branches": [], "missing_branches": []}, "AlertRouter.__init__": {"executed_lines": [99], "summary": {"covered_lines": 1, "num_statements": 1, "percent_covered": 100.0, "percent_covered_display": "100.00", "missing_lines": 0, "excluded_lines": 0, "percent_statements_covered": 100.0, "percent_statements_covered_display": "100.00", "num_branches": 0, "num_partial_branches": 0, "covered_branches": 0, "missing_branches": 0, "percent_branches_covered": 100.0, "percent_branches_covered_display": "100.00"}, "missing_lines": [], "excluded_lines": [], "start_line": 97, "executed_branches": [], "missing_branches": []}, "AlertRouter.register_webhook": {"executed_lines": [108, 109, 110, 111], "summary": {"covered_lines": 4, "num_statements": 4, "percent_covered": 100.0, "percent_covered_display": "100.00", "missing_lines": 0, "excluded_lines": 0, "percent_statements_covered": 100.0, "percent_statements_covered_display": "100.00", "num_branches": 2, "num_partial_branches": 0, "covered_branches": 2, "missing_branches": 0, "percent_branches_covered": 100.0, "percent_branches_covered_display": "100.00"}, "missing_lines": [], "excluded_lines": [], "start_line": 101, "executed_branches": [[108, 109], [108, 110]], "missing_branches": []}, "AlertRouter.get_webhooks": {"executed_lines": [122], "summary": {"covered_lines": 1, "num_statements": 1, "percent_covered": 100.0, "percent_covered_display": "100.00", "missing_lines": 0, "excluded_lines": 0, "percent_statements_covered": 100.0, "percent_statements_covered_display": "100.00", "num_branches": 0, "num_partial_branches": 0, "covered_branches": 0, "missing_branches": 0, "percent_branches_covered": 100.0, "percent_branches_covered_display": "100.00"}, "missing_lines": [], "excluded_lines": [], "start_line": 113, "executed_branches": [], "missing_branches": []}, "AlertDeduplicator.__init__": {"executed_lines": [137, 138], "summary": {"covered_lines": 2, "num_statements": 2, "percent_covered": 100.0, "percent_covered_display": "100.00", "missing_lines": 0, "excluded_lines": 0, "percent_statements_covered": 100.0, "percent_statements_covered_display": "100.00", "num_branches": 0, "num_partial_branches": 0, "covered_branches": 0, "missing_branches": 0, "percent_branches_covered": 100.0, "percent_branches_covered_display": "100.00"}, "missing_lines": [], "excluded_lines": [], "start_line": 131, "executed_branches": [], "missing_branches": []}, "AlertDeduplicator.should_send": {"executed_lines": [150, 153, 154, 155, 158, 159, 160, 163, 166, 168], "summary": {"covered_lines": 10, "num_statements": 10, "percent_covered": 100.0, "percent_covered_display": "100.00", "missing_lines": 0, "excluded_lines": 0, "percent_statements_covered": 100.0, "percent_statements_covered_display": "100.00", "num_branches": 4, "num_partial_branches": 0, "covered_branches": 4, "missing_branches": 0, "percent_branches_covered": 100.0, "percent_branches_covered_display": "100.00"}, "missing_lines": [], "excluded_lines": [], "start_line": 140, "executed_branches": [[153, 154], [153, 163], [158, 159], [158, 163]], "missing_branches": []}, "AlertDeduplicator._cleanup_old_entries": {"executed_lines": [172, 174, 180, 181, 183, 184], "summary": {"covered_lines": 6, "num_statements": 6, "percent_covered": 100.0, "percent_covered_display": "100.00", "missing_lines": 0, "excluded_lines": 0, "percent_statements_covered": 100.0, "percent_statements_covered_display": "100.00", "num_branches": 4, "num_partial_branches": 0, "covered_branches": 4, "missing_branches": 0, "percent_branches_covered": 100.0, "percent_branches_covered_display": "100.00"}, "missing_lines": [], "excluded_lines": [], "start_line": 170, "executed_branches": [[180, 181], [180, 183], [183, -170], [183, 184]], "missing_branches": []}, "PatternDetector.__init__": {"executed_lines": [192], "summary": {"covered_lines": 1, "num_statements": 1, "percent_covered": 100.0, "percent_covered_display": "100.00", "missing_lines": 0, "excluded_lines": 0, "percent_statements_covered": 100.0, "percent_statements_covered_display": "100.00", "num_branches": 0, "num_partial_branches": 0, "covered_branches": 0, "missing_branches": 0, "percent_branches_covered": 100.0, "percent_branches_covered_display": "100.00"}, "missing_lines": [], "excluded_lines": [], "start_line": 190, "executed_branches": [], "missing_branches": []}, "PatternDetector.set_threshold": {"executed_lines": [206, 207], "summary": {"covered_lines": 2, "num_statements": 2, "percent_covered": 100.0, "percent_covered_display": "100.00", "missing_lines": 0, "excluded_lines": 0, "percent_statements_covered": 100.0, "percent_statements_covered_display": "100.00", "num_branches": 0, "num_partial_branches": 0, "covered_branches": 0, "missing_branches": 0, "percent_branches_covered": 100.0, "percent_branches_covered_display": "100.00"}, "missing_lines": [], "excluded_lines": [], "start_line": 199, "executed_branches": [], "missing_branches": []}, "PatternDetector.check_threshold": {"executed_lines": [222, 224, 225, 228, 230, 231, 239], "summary": {"covered_lines": 7, "num_statements": 7, "percent_covered": 100.0, "percent_covered_display": "100.00", "missing_lines": 0, "excluded_lines": 0, "percent_statements_covered": 100.0, "percent_statements_covered_display": "100.00", "num_branches": 4, "num_partial_branches": 0, "covered_branches": 4, "missing_branches": 0, "percent_branches_covered": 100.0, "percent_branches_covered_display": "100.00"}, "missing_lines": [], "excluded_lines": [], "start_line": 209, "executed_branches": [[224, 225], [224, 228], [230, 231], [230, 239]], "missing_branches": []}, "PatternDetector._get_severity": {"executed_lines": [250], "summary": {"covered_lines": 1, "num_statements": 2, "percent_covered": 50.0, "percent_covered_display": "50.00", "missing_lines": 1, "excluded_lines": 0, "percent_statements_covered": 50.0, "percent_statements_covered_display": "50.00", "num_branches": 0, "num_partial_branches": 0, "covered_branches": 0, "missing_branches": 0, "percent_branches_covered": 100.0, "percent_branches_covered_display": "100.00"}, "missing_lines": [258], "excluded_lines": [], "start_line": 241, "executed_branches": [], "missing_branches": []}, "PatternDetector._format_message": {"executed_lines": [], "summary": {"covered_lines": 0, "num_statements": 9, "percent_covered": 0.0, "percent_covered_display": "0.00", "missing_lines": 9, "excluded_lines": 0, "percent_statements_covered": 0.0, "percent_statements_covered_display": "0.00", "num_branches": 8, "num_partial_branches": 0, "covered_branches": 0, "missing_branches": 8, "percent_branches_covered": 0.0, "percent_branches_covered_display": "0.00"}, "missing_lines": [273, 274, 275, 276, 277, 278, 279, 280, 282], "excluded_lines": [], "start_line": 260, "executed_branches": [], "missing_branches": [[273, 274], [273, 275], [275, 276], [275, 277], [277, 278], [277, 279], [279, 280], [279, 282]]}, "AlertManager.__init__": {"executed_lines": [293, 294, 295, 296, 297], "summary": {"covered_lines": 5, "num_statements": 5, "percent_covered": 100.0, "percent_covered_display": "100.00", "missing_lines": 0, "excluded_lines": 0, "percent_statements_covered": 100.0, "percent_statements_covered_display": "100.00", "num_branches": 0, "num_partial_branches": 0, "covered_branches": 0, "missing_branches": 0, "percent_branches_covered": 100.0, "percent_branches_covered_display": "100.00"}, "missing_lines": [], "excluded_lines": [], "start_line": 291, "executed_branches": [], "missing_branches": []}, "AlertManager.register_webhook": {"executed_lines": [306], "summary": {"covered_lines": 1, "num_statements": 1, "percent_covered": 100.0, "percent_covered_display": "100.00", "missing_lines": 0, "excluded_lines": 0, "percent_statements_covered": 100.0, "percent_statements_covered_display": "100.00", "num_branches": 0, "num_partial_branches": 0, "covered_branches": 0, "missing_branches": 0, "percent_branches_covered": 100.0, "percent_branches_covered_display": "100.00"}, "missing_lines": [], "excluded_lines": [], "start_line": 299, "executed_branches": [], "missing_branches": []}, "AlertManager.set_threshold": {"executed_lines": [315], "summary": {"covered_lines": 1, "num_statements": 1, "percent_covered": 100.0, "percent_covered_display": "100.00", "missing_lines": 0, "excluded_lines": 0, "percent_statements_covered": 100.0, "percent_statements_covered_display": "100.00", "num_branches": 0, "num_partial_branches": 0, "covered_branches": 0, "missing_branches": 0, "percent_branches_covered": 100.0, "percent_branches_covered_display": "100.00"}, "missing_lines": [], "excluded_lines": [], "start_line": 308, "executed_branches": [], "missing_branches": []}, "AlertManager.send_alert": {"executed_lines": [327, 329, 330, 331, 334, 335, 338, 339, 340, 341, 342, 347, 349, 355, 357, 358, 359, 365], "summary": {"covered_lines": 18, "num_statements": 18, "percent_covered": 100.0, "percent_covered_display": "100.00", "missing_lines": 0, "excluded_lines": 0, "percent_statements_covered": 100.0, "percent_statements_covered_display": "100.00", "num_branches": 6, "num_partial_branches": 0, "covered_branches": 6, "missing_branches": 0, "percent_branches_covered": 100.0, "percent_branches_covered_display": "100.00"}, "missing_lines": [], "excluded_lines": [], "start_line": 317, "executed_branches": [[329, 330], [329, 334], [334, 335], [334, 338], [340, 341], [340, 365]], "missing_branches": []}, "AlertManager.check_and_alert": {"executed_lines": [393, 395, 396], "summary": {"covered_lines": 3, "num_statements": 6, "percent_covered": 40.0, "percent_covered_display": "40.00", "missing_lines": 3, "excluded_lines": 0, "percent_statements_covered": 50.0, "percent_statements_covered_display": "50.00", "num_branches": 4, "num_partial_branches": 1, "covered_branches": 1, "missing_branches": 3, "percent_branches_covered": 25.0, "percent_branches_covered_display": "25.00"}, "missing_lines": [399, 400, 403], "excluded_lines": [], "start_line": 372, "executed_branches": [[395, 396]], "missing_branches": [[395, 399], [399, 400], [399, 403]]}, "get_alert_manager": {"executed_lines": [416], "summary": {"covered_lines": 1, "num_statements": 1, "percent_covered": 100.0, "percent_covered_display": "100.00", "missing_lines": 0, "excluded_lines": 0, "percent_statements_covered": 100.0, "percent_statements_covered_display": "100.00", "num_branches": 0, "num_partial_branches": 0, "covered_branches": 0, "missing_branches": 0, "percent_branches_covered": 100.0, "percent_branches_covered_display": "100.00"}, "missing_lines": [], "excluded_lines": [], "start_line": 410, "executed_branches": [], "missing_branches": []}, "send_alert": {"executed_lines": [440, 448, 449], "summary": {"covered_lines": 3, "num_statements": 3, "percent_covered": 100.0, "percent_covered_display": "100.00", "missing_lines": 0, "excluded_lines": 0, "percent_statements_covered": 100.0, "percent_statements_covered_display": "100.00", "num_branches": 0, "num_partial_branches": 0, "covered_branches": 0, "missing_branches": 0, "percent_branches_covered": 100.0, "percent_branches_covered_display": "100.00"}, "missing_lines": [], "excluded_lines": [], "start_line": 421, "executed_branches": [], "missing_branches": []}, "check_metric_and_alert": {"executed_lines": [467, 468], "summary": {"covered_lines": 2, "num_statements": 2, "percent_covered": 100.0, "percent_covered_display": "100.00", "missing_lines": 0, "excluded_lines": 0, "percent_statements_covered": 100.0, "percent_statements_covered_display": "100.00", "num_branches": 0, "num_partial_branches": 0, "covered_branches": 0, "missing_branches": 0, "percent_branches_covered": 100.0, "percent_branches_covered_display": "100.00"}, "missing_lines": [], "excluded_lines": [], "start_line": 452, "executed_branches": [], "missing_branches": []}, "configure_alert_threshold": {"executed_lines": [478, 479], "summary": {"covered_lines": 2, "num_statements": 2, "percent_covered": 100.0, "percent_covered_display": "100.00", "missing_lines": 0, "excluded_lines": 0, "percent_statements_covered": 100.0, "percent_statements_covered_display": "100.00", "num_branches": 0, "num_partial_branches": 0, "covered_branches": 0, "missing_branches": 0, "percent_branches_covered": 100.0, "percent_branches_covered_display": "100.00"}, "missing_lines": [], "excluded_lines": [], "start_line": 471, "executed_branches": [], "missing_branches": []}, "register_alert_webhook": {"executed_lines": [489, 490], "summary": {"covered_lines": 2, "num_statements": 2, "percent_covered": 100.0, "percent_covered_display": "100.00", "missing_lines": 0, "excluded_lines": 0, "percent_statements_covered": 100.0, "percent_statements_covered_display": "100.00", "num_branches": 0, "num_partial_branches": 0, "covered_branches": 0, "missing_branches": 0, "percent_branches_covered": 100.0, "percent_branches_covered_display": "100.00"}, "missing_lines": [], "excluded_lines": [], "start_line": 482, "executed_branches": [], "missing_branches": []}, "": {"executed_lines": [13, 15, 16, 17, 18, 19, 20, 21, 22, 24, 25, 28, 33, 34, 37, 40, 41, 42, 43, 46, 50, 51, 52, 55, 56, 59, 60, 61, 64, 65, 68, 69, 72, 73, 74, 75, 76, 77, 78, 79, 81, 94, 97, 101, 113, 125, 131, 140, 170, 187, 190, 199, 209, 241, 260, 285, 291, 299, 308, 317, 372, 407, 410, 421, 452, 471, 482], "summary": {"covered_lines": 67, "num_statements": 67, "percent_covered": 100.0, "percent_covered_display": "100.00", "missing_lines": 0, "excluded_lines": 0, "percent_statements_covered": 100.0, "percent_statements_covered_display": "100.00", "num_branches": 0, "num_partial_branches": 0, "covered_branches": 0, "missing_branches": 0, "percent_branches_covered": 100.0, "percent_branches_covered_display": "100.00"}, "missing_lines": [], "excluded_lines": [], "start_line": 1, "executed_branches": [], "missing_branches": []}}, "classes": {"AlertSeverity": {"executed_lines": [], "summary": {"covered_lines": 0, "num_statements": 0, "percent_covered": 100.0, "percent_covered_display": "100.00", "missing_lines": 0, "excluded_lines": 0, "percent_statements_covered": 100.0, "percent_statements_covered_display": "100.00", "num_branches": 0, "num_partial_branches": 0, "covered_branches": 0, "missing_branches": 0, "percent_branches_covered": 100.0, "percent_branches_covered_display": "100.00"}, "missing_lines": [], "excluded_lines": [], "start_line": 37, "executed_branches": [], "missing_branches": []}, "AlertType": {"executed_lines": [], "summary": {"covered_lines": 0, "num_statements": 0, "percent_covered": 100.0, "percent_covered_display": "100.00", "missing_lines": 0, "excluded_lines": 0, "percent_statements_covered": 100.0, "percent_statements_covered_display": "100.00", "num_branches": 0, "num_partial_branches": 0, "covered_branches": 0, "missing_branches": 0, "percent_branches_covered": 100.0, "percent_branches_covered_display": "100.00"}, "missing_lines": [], "excluded_lines": [], "start_line": 46, "executed_branches": [], "missing_branches": []}, "Alert": {"executed_lines": [83], "summary": {"covered_lines": 1, "num_statements": 1, "percent_covered": 100.0, "percent_covered_display": "100.00", "missing_lines": 0, "excluded_lines": 0, "percent_statements_covered": 100.0, "percent_statements_covered_display": "100.00", "num_branches": 0, "num_partial_branches": 0, "covered_branches": 0, "missing_branches": 0, "percent_branches_covered": 100.0, "percent_branches_covered_display": "100.00"}, "missing_lines": [], "excluded_lines": [], "start_line": 69, "executed_branches": [], "missing_branches": []}, "AlertRouter": {"executed_lines": [99, 108, 109, 110, 111, 122], "summary": {"covered_lines": 6, "num_statements": 6, "percent_covered": 100.0, "percent_covered_display": "100.00", "missing_lines": 0, "excluded_lines": 0, "percent_statements_covered": 100.0, "percent_statements_covered_display": "100.00", "num_branches": 2, "num_partial_branches": 0, "covered_branches": 2, "missing_branches": 0, "percent_branches_covered": 100.0, "percent_branches_covered_display": "100.00"}, "missing_lines": [], "excluded_lines": [], "start_line": 94, "executed_branches": [[108, 109], [108, 110]], "missing_branches": []}, "AlertDeduplicator": {"executed_lines": [137, 138, 150, 153, 154, 155, 158, 159, 160, 163, 166, 168, 172, 174, 180, 181, 183, 184], "summary": {"covered_lines": 18, "num_statements": 18, "percent_covered": 100.0, "percent_covered_display": "100.00", "missing_lines": 0, "excluded_lines": 0, "percent_statements_covered": 100.0, "percent_statements_covered_display": "100.00", "num_branches": 8, "num_partial_branches": 0, "covered_branches": 8, "missing_branches": 0, "percent_branches_covered": 100.0, "percent_branches_covered_display": "100.00"}, "missing_lines": [], "excluded_lines": [], "start_line": 125, "executed_branches": [[153, 154], [153, 163], [158, 159], [158, 163], [180, 181], [180, 183], [183, -170], [183, 184]], "missing_branches": []}, "PatternDetector": {"executed_lines": [192, 206, 207, 222, 224, 225, 228, 230, 231, 239, 250], "summary": {"covered_lines": 11, "num_statements": 21, "percent_covered": 45.45454545454545, "percent_covered_display": "45.45", "missing_lines": 10, "excluded_lines": 0, "percent_statements_covered": 52.38095238095238, "percent_statements_covered_display": "52.38", "num_branches": 12, "num_partial_branches": 0, "covered_branches": 4, "missing_branches": 8, "percent_branches_covered": 33.333333333333336, "percent_branches_covered_display": "33.33"}, "missing_lines": [258, 273, 274, 275, 276, 277, 278, 279, 280, 282], "excluded_lines": [], "start_line": 187, "executed_branches": [[224, 225], [224, 228], [230, 231], [230, 239]], "missing_branches": [[273, 274], [273, 275], [275, 276], [275, 277], [277, 278], [277, 279], [279, 280], [279, 282]]}, "AlertManager": {"executed_lines": [293, 294, 295, 296, 297, 306, 315, 327, 329, 330, 331, 334, 335, 338, 339, 340, 341, 342, 347, 349, 355, 357, 358, 359, 365, 393, 395, 396], "summary": {"covered_lines": 28, "num_statements": 31, "percent_covered": 85.36585365853658, "percent_covered_display": "85.37", "missing_lines": 3, "excluded_lines": 0, "percent_statements_covered": 90.3225806451613, "percent_statements_covered_display": "90.32", "num_branches": 10, "num_partial_branches": 1, "covered_branches": 7, "missing_branches": 3, "percent_branches_covered": 70.0, "percent_branches_covered_display": "70.00"}, "missing_lines": [399, 400, 403], "excluded_lines": [], "start_line": 285, "executed_branches": [[329, 330], [329, 334], [334, 335], [334, 338], [340, 341], [340, 365], [395, 396]], "missing_branches": [[395, 399], [399, 400], [399, 403]]}, "": {"executed_lines": [13, 15, 16, 17, 18, 19, 20, 21, 22, 24, 25, 28, 30, 31, 33, 34, 37, 40, 41, 42, 43, 46, 50, 51, 52, 55, 56, 59, 60, 61, 64, 65, 68, 69, 72, 73, 74, 75, 76, 77, 78, 79, 81, 94, 97, 101, 113, 125, 131, 140, 170, 187, 190, 199, 209, 241, 260, 285, 291, 299, 308, 317, 372, 407, 410, 416, 421, 440, 448, 449, 452, 467, 468, 471, 478, 479, 482, 489, 490], "summary": {"covered_lines": 79, "num_statements": 79, "percent_covered": 100.0, "percent_covered_display": "100.00", "missing_lines": 0, "excluded_lines": 0, "percent_statements_covered": 100.0, "percent_statements_covered_display": "100.00", "num_branches": 0, "num_partial_branches": 0, "covered_branches": 0, "missing_branches": 0, "percent_branches_covered": 100.0, "percent_branches_covered_display": "100.00"}, "missing_lines": [], "excluded_lines": [], "start_line": 1, "executed_branches": [], "missing_branches": []}}}, "akosha/cli.py": {"executed_lines": [], "summary": {"covered_lines": 0, "num_statements": 48, "percent_covered": 0.0, "percent_covered_display": "0.00", "missing_lines": 48, "excluded_lines": 0, "percent_statements_covered": 0.0, "percent_statements_covered_display": "0.00", "num_branches": 6, "num_partial_branches": 0, "covered_branches": 0, "missing_branches": 6, "percent_branches_covered": 0.0, "percent_branches_covered_display": "0.00"}, "missing_lines": [7, 9, 10, 11, 12, 14, 15, 17, 18, 21, 25, 28, 35, 36, 53, 54, 56, 59, 61, 64, 65, 68, 69, 81, 82, 84, 87, 88, 91, 92, 94, 95, 97, 98, 99, 100, 103, 104, 106, 107, 108, 109, 110, 111, 114, 116, 119, 120], "excluded_lines": [], "executed_branches": [], "missing_branches": [[53, 54], [53, 56], [81, 82], [81, 84], [119, -1], [119, 120]], "functions": {"shell": {"executed_lines": [], "summary": {"covered_lines": 0, "num_statements": 7, "percent_covered": 0.0, "percent_covered_display": "0.00", "missing_lines": 7, "excluded_lines": 0, "percent_statements_covered": 0.0, "percent_statements_covered_display": "0.00", "num_branches": 2, "num_partial_branches": 0, "covered_branches": 0, "missing_branches": 2, "percent_branches_covered": 0.0, "percent_branches_covered_display": "0.00"}, "missing_lines": [53, 54, 56, 59, 61, 64, 65], "excluded_lines": [], "start_line": 36, "executed_branches": [], "missing_branches": [[53, 54], [53, 56]]}, "start": {"executed_lines": [], "summary": {"covered_lines": 0, "num_statements": 5, "percent_covered": 0.0, "percent_covered_display": "0.00", "missing_lines": 5, "excluded_lines": 0, "percent_statements_covered": 0.0, "percent_statements_covered_display": "0.00", "num_branches": 2, "num_partial_branches": 0, "covered_branches": 0, "missing_branches": 2, "percent_branches_covered": 0.0, "percent_branches_covered_display": "0.00"}, "missing_lines": [81, 82, 84, 87, 88], "excluded_lines": [], "start_line": 69, "executed_branches": [], "missing_branches": [[81, 82], [81, 84]]}, "version": {"executed_lines": [], "summary": {"covered_lines": 0, "num_statements": 6, "percent_covered": 0.0, "percent_covered_display": "0.00", "missing_lines": 6, "excluded_lines": 0, "percent_statements_covered": 0.0, "percent_statements_covered_display": "0.00", "num_branches": 0, "num_partial_branches": 0, "covered_branches": 0, "missing_branches": 0, "percent_branches_covered": 100.0, "percent_branches_covered_display": "100.00"}, "missing_lines": [94, 95, 97, 98, 99, 100], "excluded_lines": [], "start_line": 92, "executed_branches": [], "missing_branches": []}, "info": {"executed_lines": [], "summary": {"covered_lines": 0, "num_statements": 6, "percent_covered": 0.0, "percent_covered_display": "0.00", "missing_lines": 6, "excluded_lines": 0, "percent_statements_covered": 0.0, "percent_statements_covered_display": "0.00", "num_branches": 0, "num_partial_branches": 0, "covered_branches": 0, "missing_branches": 0, "percent_branches_covered": 100.0, "percent_branches_covered_display": "100.00"}, "missing_lines": [106, 107, 108, 109, 110, 111], "excluded_lines": [], "start_line": 104, "executed_branches": [], "missing_branches": []}, "main": {"executed_lines": [], "summary": {"covered_lines": 0, "num_statements": 1, "percent_covered": 0.0, "percent_covered_display": "0.00", "missing_lines": 1, "excluded_lines": 0, "percent_statements_covered": 0.0, "percent_statements_covered_display": "0.00", "num_branches": 0, "num_partial_branches": 0, "covered_branches": 0, "missing_branches": 0, "percent_branches_covered": 100.0, "percent_branches_covered_display": "100.00"}, "missing_lines": [116], "excluded_lines": [], "start_line": 114, "executed_branches": [], "missing_branches": []}, "": {"executed_lines": [], "summary": {"covered_lines": 0, "num_statements": 23, "percent_covered": 0.0, "percent_covered_display": "0.00", "missing_lines": 23, "excluded_lines": 0, "percent_statements_covered": 0.0, "percent_statements_covered_display": "0.00", "num_branches": 2, "num_partial_branches": 0, "covered_branches": 0, "missing_branches": 2, "percent_branches_covered": 0.0, "percent_branches_covered_display": "0.00"}, "missing_lines": [7, 9, 10, 11, 12, 14, 15, 17, 18, 21, 25, 28, 35, 36, 68, 69, 91, 92, 103, 104, 114, 119, 120], "excluded_lines": [], "start_line": 1, "executed_branches": [], "missing_branches": [[119, -1], [119, 120]]}}, "classes": {"": {"executed_lines": [], "summary": {"covered_lines": 0, "num_statements": 48, "percent_covered": 0.0, "percent_covered_display": "0.00", "missing_lines": 48, "excluded_lines": 0, "percent_statements_covered": 0.0, "percent_statements_covered_display": "0.00", "num_branches": 6, "num_partial_branches": 0, "covered_branches": 0, "missing_branches": 6, "percent_branches_covered": 0.0, "percent_branches_covered_display": "0.00"}, "missing_lines": [7, 9, 10, 11, 12, 14, 15, 17, 18, 21, 25, 28, 35, 36, 53, 54, 56, 59, 61, 64, 65, 68, 69, 81, 82, 84, 87, 88, 91, 92, 94, 95, 97, 98, 99, 100, 103, 104, 106, 107, 108, 109, 110, 111, 114, 116, 119, 120], "excluded_lines": [], "start_line": 1, "executed_branches": [], "missing_branches": [[53, 54], [53, 56], [81, 82], [81, 84], [119, -1], [119, 120]]}}}, "akosha/config.py": {"executed_lines": [3, 5, 6, 8, 9, 12, 15, 16, 17, 18, 21, 24, 25, 26, 29, 32, 33, 34, 35, 38, 41, 42, 43, 44, 45, 46, 49, 53, 54, 55, 56, 59, 60, 61, 64, 65, 66, 68, 75], "summary": {"covered_lines": 39, "num_statements": 39, "percent_covered": 100.0, "percent_covered_display": "100.00", "missing_lines": 0, "excluded_lines": 0, "percent_statements_covered": 100.0, "percent_statements_covered_display": "100.00", "num_branches": 0, "num_partial_branches": 0, "covered_branches": 0, "missing_branches": 0, "percent_branches_covered": 100.0, "percent_branches_covered_display": "100.00"}, "missing_lines": [], "excluded_lines": [], "executed_branches": [], "missing_branches": [], "functions": {"": {"executed_lines": [3, 5, 6, 8, 9, 12, 15, 16, 17, 18, 21, 24, 25, 26, 29, 32, 33, 34, 35, 38, 41, 42, 43, 44, 45, 46, 49, 53, 54, 55, 56, 59, 60, 61, 64, 65, 66, 68, 75], "summary": {"covered_lines": 39, "num_statements": 39, "percent_covered": 100.0, "percent_covered_display": "100.00", "missing_lines": 0, "excluded_lines": 0, "percent_statements_covered": 100.0, "percent_statements_covered_display": "100.00", "num_branches": 0, "num_partial_branches": 0, "covered_branches": 0, "missing_branches": 0, "percent_branches_covered": 100.0, "percent_branches_covered_display": "100.00"}, "missing_lines": [], "excluded_lines": [], "start_line": 1, "executed_branches": [], "missing_branches": []}}, "classes": {"HotStorageConfig": {"executed_lines": [], "summary": {"covered_lines": 0, "num_statements": 0, "percent_covered": 100.0, "percent_covered_display": "100.00", "missing_lines": 0, "excluded_lines": 0, "percent_statements_covered": 100.0, "percent_statements_covered_display": "100.00", "num_branches": 0, "num_partial_branches": 0, "covered_branches": 0, "missing_branches": 0, "percent_branches_covered": 100.0, "percent_branches_covered_display": "100.00"}, "missing_lines": [], "excluded_lines": [], "start_line": 12, "executed_branches": [], "missing_branches": []}, "WarmStorageConfig": {"executed_lines": [], "summary": {"covered_lines": 0, "num_statements": 0, "percent_covered": 100.0, "percent_covered_display": "100.00", "missing_lines": 0, "excluded_lines": 0, "percent_statements_covered": 100.0, "percent_statements_covered_display": "100.00", "num_branches": 0, "num_partial_branches": 0, "covered_branches": 0, "missing_branches": 0, "percent_branches_covered": 100.0, "percent_branches_covered_display": "100.00"}, "missing_lines": [], "excluded_lines": [], "start_line": 21, "executed_branches": [], "missing_branches": []}, "ColdStorageConfig": {"executed_lines": [], "summary": {"covered_lines": 0, "num_statements": 0, "percent_covered": 100.0, "percent_covered_display": "100.00", "missing_lines": 0, "excluded_lines": 0, "percent_statements_covered": 100.0, "percent_statements_covered_display": "100.00", "num_branches": 0, "num_partial_branches": 0, "covered_branches": 0, "missing_branches": 0, "percent_branches_covered": 100.0, "percent_branches_covered_display": "100.00"}, "missing_lines": [], "excluded_lines": [], "start_line": 29, "executed_branches": [], "missing_branches": []}, "CacheConfig": {"executed_lines": [], "summary": {"covered_lines": 0, "num_statements": 0, "percent_covered": 100.0, "percent_covered_display": "100.00", "missing_lines": 0, "excluded_lines": 0, "percent_statements_covered": 100.0, "percent_statements_covered_display": "100.00", "num_branches": 0, "num_partial_branches": 0, "covered_branches": 0, "missing_branches": 0, "percent_branches_covered": 100.0, "percent_branches_covered_display": "100.00"}, "missing_lines": [], "excluded_lines": [], "start_line": 38, "executed_branches": [], "missing_branches": []}, "AkoshaConfig": {"executed_lines": [], "summary": {"covered_lines": 0, "num_statements": 0, "percent_covered": 100.0, "percent_covered_display": "100.00", "missing_lines": 0, "excluded_lines": 0, "percent_statements_covered": 100.0, "percent_statements_covered_display": "100.00", "num_branches": 0, "num_partial_branches": 0, "covered_branches": 0, "missing_branches": 0, "percent_branches_covered": 100.0, "percent_branches_covered_display": "100.00"}, "missing_lines": [], "excluded_lines": [], "start_line": 49, "executed_branches": [], "missing_branches": []}, "": {"executed_lines": [3, 5, 6, 8, 9, 12, 15, 16, 17, 18, 21, 24, 25, 26, 29, 32, 33, 34, 35, 38, 41, 42, 43, 44, 45, 46, 49, 53, 54, 55, 56, 59, 60, 61, 64, 65, 66, 68, 75], "summary": {"covered_lines": 39, "num_statements": 39, "percent_covered": 100.0, "percent_covered_display": "100.00", "missing_lines": 0, "excluded_lines": 0, "percent_statements_covered": 100.0, "percent_statements_covered_display": "100.00", "num_branches": 0, "num_partial_branches": 0, "covered_branches": 0, "missing_branches": 0, "percent_branches_covered": 100.0, "percent_branches_covered_display": "100.00"}, "missing_lines": [], "excluded_lines": [], "start_line": 1, "executed_branches": [], "missing_branches": []}}}, "akosha/ingestion/__init__.py": {"executed_lines": [7, 8, 9, 11], "summary": {"covered_lines": 4, "num_statements": 4, "percent_covered": 100.0, "percent_covered_display": "100.00", "missing_lines": 0, "excluded_lines": 0, "percent_statements_covered": 100.0, "percent_statements_covered_display": "100.00", "num_branches": 0, "num_partial_branches": 0, "covered_branches": 0, "missing_branches": 0, "percent_branches_covered": 100.0, "percent_branches_covered_display": "100.00"}, "missing_lines": [], "excluded_lines": [], "executed_branches": [], "missing_branches": [], "functions": {"": {"executed_lines": [7, 8, 9, 11], "summary": {"covered_lines": 4, "num_statements": 4, "percent_covered": 100.0, "percent_covered_display": "100.00", "missing_lines": 0, "excluded_lines": 0, "percent_statements_covered": 100.0, "percent_statements_covered_display": "100.00", "num_branches": 0, "num_partial_branches": 0, "covered_branches": 0, "missing_branches": 0, "percent_branches_covered": 100.0, "percent_branches_covered_display": "100.00"}, "missing_lines": [], "excluded_lines": [], "start_line": 1, "executed_branches": [], "missing_branches": []}}, "classes": {"": {"executed_lines": [7, 8, 9, 11], "summary": {"covered_lines": 4, "num_statements": 4, "percent_covered": 100.0, "percent_covered_display": "100.00", "missing_lines": 0, "excluded_lines": 0, "percent_statements_covered": 100.0, "percent_statements_covered_display": "100.00", "num_branches": 0, "num_partial_branches": 0, "covered_branches": 0, "missing_branches": 0, "percent_branches_covered": 100.0, "percent_branches_covered_display": "100.00"}, "missing_lines": [], "excluded_lines": [], "start_line": 1, "executed_branches": [], "missing_branches": []}}}, "akosha/ingestion/code_graph_ingester.py": {"executed_lines": [8, 10, 11, 12, 13, 15, 20, 23, 30, 56, 72, 93, 144, 192, 257], "summary": {"covered_lines": 15, "num_statements": 112, "percent_covered": 10.714285714285714, "percent_covered_display": "10.71", "missing_lines": 97, "excluded_lines": 2, "percent_statements_covered": 13.392857142857142, "percent_statements_covered_display": "13.39", "num_branches": 28, "num_partial_branches": 0, "covered_branches": 0, "missing_branches": 28, "percent_branches_covered": 0.0, "percent_branches_covered_display": "0.00"}, "missing_lines": [45, 46, 47, 48, 49, 50, 51, 54, 58, 59, 60, 63, 65, 66, 67, 74, 75, 77, 79, 80, 81, 83, 84, 87, 88, 89, 91, 98, 99, 100, 102, 104, 105, 108, 110, 114, 115, 118, 119, 122, 123, 124, 125, 131, 133, 134, 135, 136, 137, 139, 142, 150, 151, 152, 154, 155, 156, 161, 162, 164, 166, 167, 168, 171, 172, 179, 180, 181, 183, 185, 186, 187, 188, 189, 190, 201, 202, 204, 206, 207, 215, 216, 218, 220, 221, 222, 225, 235, 243, 248, 250, 251, 252, 253, 254, 255, 263], "excluded_lines": [17, 18], "executed_branches": [], "missing_branches": [[58, 59], [58, 63], [74, 75], [74, 77], [79, 80], [79, 87], [87, 88], [87, 91], [99, 100], [99, 142], [104, 105], [104, 131], [122, 123], [122, 131], [123, 122], [123, 124], [150, 151], [150, 154], [166, 167], [166, 171], [179, 180], [179, 183], [180, 179], [180, 181], [201, 202], [201, 204], [220, 221], [220, 225]], "functions": {"CodeGraphIngester.__init__": {"executed_lines": [], "summary": {"covered_lines": 0, "num_statements": 8, "percent_covered": 0.0, "percent_covered_display": "0.00", "missing_lines": 8, "excluded_lines": 0, "percent_statements_covered": 0.0, "percent_statements_covered_display": "0.00", "num_branches": 0, "num_partial_branches": 0, "covered_branches": 0, "missing_branches": 0, "percent_branches_covered": 100.0, "percent_branches_covered_display": "100.00"}, "missing_lines": [45, 46, 47, 48, 49, 50, 51, 54], "excluded_lines": [], "start_line": 30, "executed_branches": [], "missing_branches": []}, "CodeGraphIngester.start": {"executed_lines": [], "summary": {"covered_lines": 0, "num_statements": 7, "percent_covered": 0.0, "percent_covered_display": "0.00", "missing_lines": 7, "excluded_lines": 0, "percent_statements_covered": 0.0, "percent_statements_covered_display": "0.00", "num_branches": 2, "num_partial_branches": 0, "covered_branches": 0, "missing_branches": 2, "percent_branches_covered": 0.0, "percent_branches_covered_display": "0.00"}, "missing_lines": [58, 59, 60, 63, 65, 66, 67], "excluded_lines": [], "start_line": 56, "executed_branches": [], "missing_branches": [[58, 59], [58, 63]]}, "CodeGraphIngester.stop": {"executed_lines": [], "summary": {"covered_lines": 0, "num_statements": 12, "percent_covered": 0.0, "percent_covered_display": "0.00", "missing_lines": 12, "excluded_lines": 0, "percent_statements_covered": 0.0, "percent_statements_covered_display": "0.00", "num_branches": 6, "num_partial_branches": 0, "covered_branches": 0, "missing_branches": 6, "percent_branches_covered": 0.0, "percent_branches_covered_display": "0.00"}, "missing_lines": [74, 75, 77, 79, 80, 81, 83, 84, 87, 88, 89, 91], "excluded_lines": [], "start_line": 72, "executed_branches": [], "missing_branches": [[74, 75], [74, 77], [79, 80], [79, 87], [87, 88], [87, 91]]}, "CodeGraphIngester._polling_loop": {"executed_lines": [], "summary": {"covered_lines": 0, "num_statements": 22, "percent_covered": 0.0, "percent_covered_display": "0.00", "missing_lines": 22, "excluded_lines": 0, "percent_statements_covered": 0.0, "percent_statements_covered_display": "0.00", "num_branches": 8, "num_partial_branches": 0, "covered_branches": 0, "missing_branches": 8, "percent_branches_covered": 0.0, "percent_branches_covered_display": "0.00"}, "missing_lines": [98, 99, 100, 102, 104, 105, 108, 110, 118, 119, 122, 123, 124, 125, 131, 133, 134, 135, 136, 137, 139, 142], "excluded_lines": [], "start_line": 93, "executed_branches": [], "missing_branches": [[99, 100], [99, 142], [104, 105], [104, 131], [122, 123], [122, 131], [123, 122], [123, 124]]}, "CodeGraphIngester._polling_loop.process_with_semaphore": {"executed_lines": [], "summary": {"covered_lines": 0, "num_statements": 2, "percent_covered": 0.0, "percent_covered_display": "0.00", "missing_lines": 2, "excluded_lines": 0, "percent_statements_covered": 0.0, "percent_statements_covered_display": "0.00", "num_branches": 0, "num_partial_branches": 0, "covered_branches": 0, "missing_branches": 0, "percent_branches_covered": 100.0, "percent_branches_covered_display": "100.00"}, "missing_lines": [114, 115], "excluded_lines": [], "start_line": 110, "executed_branches": [], "missing_branches": []}, "CodeGraphIngester._discover_code_graphs": {"executed_lines": [], "summary": {"covered_lines": 0, "num_statements": 24, "percent_covered": 0.0, "percent_covered_display": "0.00", "missing_lines": 24, "excluded_lines": 0, "percent_statements_covered": 0.0, "percent_statements_covered_display": "0.00", "num_branches": 8, "num_partial_branches": 0, "covered_branches": 0, "missing_branches": 8, "percent_branches_covered": 0.0, "percent_branches_covered_display": "0.00"}, "missing_lines": [150, 151, 152, 154, 155, 156, 161, 162, 164, 166, 167, 168, 171, 172, 179, 180, 181, 183, 185, 186, 187, 188, 189, 190], "excluded_lines": [], "start_line": 144, "executed_branches": [], "missing_branches": [[150, 151], [150, 154], [166, 167], [166, 171], [179, 180], [179, 183], [180, 179], [180, 181]]}, "CodeGraphIngester._ingest_code_graph": {"executed_lines": [], "summary": {"covered_lines": 0, "num_statements": 21, "percent_covered": 0.0, "percent_covered_display": "0.00", "missing_lines": 21, "excluded_lines": 0, "percent_statements_covered": 0.0, "percent_statements_covered_display": "0.00", "num_branches": 4, "num_partial_branches": 0, "covered_branches": 0, "missing_branches": 4, "percent_branches_covered": 0.0, "percent_branches_covered_display": "0.00"}, "missing_lines": [201, 202, 204, 206, 207, 215, 216, 218, 220, 221, 222, 225, 235, 243, 248, 250, 251, 252, 253, 254, 255], "excluded_lines": [], "start_line": 192, "executed_branches": [], "missing_branches": [[201, 202], [201, 204], [220, 221], [220, 225]]}, "CodeGraphIngester.get_ingestion_status": {"executed_lines": [], "summary": {"covered_lines": 0, "num_statements": 1, "percent_covered": 0.0, "percent_covered_display": "0.00", "missing_lines": 1, "excluded_lines": 0, "percent_statements_covered": 0.0, "percent_statements_covered_display": "0.00", "num_branches": 0, "num_partial_branches": 0, "covered_branches": 0, "missing_branches": 0, "percent_branches_covered": 100.0, "percent_branches_covered_display": "100.00"}, "missing_lines": [263], "excluded_lines": [], "start_line": 257, "executed_branches": [], "missing_branches": []}, "": {"executed_lines": [8, 10, 11, 12, 13, 15, 20, 23, 30, 56, 72, 93, 144, 192, 257], "summary": {"covered_lines": 15, "num_statements": 15, "percent_covered": 100.0, "percent_covered_display": "100.00", "missing_lines": 0, "excluded_lines": 2, "percent_statements_covered": 100.0, "percent_statements_covered_display": "100.00", "num_branches": 0, "num_partial_branches": 0, "covered_branches": 0, "missing_branches": 0, "percent_branches_covered": 100.0, "percent_branches_covered_display": "100.00"}, "missing_lines": [], "excluded_lines": [17, 18], "start_line": 1, "executed_branches": [], "missing_branches": []}}, "classes": {"CodeGraphIngester": {"executed_lines": [], "summary": {"covered_lines": 0, "num_statements": 97, "percent_covered": 0.0, "percent_covered_display": "0.00", "missing_lines": 97, "excluded_lines": 0, "percent_statements_covered": 0.0, "percent_statements_covered_display": "0.00", "num_branches": 28, "num_partial_branches": 0, "covered_branches": 0, "missing_branches": 28, "percent_branches_covered": 0.0, "percent_branches_covered_display": "0.00"}, "missing_lines": [45, 46, 47, 48, 49, 50, 51, 54, 58, 59, 60, 63, 65, 66, 67, 74, 75, 77, 79, 80, 81, 83, 84, 87, 88, 89, 91, 98, 99, 100, 102, 104, 105, 108, 110, 114, 115, 118, 119, 122, 123, 124, 125, 131, 133, 134, 135, 136, 137, 139, 142, 150, 151, 152, 154, 155, 156, 161, 162, 164, 166, 167, 168, 171, 172, 179, 180, 181, 183, 185, 186, 187, 188, 189, 190, 201, 202, 204, 206, 207, 215, 216, 218, 220, 221, 222, 225, 235, 243, 248, 250, 251, 252, 253, 254, 255, 263], "excluded_lines": [], "start_line": 23, "executed_branches": [], "missing_branches": [[58, 59], [58, 63], [74, 75], [74, 77], [79, 80], [79, 87], [87, 88], [87, 91], [99, 100], [99, 142], [104, 105], [104, 131], [122, 123], [122, 131], [123, 122], [123, 124], [150, 151], [150, 154], [166, 167], [166, 171], [179, 180], [179, 183], [180, 179], [180, 181], [201, 202], [201, 204], [220, 221], [220, 225]]}, "": {"executed_lines": [8, 10, 11, 12, 13, 15, 20, 23, 30, 56, 72, 93, 144, 192, 257], "summary": {"covered_lines": 15, "num_statements": 15, "percent_covered": 100.0, "percent_covered_display": "100.00", "missing_lines": 0, "excluded_lines": 2, "percent_statements_covered": 100.0, "percent_statements_covered_display": "100.00", "num_branches": 0, "num_partial_branches": 0, "covered_branches": 0, "missing_branches": 0, "percent_branches_covered": 100.0, "percent_branches_covered_display": "100.00"}, "missing_lines": [], "excluded_lines": [17, 18], "start_line": 1, "executed_branches": [], "missing_branches": []}}}, "akosha/ingestion/orchestrator.py": {"executed_lines": [3, 4, 5, 8, 11, 17, 18, 19, 20, 22, 38, 40, 42, 43, 52, 53, 54, 56, 57, 62, 63, 64, 69, 71, 77, 79], "summary": {"covered_lines": 26, "num_statements": 28, "percent_covered": 86.11111111111111, "percent_covered_display": "86.11", "missing_lines": 2, "excluded_lines": 0, "percent_statements_covered": 92.85714285714286, "percent_statements_covered_display": "92.86", "num_branches": 8, "num_partial_branches": 1, "covered_branches": 5, "missing_branches": 3, "percent_branches_covered": 62.5, "percent_branches_covered_display": "62.50"}, "missing_lines": [46, 47], "excluded_lines": [], "executed_branches": [[40, 42], [40, 62], [42, 43], [62, 63], [62, 69]], "missing_branches": [[42, 46], [46, 47], [46, 52]], "functions": {"BootstrapOrchestrator.__init__": {"executed_lines": [17, 18, 19, 20], "summary": {"covered_lines": 4, "num_statements": 4, "percent_covered": 100.0, "percent_covered_display": "100.00", "missing_lines": 0, "excluded_lines": 0, "percent_statements_covered": 100.0, "percent_statements_covered_display": "100.00", "num_branches": 0, "num_partial_branches": 0, "covered_branches": 0, "missing_branches": 0, "percent_branches_covered": 100.0, "percent_branches_covered_display": "100.00"}, "missing_lines": [], "excluded_lines": [], "start_line": 11, "executed_branches": [], "missing_branches": []}, "BootstrapOrchestrator.trigger_ingestion": {"executed_lines": [38, 40, 42, 43, 52, 53, 54, 56, 57, 62, 63, 64, 69], "summary": {"covered_lines": 13, "num_statements": 15, "percent_covered": 78.26086956521739, "percent_covered_display": "78.26", "missing_lines": 2, "excluded_lines": 0, "percent_statements_covered": 86.66666666666667, "percent_statements_covered_display": "86.67", "num_branches": 8, "num_partial_branches": 1, "covered_branches": 5, "missing_branches": 3, "percent_branches_covered": 62.5, "percent_branches_covered_display": "62.50"}, "missing_lines": [46, 47], "excluded_lines": [], "start_line": 22, "executed_branches": [[40, 42], [40, 62], [42, 43], [62, 63], [62, 69]], "missing_branches": [[42, 46], [46, 47], [46, 52]]}, "BootstrapOrchestrator.report_health": {"executed_lines": [77, 79], "summary": {"covered_lines": 2, "num_statements": 2, "percent_covered": 100.0, "percent_covered_display": "100.00", "missing_lines": 0, "excluded_lines": 0, "percent_statements_covered": 100.0, "percent_statements_covered_display": "100.00", "num_branches": 0, "num_partial_branches": 0, "covered_branches": 0, "missing_branches": 0, "percent_branches_covered": 100.0, "percent_branches_covered_display": "100.00"}, "missing_lines": [], "excluded_lines": [], "start_line": 71, "executed_branches": [], "missing_branches": []}, "": {"executed_lines": [3, 4, 5, 8, 11, 22, 71], "summary": {"covered_lines": 7, "num_statements": 7, "percent_covered": 100.0, "percent_covered_display": "100.00", "missing_lines": 0, "excluded_lines": 0, "percent_statements_covered": 100.0, "percent_statements_covered_display": "100.00", "num_branches": 0, "num_partial_branches": 0, "covered_branches": 0, "missing_branches": 0, "percent_branches_covered": 100.0, "percent_branches_covered_display": "100.00"}, "missing_lines": [], "excluded_lines": [], "start_line": 1, "executed_branches": [], "missing_branches": []}}, "classes": {"BootstrapOrchestrator": {"executed_lines": [17, 18, 19, 20, 38, 40, 42, 43, 52, 53, 54, 56, 57, 62, 63, 64, 69, 77, 79], "summary": {"covered_lines": 19, "num_statements": 21, "percent_covered": 82.75862068965517, "percent_covered_display": "82.76", "missing_lines": 2, "excluded_lines": 0, "percent_statements_covered": 90.47619047619048, "percent_statements_covered_display": "90.48", "num_branches": 8, "num_partial_branches": 1, "covered_branches": 5, "missing_branches": 3, "percent_branches_covered": 62.5, "percent_branches_covered_display": "62.50"}, "missing_lines": [46, 47], "excluded_lines": [], "start_line": 8, "executed_branches": [[40, 42], [40, 62], [42, 43], [62, 63], [62, 69]], "missing_branches": [[42, 46], [46, 47], [46, 52]]}, "": {"executed_lines": [3, 4, 5, 8, 11, 22, 71], "summary": {"covered_lines": 7, "num_statements": 7, "percent_covered": 100.0, "percent_covered_display": "100.00", "missing_lines": 0, "excluded_lines": 0, "percent_statements_covered": 100.0, "percent_statements_covered_display": "100.00", "num_branches": 0, "num_partial_branches": 0, "covered_branches": 0, "missing_branches": 0, "percent_branches_covered": 100.0, "percent_branches_covered_display": "100.00"}, "missing_lines": [], "excluded_lines": [], "start_line": 1, "executed_branches": [], "missing_branches": []}}}, "akosha/ingestion/worker.py": {"executed_lines": [3, 5, 6, 7, 8, 9, 11, 12, 26, 29, 37, 38, 39, 41, 56, 57, 58, 59, 60, 62, 64, 65, 68, 70, 71, 73, 75, 76, 79, 81, 82, 85, 88, 91, 92, 100, 106, 117, 119, 121, 124, 128, 130, 139, 145, 146, 149, 152, 153, 156, 158, 159, 165, 175, 176, 177, 178, 179, 185, 216, 222, 223, 225, 234, 236, 238, 239, 243, 249, 250, 251, 252, 253, 259, 261, 272, 273, 274, 275, 276, 278, 279, 283, 288, 289, 290, 295, 296, 298, 309, 310, 311, 314, 315, 317, 326, 328, 329, 331, 341, 342, 343, 344, 345, 351, 353, 365, 367, 368, 371, 372, 375, 376, 377, 379, 381, 394, 396, 400, 401, 402, 406, 407, 409, 410, 411, 413, 421, 425, 427, 428, 429], "summary": {"covered_lines": 132, "num_statements": 176, "percent_covered": 73.00884955752213, "percent_covered_display": "73.01", "missing_lines": 44, "excluded_lines": 4, "percent_statements_covered": 75.0, "percent_statements_covered_display": "75.00", "num_branches": 50, "num_partial_branches": 13, "covered_branches": 33, "missing_branches": 17, "percent_branches_covered": 66.0, "percent_branches_covered_display": "66.00"}, "missing_lines": [93, 94, 102, 103, 104, 133, 135, 136, 137, 161, 162, 163, 181, 182, 183, 191, 193, 194, 197, 198, 201, 202, 203, 204, 206, 207, 209, 210, 212, 213, 214, 254, 258, 291, 312, 327, 346, 350, 369, 373, 397, 398, 403, 404], "excluded_lines": [19, 20, 22, 24], "executed_branches": [[70, -62], [70, 71], [75, 76], [91, 92], [91, 100], [92, 91], [128, 130], [251, 252], [251, 259], [253, 251], [273, 274], [273, 278], [275, 276], [278, 279], [278, 283], [289, 290], [289, 296], [290, 295], [310, 311], [310, 315], [311, 314], [326, 328], [343, 344], [343, 351], [345, 343], [367, 368], [367, 379], [368, 371], [372, 375], [376, 367], [376, 377], [396, 400], [402, 406]], "missing_branches": [[75, 100], [92, 93], [128, 133], [201, 202], [201, 209], [203, 204], [203, 206], [253, 254], [275, 273], [290, 291], [311, 312], [326, 327], [345, 346], [368, 369], [372, 373], [396, 397], [402, 403]], "functions": {"IngestionWorker.__init__": {"executed_lines": [56, 57, 58, 59, 60], "summary": {"covered_lines": 5, "num_statements": 5, "percent_covered": 100.0, "percent_covered_display": "100.00", "missing_lines": 0, "excluded_lines": 0, "percent_statements_covered": 100.0, "percent_statements_covered_display": "100.00", "num_branches": 0, "num_partial_branches": 0, "covered_branches": 0, "missing_branches": 0, "percent_branches_covered": 100.0, "percent_branches_covered_display": "100.00"}, "missing_lines": [], "excluded_lines": [], "start_line": 41, "executed_branches": [], "missing_branches": []}, "IngestionWorker.run": {"executed_lines": [64, 65, 68, 70, 71, 73, 75, 76, 79, 85, 88, 91, 92, 100], "summary": {"covered_lines": 14, "num_statements": 19, "percent_covered": 74.07407407407408, "percent_covered_display": "74.07", "missing_lines": 5, "excluded_lines": 0, "percent_statements_covered": 73.6842105263158, "percent_statements_covered_display": "73.68", "num_branches": 8, "num_partial_branches": 2, "covered_branches": 6, "missing_branches": 2, "percent_branches_covered": 75.0, "percent_branches_covered_display": "75.00"}, "missing_lines": [93, 94, 102, 103, 104], "excluded_lines": [], "start_line": 62, "executed_branches": [[70, -62], [70, 71], [75, 76], [91, 92], [91, 100], [92, 91]], "missing_branches": [[75, 100], [92, 93]]}, "IngestionWorker.run.process_with_semaphore": {"executed_lines": [81, 82], "summary": {"covered_lines": 2, "num_statements": 2, "percent_covered": 100.0, "percent_covered_display": "100.00", "missing_lines": 0, "excluded_lines": 0, "percent_statements_covered": 100.0, "percent_statements_covered_display": "100.00", "num_branches": 0, "num_partial_branches": 0, "covered_branches": 0, "missing_branches": 0, "percent_branches_covered": 100.0, "percent_branches_covered_display": "100.00"}, "missing_lines": [], "excluded_lines": [], "start_line": 79, "executed_branches": [], "missing_branches": []}, "IngestionWorker._discover_uploads": {"executed_lines": [117, 119, 121, 124, 128, 130], "summary": {"covered_lines": 6, "num_statements": 10, "percent_covered": 58.333333333333336, "percent_covered_display": "58.33", "missing_lines": 4, "excluded_lines": 0, "percent_statements_covered": 60.0, "percent_statements_covered_display": "60.00", "num_branches": 2, "num_partial_branches": 1, "covered_branches": 1, "missing_branches": 1, "percent_branches_covered": 50.0, "percent_branches_covered_display": "50.00"}, "missing_lines": [133, 135, 136, 137], "excluded_lines": [], "start_line": 106, "executed_branches": [[128, 130]], "missing_branches": [[128, 133]]}, "IngestionWorker._discover_uploads_concurrent": {"executed_lines": [145, 146, 149, 152, 153, 156, 158, 159], "summary": {"covered_lines": 8, "num_statements": 11, "percent_covered": 72.72727272727273, "percent_covered_display": "72.73", "missing_lines": 3, "excluded_lines": 0, "percent_statements_covered": 72.72727272727273, "percent_statements_covered_display": "72.73", "num_branches": 0, "num_partial_branches": 0, "covered_branches": 0, "missing_branches": 0, "percent_branches_covered": 100.0, "percent_branches_covered_display": "100.00"}, "missing_lines": [161, 162, 163], "excluded_lines": [], "start_line": 139, "executed_branches": [], "missing_branches": []}, "IngestionWorker._scan_system": {"executed_lines": [175, 176, 177, 178, 179], "summary": {"covered_lines": 5, "num_statements": 8, "percent_covered": 62.5, "percent_covered_display": "62.50", "missing_lines": 3, "excluded_lines": 0, "percent_statements_covered": 62.5, "percent_statements_covered_display": "62.50", "num_branches": 0, "num_partial_branches": 0, "covered_branches": 0, "missing_branches": 0, "percent_branches_covered": 100.0, "percent_branches_covered_display": "100.00"}, "missing_lines": [181, 182, 183], "excluded_lines": [], "start_line": 165, "executed_branches": [], "missing_branches": []}, "IngestionWorker._discover_uploads_sequential": {"executed_lines": [], "summary": {"covered_lines": 0, "num_statements": 16, "percent_covered": 0.0, "percent_covered_display": "0.00", "missing_lines": 16, "excluded_lines": 0, "percent_statements_covered": 0.0, "percent_statements_covered_display": "0.00", "num_branches": 4, "num_partial_branches": 0, "covered_branches": 0, "missing_branches": 4, "percent_branches_covered": 0.0, "percent_branches_covered_display": "0.00"}, "missing_lines": [191, 193, 194, 197, 198, 201, 202, 203, 204, 206, 207, 209, 210, 212, 213, 214], "excluded_lines": [], "start_line": 185, "executed_branches": [], "missing_branches": [[201, 202], [201, 209], [203, 204], [203, 206]]}, "IngestionWorker._process_upload": {"executed_lines": [222, 223, 225, 234], "summary": {"covered_lines": 4, "num_statements": 4, "percent_covered": 100.0, "percent_covered_display": "100.00", "missing_lines": 0, "excluded_lines": 0, "percent_statements_covered": 100.0, "percent_statements_covered_display": "100.00", "num_branches": 0, "num_partial_branches": 0, "covered_branches": 0, "missing_branches": 0, "percent_branches_covered": 100.0, "percent_branches_covered_display": "100.00"}, "missing_lines": [], "excluded_lines": [], "start_line": 216, "executed_branches": [], "missing_branches": []}, "IngestionWorker.stop": {"executed_lines": [238, 239], "summary": {"covered_lines": 2, "num_statements": 2, "percent_covered": 100.0, "percent_covered_display": "100.00", "missing_lines": 0, "excluded_lines": 0, "percent_statements_covered": 100.0, "percent_statements_covered_display": "100.00", "num_branches": 0, "num_partial_branches": 0, "covered_branches": 0, "missing_branches": 0, "percent_branches_covered": 100.0, "percent_branches_covered_display": "100.00"}, "missing_lines": [], "excluded_lines": [], "start_line": 236, "executed_branches": [], "missing_branches": []}, "IngestionWorker._collect_system_prefixes": {"executed_lines": [249, 250, 251, 252, 253, 259], "summary": {"covered_lines": 6, "num_statements": 8, "percent_covered": 75.0, "percent_covered_display": "75.00", "missing_lines": 2, "excluded_lines": 0, "percent_statements_covered": 75.0, "percent_statements_covered_display": "75.00", "num_branches": 4, "num_partial_branches": 1, "covered_branches": 3, "missing_branches": 1, "percent_branches_covered": 75.0, "percent_branches_covered_display": "75.00"}, "missing_lines": [254, 258], "excluded_lines": [], "start_line": 243, "executed_branches": [[251, 252], [251, 259], [253, 251]], "missing_branches": [[253, 254]]}, "IngestionWorker._scan_systems_concurrent": {"executed_lines": [272, 273, 274, 275, 276, 278, 279, 283, 288, 289, 290, 295, 296], "summary": {"covered_lines": 13, "num_statements": 14, "percent_covered": 87.5, "percent_covered_display": "87.50", "missing_lines": 1, "excluded_lines": 0, "percent_statements_covered": 92.85714285714286, "percent_statements_covered_display": "92.86", "num_branches": 10, "num_partial_branches": 2, "covered_branches": 8, "missing_branches": 2, "percent_branches_covered": 80.0, "percent_branches_covered_display": "80.00"}, "missing_lines": [291], "excluded_lines": [], "start_line": 261, "executed_branches": [[273, 274], [273, 278], [275, 276], [278, 279], [278, 283], [289, 290], [289, 296], [290, 295]], "missing_branches": [[275, 273], [290, 291]]}, "IngestionWorker._flatten_scan_results": {"executed_lines": [309, 310, 311, 314, 315], "summary": {"covered_lines": 5, "num_statements": 6, "percent_covered": 80.0, "percent_covered_display": "80.00", "missing_lines": 1, "excluded_lines": 0, "percent_statements_covered": 83.33333333333333, "percent_statements_covered_display": "83.33", "num_branches": 4, "num_partial_branches": 1, "covered_branches": 3, "missing_branches": 1, "percent_branches_covered": 75.0, "percent_branches_covered_display": "75.00"}, "missing_lines": [312], "excluded_lines": [], "start_line": 298, "executed_branches": [[310, 311], [310, 315], [311, 314]], "missing_branches": [[311, 312]]}, "IngestionWorker._extract_system_id": {"executed_lines": [326, 328, 329], "summary": {"covered_lines": 3, "num_statements": 4, "percent_covered": 66.66666666666667, "percent_covered_display": "66.67", "missing_lines": 1, "excluded_lines": 0, "percent_statements_covered": 75.0, "percent_statements_covered_display": "75.00", "num_branches": 2, "num_partial_branches": 1, "covered_branches": 1, "missing_branches": 1, "percent_branches_covered": 50.0, "percent_branches_covered_display": "50.00"}, "missing_lines": [327], "excluded_lines": [], "start_line": 317, "executed_branches": [[326, 328]], "missing_branches": [[326, 327]]}, "IngestionWorker._collect_upload_prefixes": {"executed_lines": [341, 342, 343, 344, 345, 351], "summary": {"covered_lines": 6, "num_statements": 8, "percent_covered": 75.0, "percent_covered_display": "75.00", "missing_lines": 2, "excluded_lines": 0, "percent_statements_covered": 75.0, "percent_statements_covered_display": "75.00", "num_branches": 4, "num_partial_branches": 1, "covered_branches": 3, "missing_branches": 1, "percent_branches_covered": 75.0, "percent_branches_covered_display": "75.00"}, "missing_lines": [346, 350], "excluded_lines": [], "start_line": 331, "executed_branches": [[343, 344], [343, 351], [345, 343]], "missing_branches": [[345, 346]]}, "IngestionWorker._process_upload_prefixes": {"executed_lines": [365, 367, 368, 371, 372, 375, 376, 377, 379], "summary": {"covered_lines": 9, "num_statements": 11, "percent_covered": 78.94736842105263, "percent_covered_display": "78.95", "missing_lines": 2, "excluded_lines": 0, "percent_statements_covered": 81.81818181818181, "percent_statements_covered_display": "81.82", "num_branches": 8, "num_partial_branches": 2, "covered_branches": 6, "missing_branches": 2, "percent_branches_covered": 75.0, "percent_branches_covered_display": "75.00"}, "missing_lines": [369, 373], "excluded_lines": [], "start_line": 353, "executed_branches": [[367, 368], [367, 379], [368, 371], [372, 375], [376, 367], [376, 377]], "missing_branches": [[368, 369], [372, 373]]}, "IngestionWorker._try_create_upload": {"executed_lines": [394, 396, 400, 401, 402, 406, 407, 409, 410, 411, 413, 421, 425, 427, 428, 429], "summary": {"covered_lines": 16, "num_statements": 20, "percent_covered": 75.0, "percent_covered_display": "75.00", "missing_lines": 4, "excluded_lines": 0, "percent_statements_covered": 80.0, "percent_statements_covered_display": "80.00", "num_branches": 4, "num_partial_branches": 2, "covered_branches": 2, "missing_branches": 2, "percent_branches_covered": 50.0, "percent_branches_covered_display": "50.00"}, "missing_lines": [397, 398, 403, 404], "excluded_lines": [], "start_line": 381, "executed_branches": [[396, 400], [402, 406]], "missing_branches": [[396, 397], [402, 403]]}, "": {"executed_lines": [3, 5, 6, 7, 8, 9, 11, 12, 26, 29, 37, 38, 39, 41, 62, 106, 139, 165, 185, 216, 236, 243, 261, 298, 317, 331, 353, 381], "summary": {"covered_lines": 28, "num_statements": 28, "percent_covered": 100.0, "percent_covered_display": "100.00", "missing_lines": 0, "excluded_lines": 4, "percent_statements_covered": 100.0, "percent_statements_covered_display": "100.00", "num_branches": 0, "num_partial_branches": 0, "covered_branches": 0, "missing_branches": 0, "percent_branches_covered": 100.0, "percent_branches_covered_display": "100.00"}, "missing_lines": [], "excluded_lines": [19, 20, 22, 24], "start_line": 1, "executed_branches": [], "missing_branches": []}}, "classes": {"IngestionWorker": {"executed_lines": [56, 57, 58, 59, 60, 64, 65, 68, 70, 71, 73, 75, 76, 79, 81, 82, 85, 88, 91, 92, 100, 117, 119, 121, 124, 128, 130, 145, 146, 149, 152, 153, 156, 158, 159, 175, 176, 177, 178, 179, 222, 223, 225, 234, 238, 239, 249, 250, 251, 252, 253, 259, 272, 273, 274, 275, 276, 278, 279, 283, 288, 289, 290, 295, 296, 309, 310, 311, 314, 315, 326, 328, 329, 341, 342, 343, 344, 345, 351, 365, 367, 368, 371, 372, 375, 376, 377, 379, 394, 396, 400, 401, 402, 406, 407, 409, 410, 411, 413, 421, 425, 427, 428, 429], "summary": {"covered_lines": 104, "num_statements": 148, "percent_covered": 69.1919191919192, "percent_covered_display": "69.19", "missing_lines": 44, "excluded_lines": 0, "percent_statements_covered": 70.27027027027027, "percent_statements_covered_display": "70.27", "num_branches": 50, "num_partial_branches": 13, "covered_branches": 33, "missing_branches": 17, "percent_branches_covered": 66.0, "percent_branches_covered_display": "66.00"}, "missing_lines": [93, 94, 102, 103, 104, 133, 135, 136, 137, 161, 162, 163, 181, 182, 183, 191, 193, 194, 197, 198, 201, 202, 203, 204, 206, 207, 209, 210, 212, 213, 214, 254, 258, 291, 312, 327, 346, 350, 369, 373, 397, 398, 403, 404], "excluded_lines": [], "start_line": 29, "executed_branches": [[70, -62], [70, 71], [75, 76], [91, 92], [91, 100], [92, 91], [128, 130], [251, 252], [251, 259], [253, 251], [273, 274], [273, 278], [275, 276], [278, 279], [278, 283], [289, 290], [289, 296], [290, 295], [310, 311], [310, 315], [311, 314], [326, 328], [343, 344], [343, 351], [345, 343], [367, 368], [367, 379], [368, 371], [372, 375], [376, 367], [376, 377], [396, 400], [402, 406]], "missing_branches": [[75, 100], [92, 93], [128, 133], [201, 202], [201, 209], [203, 204], [203, 206], [253, 254], [275, 273], [290, 291], [311, 312], [326, 327], [345, 346], [368, 369], [372, 373], [396, 397], [402, 403]]}, "": {"executed_lines": [3, 5, 6, 7, 8, 9, 11, 12, 26, 29, 37, 38, 39, 41, 62, 106, 139, 165, 185, 216, 236, 243, 261, 298, 317, 331, 353, 381], "summary": {"covered_lines": 28, "num_statements": 28, "percent_covered": 100.0, "percent_covered_display": "100.00", "missing_lines": 0, "excluded_lines": 4, "percent_statements_covered": 100.0, "percent_statements_covered_display": "100.00", "num_branches": 0, "num_partial_branches": 0, "covered_branches": 0, "missing_branches": 0, "percent_branches_covered": 100.0, "percent_branches_covered_display": "100.00"}, "missing_lines": [], "excluded_lines": [19, 20, 22, 24], "start_line": 1, "executed_branches": [], "missing_branches": []}}}, "akosha/main.py": {"executed_lines": [3, 5, 6, 7, 8, 10, 11, 13, 16, 19, 21, 22, 24, 43, 45, 46, 47, 49, 52, 55, 57, 59, 60, 61, 62, 65, 66, 67, 68, 69, 73, 76, 104], "summary": {"covered_lines": 33, "num_statements": 58, "percent_covered": 56.06060606060606, "percent_covered_display": "56.06", "missing_lines": 25, "excluded_lines": 0, "percent_statements_covered": 56.89655172413793, "percent_statements_covered_display": "56.90", "num_branches": 8, "num_partial_branches": 2, "covered_branches": 4, "missing_branches": 4, "percent_branches_covered": 50.0, "percent_branches_covered_display": "50.00"}, "missing_lines": [27, 30, 31, 32, 35, 38, 39, 40, 41, 71, 78, 81, 82, 85, 87, 88, 89, 91, 94, 95, 98, 99, 101, 105, 106], "excluded_lines": [], "executed_branches": [[66, 67], [66, 73], [67, 68], [104, -1]], "missing_branches": [[67, 71], [98, 99], [98, 101], [104, 105]], "functions": {"AkoshaApplication.__init__": {"executed_lines": [21, 22], "summary": {"covered_lines": 2, "num_statements": 2, "percent_covered": 100.0, "percent_covered_display": "100.00", "missing_lines": 0, "excluded_lines": 0, "percent_statements_covered": 100.0, "percent_statements_covered_display": "100.00", "num_branches": 0, "num_partial_branches": 0, "covered_branches": 0, "missing_branches": 0, "percent_branches_covered": 100.0, "percent_branches_covered_display": "100.00"}, "missing_lines": [], "excluded_lines": [], "start_line": 19, "executed_branches": [], "missing_branches": []}, "AkoshaApplication.start": {"executed_lines": [], "summary": {"covered_lines": 0, "num_statements": 9, "percent_covered": 0.0, "percent_covered_display": "0.00", "missing_lines": 9, "excluded_lines": 0, "percent_statements_covered": 0.0, "percent_statements_covered_display": "0.00", "num_branches": 0, "num_partial_branches": 0, "covered_branches": 0, "missing_branches": 0, "percent_branches_covered": 100.0, "percent_branches_covered_display": "100.00"}, "missing_lines": [27, 30, 31, 32, 35, 38, 39, 40, 41], "excluded_lines": [], "start_line": 24, "executed_branches": [], "missing_branches": []}, "AkoshaApplication._handle_shutdown": {"executed_lines": [45, 46, 47], "summary": {"covered_lines": 3, "num_statements": 3, "percent_covered": 100.0, "percent_covered_display": "100.00", "missing_lines": 0, "excluded_lines": 0, "percent_statements_covered": 100.0, "percent_statements_covered_display": "100.00", "num_branches": 0, "num_partial_branches": 0, "covered_branches": 0, "missing_branches": 0, "percent_branches_covered": 100.0, "percent_branches_covered_display": "100.00"}, "missing_lines": [], "excluded_lines": [], "start_line": 43, "executed_branches": [], "missing_branches": []}, "AkoshaApplication.stop": {"executed_lines": [52, 55, 57, 59, 60, 61, 62, 65, 66, 67, 68, 69, 73], "summary": {"covered_lines": 13, "num_statements": 14, "percent_covered": 88.88888888888889, "percent_covered_display": "88.89", "missing_lines": 1, "excluded_lines": 0, "percent_statements_covered": 92.85714285714286, "percent_statements_covered_display": "92.86", "num_branches": 4, "num_partial_branches": 1, "covered_branches": 3, "missing_branches": 1, "percent_branches_covered": 75.0, "percent_branches_covered_display": "75.00"}, "missing_lines": [71], "excluded_lines": [], "start_line": 49, "executed_branches": [[66, 67], [66, 73], [67, 68]], "missing_branches": [[67, 71]]}, "test_storage": {"executed_lines": [], "summary": {"covered_lines": 0, "num_statements": 13, "percent_covered": 0.0, "percent_covered_display": "0.00", "missing_lines": 13, "excluded_lines": 0, "percent_statements_covered": 0.0, "percent_statements_covered_display": "0.00", "num_branches": 2, "num_partial_branches": 0, "covered_branches": 0, "missing_branches": 2, "percent_branches_covered": 0.0, "percent_branches_covered_display": "0.00"}, "missing_lines": [78, 81, 82, 85, 87, 88, 89, 91, 94, 95, 98, 99, 101], "excluded_lines": [], "start_line": 76, "executed_branches": [], "missing_branches": [[98, 99], [98, 101]]}, "": {"executed_lines": [3, 5, 6, 7, 8, 10, 11, 13, 16, 19, 24, 43, 49, 76, 104], "summary": {"covered_lines": 15, "num_statements": 17, "percent_covered": 84.21052631578948, "percent_covered_display": "84.21", "missing_lines": 2, "excluded_lines": 0, "percent_statements_covered": 88.23529411764706, "percent_statements_covered_display": "88.24", "num_branches": 2, "num_partial_branches": 1, "covered_branches": 1, "missing_branches": 1, "percent_branches_covered": 50.0, "percent_branches_covered_display": "50.00"}, "missing_lines": [105, 106], "excluded_lines": [], "start_line": 1, "executed_branches": [[104, -1]], "missing_branches": [[104, 105]]}}, "classes": {"AkoshaApplication": {"executed_lines": [21, 22, 45, 46, 47, 52, 55, 57, 59, 60, 61, 62, 65, 66, 67, 68, 69, 73], "summary": {"covered_lines": 18, "num_statements": 28, "percent_covered": 65.625, "percent_covered_display": "65.62", "missing_lines": 10, "excluded_lines": 0, "percent_statements_covered": 64.28571428571429, "percent_statements_covered_display": "64.29", "num_branches": 4, "num_partial_branches": 1, "covered_branches": 3, "missing_branches": 1, "percent_branches_covered": 75.0, "percent_branches_covered_display": "75.00"}, "missing_lines": [27, 30, 31, 32, 35, 38, 39, 40, 41, 71], "excluded_lines": [], "start_line": 16, "executed_branches": [[66, 67], [66, 73], [67, 68]], "missing_branches": [[67, 71]]}, "": {"executed_lines": [3, 5, 6, 7, 8, 10, 11, 13, 16, 19, 24, 43, 49, 76, 104], "summary": {"covered_lines": 15, "num_statements": 30, "percent_covered": 47.05882352941177, "percent_covered_display": "47.06", "missing_lines": 15, "excluded_lines": 0, "percent_statements_covered": 50.0, "percent_statements_covered_display": "50.00", "num_branches": 4, "num_partial_branches": 1, "covered_branches": 1, "missing_branches": 3, "percent_branches_covered": 25.0, "percent_branches_covered_display": "25.00"}, "missing_lines": [78, 81, 82, 85, 87, 88, 89, 91, 94, 95, 98, 99, 101, 105, 106], "excluded_lines": [], "start_line": 1, "executed_branches": [[104, -1]], "missing_branches": [[98, 99], [98, 101], [104, 105]]}}}, "akosha/mcp/__init__.py": {"executed_lines": [3, 5, 7, 9, 18], "summary": {"covered_lines": 5, "num_statements": 9, "percent_covered": 45.45454545454545, "percent_covered_display": "45.45", "missing_lines": 4, "excluded_lines": 0, "percent_statements_covered": 55.55555555555556, "percent_statements_covered_display": "55.56", "num_branches": 2, "num_partial_branches": 0, "covered_branches": 0, "missing_branches": 2, "percent_branches_covered": 0.0, "percent_branches_covered_display": "0.00"}, "missing_lines": [20, 21, 23, 24], "excluded_lines": [], "executed_branches": [], "missing_branches": [[20, 21], [20, 24]], "functions": {"__getattr__": {"executed_lines": [], "summary": {"covered_lines": 0, "num_statements": 4, "percent_covered": 0.0, "percent_covered_display": "0.00", "missing_lines": 4, "excluded_lines": 0, "percent_statements_covered": 0.0, "percent_statements_covered_display": "0.00", "num_branches": 2, "num_partial_branches": 0, "covered_branches": 0, "missing_branches": 2, "percent_branches_covered": 0.0, "percent_branches_covered_display": "0.00"}, "missing_lines": [20, 21, 23, 24], "excluded_lines": [], "start_line": 18, "executed_branches": [], "missing_branches": [[20, 21], [20, 24]]}, "": {"executed_lines": [3, 5, 7, 9, 18], "summary": {"covered_lines": 5, "num_statements": 5, "percent_covered": 100.0, "percent_covered_display": "100.00", "missing_lines": 0, "excluded_lines": 0, "percent_statements_covered": 100.0, "percent_statements_covered_display": "100.00", "num_branches": 0, "num_partial_branches": 0, "covered_branches": 0, "missing_branches": 0, "percent_branches_covered": 100.0, "percent_branches_covered_display": "100.00"}, "missing_lines": [], "excluded_lines": [], "start_line": 1, "executed_branches": [], "missing_branches": []}}, "classes": {"": {"executed_lines": [3, 5, 7, 9, 18], "summary": {"covered_lines": 5, "num_statements": 9, "percent_covered": 45.45454545454545, "percent_covered_display": "45.45", "missing_lines": 4, "excluded_lines": 0, "percent_statements_covered": 55.55555555555556, "percent_statements_covered_display": "55.56", "num_branches": 2, "num_partial_branches": 0, "covered_branches": 0, "missing_branches": 2, "percent_branches_covered": 0.0, "percent_branches_covered_display": "0.00"}, "missing_lines": [20, 21, 23, 24], "excluded_lines": [], "start_line": 1, "executed_branches": [], "missing_branches": [[20, 21], [20, 24]]}}}, "akosha/mcp/__main__.py": {"executed_lines": [], "summary": {"covered_lines": 0, "num_statements": 5, "percent_covered": 0.0, "percent_covered_display": "0.00", "missing_lines": 5, "excluded_lines": 0, "percent_statements_covered": 0.0, "percent_statements_covered_display": "0.00", "num_branches": 2, "num_partial_branches": 0, "covered_branches": 0, "missing_branches": 2, "percent_branches_covered": 0.0, "percent_branches_covered_display": "0.00"}, "missing_lines": [3, 4, 6, 8, 10], "excluded_lines": [], "executed_branches": [], "missing_branches": [[3, -1], [3, 4]], "functions": {"": {"executed_lines": [], "summary": {"covered_lines": 0, "num_statements": 5, "percent_covered": 0.0, "percent_covered_display": "0.00", "missing_lines": 5, "excluded_lines": 0, "percent_statements_covered": 0.0, "percent_statements_covered_display": "0.00", "num_branches": 2, "num_partial_branches": 0, "covered_branches": 0, "missing_branches": 2, "percent_branches_covered": 0.0, "percent_branches_covered_display": "0.00"}, "missing_lines": [3, 4, 6, 8, 10], "excluded_lines": [], "start_line": 1, "executed_branches": [], "missing_branches": [[3, -1], [3, 4]]}}, "classes": {"": {"executed_lines": [], "summary": {"covered_lines": 0, "num_statements": 5, "percent_covered": 0.0, "percent_covered_display": "0.00", "missing_lines": 5, "excluded_lines": 0, "percent_statements_covered": 0.0, "percent_statements_covered_display": "0.00", "num_branches": 2, "num_partial_branches": 0, "covered_branches": 0, "missing_branches": 2, "percent_branches_covered": 0.0, "percent_branches_covered_display": "0.00"}, "missing_lines": [3, 4, 6, 8, 10], "excluded_lines": [], "start_line": 1, "executed_branches": [], "missing_branches": [[3, -1], [3, 4]]}}}, "akosha/mcp/auth.py": {"executed_lines": [7, 9, 10, 11, 12, 13, 15, 22, 25, 26, 27, 30, 33, 38, 125, 152, 185, 194, 196, 198, 199, 206, 207, 208, 219, 220, 226, 233, 234, 240], "summary": {"covered_lines": 30, "num_statements": 86, "percent_covered": 32.142857142857146, "percent_covered_display": "32.14", "missing_lines": 56, "excluded_lines": 3, "percent_statements_covered": 34.883720930232556, "percent_statements_covered_display": "34.88", "num_branches": 26, "num_partial_branches": 4, "covered_branches": 6, "missing_branches": 20, "percent_branches_covered": 23.076923076923077, "percent_branches_covered_display": "23.08"}, "missing_lines": [34, 35, 54, 55, 57, 59, 61, 62, 63, 68, 69, 71, 72, 73, 79, 80, 81, 84, 85, 87, 89, 100, 101, 102, 103, 106, 108, 110, 112, 113, 114, 115, 116, 117, 118, 119, 120, 122, 134, 136, 137, 140, 141, 142, 143, 144, 149, 170, 172, 173, 181, 182, 200, 227, 236, 237], "excluded_lines": [17, 18, 20], "executed_branches": [[196, 198], [199, 206], [207, 208], [207, 226], [219, 220], [226, 233]], "missing_branches": [[59, 61], [59, 68], [71, 72], [71, 79], [79, 80], [79, 84], [84, 85], [84, 87], [101, 102], [101, 106], [136, 137], [136, 140], [141, 142], [141, 149], [143, 144], [143, 149], [196, 236], [199, 200], [219, 226], [226, 227]], "functions": {"MCPAuthError.__init__": {"executed_lines": [], "summary": {"covered_lines": 0, "num_statements": 2, "percent_covered": 0.0, "percent_covered_display": "0.00", "missing_lines": 2, "excluded_lines": 0, "percent_statements_covered": 0.0, "percent_statements_covered_display": "0.00", "num_branches": 0, "num_partial_branches": 0, "covered_branches": 0, "missing_branches": 0, "percent_branches_covered": 100.0, "percent_branches_covered_display": "100.00"}, "missing_lines": [34, 35], "excluded_lines": [], "start_line": 33, "executed_branches": [], "missing_branches": []}, "require_auth": {"executed_lines": [], "summary": {"covered_lines": 0, "num_statements": 3, "percent_covered": 0.0, "percent_covered_display": "0.00", "missing_lines": 3, "excluded_lines": 0, "percent_statements_covered": 0.0, "percent_statements_covered_display": "0.00", "num_branches": 0, "num_partial_branches": 0, "covered_branches": 0, "missing_branches": 0, "percent_branches_covered": 100.0, "percent_branches_covered_display": "100.00"}, "missing_lines": [54, 55, 122], "excluded_lines": [], "start_line": 38, "executed_branches": [], "missing_branches": []}, "require_auth.wrapper": {"executed_lines": [], "summary": {"covered_lines": 0, "num_statements": 33, "percent_covered": 0.0, "percent_covered_display": "0.00", "missing_lines": 33, "excluded_lines": 0, "percent_statements_covered": 0.0, "percent_statements_covered_display": "0.00", "num_branches": 10, "num_partial_branches": 0, "covered_branches": 0, "missing_branches": 10, "percent_branches_covered": 0.0, "percent_branches_covered_display": "0.00"}, "missing_lines": [57, 59, 61, 62, 63, 68, 69, 71, 72, 73, 79, 80, 81, 84, 85, 87, 89, 100, 101, 102, 103, 106, 108, 110, 112, 113, 114, 115, 116, 117, 118, 119, 120], "excluded_lines": [], "start_line": 55, "executed_branches": [], "missing_branches": [[59, 61], [59, 68], [71, 72], [71, 79], [79, 80], [79, 84], [84, 85], [84, 87], [101, 102], [101, 106]]}, "_get_jwt_secret": {"executed_lines": [], "summary": {"covered_lines": 0, "num_statements": 9, "percent_covered": 0.0, "percent_covered_display": "0.00", "missing_lines": 9, "excluded_lines": 0, "percent_statements_covered": 0.0, "percent_statements_covered_display": "0.00", "num_branches": 6, "num_partial_branches": 0, "covered_branches": 0, "missing_branch
[...]
 [36, 37, 40, 54, 55, 60, 61, 64, 66, 70, 74, 76, 80, 84, 86, 90, 94], "summary": {"covered_lines": 17, "num_statements": 23, "percent_covered": 73.91304347826087, "percent_covered_display": "73.91", "missing_lines": 6, "excluded_lines": 0, "percent_statements_covered": 73.91304347826087, "percent_statements_covered_display": "73.91", "num_branches": 0, "num_partial_branches": 0, "covered_branches": 0, "missing_branches": 0, "percent_branches_covered": 100.0, "percent_branches_covered_display": "100.00"}, "missing_lines": [71, 72, 81, 82, 91, 92], "excluded_lines": [], "start_line": 34, "executed_branches": [], "missing_branches": []}, "HotStore.insert": {"executed_lines": [102, 103, 104, 106], "summary": {"covered_lines": 4, "num_statements": 4, "percent_covered": 100.0, "percent_covered_display": "100.00", "missing_lines": 0, "excluded_lines": 0, "percent_statements_covered": 100.0, "percent_statements_covered_display": "100.00", "num_branches": 2, "num_partial_branches": 0, "covered_branches": 2, "missing_branches": 0, "percent_branches_covered": 100.0, "percent_branches_covered_display": "100.00"}, "missing_lines": [], "excluded_lines": [], "start_line": 96, "executed_branches": [[103, 104], [103, 106]], "missing_branches": []}, "HotStore.search_similar": {"executed_lines": [141, 142, 143, 146, 148, 149, 153, 154, 167, 169, 181, 184], "summary": {"covered_lines": 12, "num_statements": 12, "percent_covered": 100.0, "percent_covered_display": "100.00", "missing_lines": 0, "excluded_lines": 0, "percent_statements_covered": 100.0, "percent_statements_covered_display": "100.00", "num_branches": 4, "num_partial_branches": 0, "covered_branches": 4, "missing_branches": 0, "percent_branches_covered": 100.0, "percent_branches_covered_display": "100.00"}, "missing_lines": [], "excluded_lines": [], "start_line": 123, "executed_branches": [[142, 143], [142, 146], [153, 154], [153, 169]], "missing_branches": []}, "HotStore._compute_content_hash": {"executed_lines": [200], "summary": {"covered_lines": 1, "num_statements": 1, "percent_covered": 100.0, "percent_covered_display": "100.00", "missing_lines": 0, "excluded_lines": 0, "percent_statements_covered": 100.0, "percent_statements_covered_display": "100.00", "num_branches": 0, "num_partial_branches": 0, "covered_branches": 0, "missing_branches": 0, "percent_branches_covered": 100.0, "percent_branches_covered_display": "100.00"}, "missing_lines": [], "excluded_lines": [], "start_line": 198, "executed_branches": [], "missing_branches": []}, "HotStore.close": {"executed_lines": [204, 205, 206, 207], "summary": {"covered_lines": 4, "num_statements": 4, "percent_covered": 83.33333333333333, "percent_covered_display": "83.33", "missing_lines": 0, "excluded_lines": 0, "percent_statements_covered": 100.0, "percent_statements_covered_display": "100.00", "num_branches": 2, "num_partial_branches": 1, "covered_branches": 1, "missing_branches": 1, "percent_branches_covered": 50.0, "percent_branches_covered_display": "50.00"}, "missing_lines": [], "excluded_lines": [], "start_line": 202, "executed_branches": [[205, 206]], "missing_branches": [[205, -202]]}, "HotStore.initialize_code_graphs_table": {"executed_lines": [], "summary": {"covered_lines": 0, "num_statements": 20, "percent_covered": 0.0, "percent_covered_display": "0.00", "missing_lines": 20, "excluded_lines": 0, "percent_statements_covered": 0.0, "percent_statements_covered_display": "0.00", "num_branches": 2, "num_partial_branches": 0, "covered_branches": 0, "missing_branches": 2, "percent_branches_covered": 0.0, "percent_branches_covered_display": "0.00"}, "missing_lines": [211, 212, 213, 216, 229, 230, 234, 235, 236, 238, 239, 243, 244, 245, 247, 248, 252, 253, 254, 256], "excluded_lines": [], "start_line": 209, "executed_branches": [], "missing_branches": [[212, 213], [212, 216]]}, "HotStore.store_code_graph": {"executed_lines": [], "summary": {"covered_lines": 0, "num_statements": 5, "percent_covered": 0.0, "percent_covered_display": "0.00", "missing_lines": 5, "excluded_lines": 0, "percent_statements_covered": 0.0, "percent_statements_covered_display": "0.00", "num_branches": 2, "num_partial_branches": 0, "covered_branches": 0, "missing_branches": 2, "percent_branches_covered": 0.0, "percent_branches_covered_display": "0.00"}, "missing_lines": [275, 276, 277, 279, 281], "excluded_lines": [], "start_line": 258, "executed_branches": [], "missing_branches": [[276, 277], [276, 279]]}, "HotStore.get_code_graph": {"executed_lines": [], "summary": {"covered_lines": 0, "num_statements": 8, "percent_covered": 0.0, "percent_covered_display": "0.00", "missing_lines": 8, "excluded_lines": 0, "percent_statements_covered": 0.0, "percent_statements_covered_display": "0.00", "num_branches": 4, "num_partial_branches": 0, "covered_branches": 0, "missing_branches": 4, "percent_branches_covered": 0.0, "percent_branches_covered_display": "0.00"}, "missing_lines": [311, 312, 313, 315, 324, 325, 327, 329], "excluded_lines": [], "start_line": 297, "executed_branches": [], "missing_branches": [[312, 313], [312, 315], [324, 325], [324, 327]]}, "HotStore.list_code_graphs": {"executed_lines": [], "summary": {"covered_lines": 0, "num_statements": 7, "percent_covered": 0.0, "percent_covered_display": "0.00", "missing_lines": 7, "excluded_lines": 0, "percent_statements_covered": 0.0, "percent_statements_covered_display": "0.00", "num_branches": 4, "num_partial_branches": 0, "covered_branches": 0, "missing_branches": 4, "percent_branches_covered": 0.0, "percent_branches_covered_display": "0.00"}, "missing_lines": [352, 353, 354, 356, 357, 368, 378], "excluded_lines": [], "start_line": 338, "executed_branches": [], "missing_branches": [[353, 354], [353, 356], [356, 357], [356, 368]]}, "": {"executed_lines": [3, 5, 6, 7, 8, 9, 11, 18, 21, 24, 34, 96, 123, 197, 198, 202, 209, 258, 297, 338], "summary": {"covered_lines": 20, "num_statements": 20, "percent_covered": 100.0, "percent_covered_display": "100.00", "missing_lines": 0, "excluded_lines": 3, "percent_statements_covered": 100.0, "percent_statements_covered_display": "100.00", "num_branches": 0, "num_partial_branches": 0, "covered_branches": 0, "missing_branches": 0, "percent_branches_covered": 100.0, "percent_branches_covered_display": "100.00"}, "missing_lines": [], "excluded_lines": [13, 14, 16], "start_line": 1, "executed_branches": [], "missing_branches": []}}, "classes": {"HotStore": {"executed_lines": [30, 31, 32, 36, 37, 40, 54, 55, 60, 61, 64, 66, 70, 74, 76, 80, 84, 86, 90, 94, 102, 103, 104, 106, 141, 142, 143, 146, 148, 149, 153, 154, 167, 169, 181, 184, 200, 204, 205, 206, 207], "summary": {"covered_lines": 41, "num_statements": 87, "percent_covered": 44.85981308411215, "percent_covered_display": "44.86", "missing_lines": 46, "excluded_lines": 0, "percent_statements_covered": 47.12643678160919, "percent_statements_covered_display": "47.13", "num_branches": 20, "num_partial_branches": 1, "covered_branches": 7, "missing_branches": 13, "percent_branches_covered": 35.0, "percent_branches_covered_display": "35.00"}, "missing_lines": [71, 72, 81, 82, 91, 92, 211, 212, 213, 216, 229, 230, 234, 235, 236, 238, 239, 243, 244, 245, 247, 248, 252, 253, 254, 256, 275, 276, 277, 279, 281, 311, 312, 313, 315, 324, 325, 327, 329, 352, 353, 354, 356, 357, 368, 378], "excluded_lines": [], "start_line": 21, "executed_branches": [[103, 104], [103, 106], [142, 143], [142, 146], [153, 154], [153, 169], [205, 206]], "missing_branches": [[205, -202], [212, 213], [212, 216], [276, 277], [276, 279], [312, 313], [312, 315], [324, 325], [324, 327], [353, 354], [353, 356], [356, 357], [356, 368]]}, "": {"executed_lines": [3, 5, 6, 7, 8, 9, 11, 18, 21, 24, 34, 96, 123, 197, 198, 202, 209, 258, 297, 338], "summary": {"covered_lines": 20, "num_statements": 20, "percent_covered": 100.0, "percent_covered_display": "100.00", "missing_lines": 0, "excluded_lines": 3, "percent_statements_covered": 100.0, "percent_statements_covered_display": "100.00", "num_branches": 0, "num_partial_branches": 0, "covered_branches": 0, "missing_branches": 0, "percent_branches_covered": 100.0, "percent_branches_covered_display": "100.00"}, "missing_lines": [], "excluded_lines": [13, 14, 16], "start_line": 1, "executed_branches": [], "missing_branches": []}}}, "akosha/storage/sharding.py": {"executed_lines": [3, 5, 6, 7, 8, 10, 15, 18, 21, 24, 30, 31, 33, 43, 46, 49, 51, 53, 67, 74, 78, 81, 82, 85, 86, 89, 90, 91, 94, 99, 101, 111, 112, 115], "summary": {"covered_lines": 34, "num_statements": 39, "percent_covered": 83.6734693877551, "percent_covered_display": "83.67", "missing_lines": 5, "excluded_lines": 2, "percent_statements_covered": 87.17948717948718, "percent_statements_covered_display": "87.18", "num_branches": 10, "num_partial_branches": 3, "covered_branches": 7, "missing_branches": 3, "percent_branches_covered": 70.0, "percent_branches_covered_display": "70.00"}, "missing_lines": [68, 75, 95, 96, 97], "excluded_lines": [12, 13], "executed_branches": [[67, 74], [74, 78], [81, 82], [81, 85], [94, 99], [111, 112], [111, 115]], "missing_branches": [[67, 68], [74, 75], [94, 95]], "functions": {"ShardRouter.__init__": {"executed_lines": [30, 31], "summary": {"covered_lines": 2, "num_statements": 2, "percent_covered": 100.0, "percent_covered_display": "100.00", "missing_lines": 0, "excluded_lines": 0, "percent_statements_covered": 100.0, "percent_statements_covered_display": "100.00", "num_branches": 0, "num_partial_branches": 0, "covered_branches": 0, "missing_branches": 0, "percent_branches_covered": 100.0, "percent_branches_covered_display": "100.00"}, "missing_lines": [], "excluded_lines": [], "start_line": 24, "executed_branches": [], "missing_branches": []}, "ShardRouter.get_shard": {"executed_lines": [43, 46, 49, 51], "summary": {"covered_lines": 4, "num_statements": 4, "percent_covered": 100.0, "percent_covered_display": "100.00", "missing_lines": 0, "excluded_lines": 0, "percent_statements_covered": 100.0, "percent_statements_covered_display": "100.00", "num_branches": 0, "num_partial_branches": 0, "covered_branches": 0, "missing_branches": 0, "percent_branches_covered": 100.0, "percent_branches_covered_display": "100.00"}, "missing_lines": [], "excluded_lines": [], "start_line": 33, "executed_branches": [], "missing_branches": []}, "ShardRouter.get_shard_path": {"executed_lines": [67, 74, 78, 81, 82, 85, 86, 89, 90, 91, 94, 99], "summary": {"covered_lines": 12, "num_statements": 17, "percent_covered": 68.0, "percent_covered_display": "68.00", "missing_lines": 5, "excluded_lines": 0, "percent_statements_covered": 70.58823529411765, "percent_statements_covered_display": "70.59", "num_branches": 8, "num_partial_branches": 3, "covered_branches": 5, "missing_branches": 3, "percent_branches_covered": 62.5, "percent_branches_covered_display": "62.50"}, "missing_lines": [68, 75, 95, 96, 97], "excluded_lines": [], "start_line": 53, "executed_branches": [[67, 74], [74, 78], [81, 82], [81, 85], [94, 99]], "missing_branches": [[67, 68], [74, 75], [94, 95]]}, "ShardRouter.get_target_shards": {"executed_lines": [111, 112, 115], "summary": {"covered_lines": 3, "num_statements": 3, "percent_covered": 100.0, "percent_covered_display": "100.00", "missing_lines": 0, "excluded_lines": 0, "percent_statements_covered": 100.0, "percent_statements_covered_display": "100.00", "num_branches": 2, "num_partial_branches": 0, "covered_branches": 2, "missing_branches": 0, "percent_branches_covered": 100.0, "percent_branches_covered_display": "100.00"}, "missing_lines": [], "excluded_lines": [], "start_line": 101, "executed_branches": [[111, 112], [111, 115]], "missing_branches": []}, "": {"executed_lines": [3, 5, 6, 7, 8, 10, 15, 18, 21, 24, 33, 53, 101], "summary": {"covered_lines": 13, "num_statements": 13, "percent_covered": 100.0, "percent_covered_display": "100.00", "missing_lines": 0, "excluded_lines": 2, "percent_statements_covered": 100.0, "percent_statements_covered_display": "100.00", "num_branches": 0, "num_partial_branches": 0, "covered_branches": 0, "missing_branches": 0, "percent_branches_covered": 100.0, "percent_branches_covered_display": "100.00"}, "missing_lines": [], "excluded_lines": [12, 13], "start_line": 1, "executed_branches": [], "missing_branches": []}}, "classes": {"ShardRouter": {"executed_lines": [30, 31, 43, 46, 49, 51, 67, 74, 78, 81, 82, 85, 86, 89, 90, 91, 94, 99, 111, 112, 115], "summary": {"covered_lines": 21, "num_statements": 26, "percent_covered": 77.77777777777777, "percent_covered_display": "77.78", "missing_lines": 5, "excluded_lines": 0, "percent_statements_covered": 80.76923076923077, "percent_statements_covered_display": "80.77", "num_branches": 10, "num_partial_branches": 3, "covered_branches": 7, "missing_branches": 3, "percent_branches_covered": 70.0, "percent_branches_covered_display": "70.00"}, "missing_lines": [68, 75, 95, 96, 97], "excluded_lines": [], "start_line": 21, "executed_branches": [[67, 74], [74, 78], [81, 82], [81, 85], [94, 99], [111, 112], [111, 115]], "missing_branches": [[67, 68], [74, 75], [94, 95]]}, "": {"executed_lines": [3, 5, 6, 7, 8, 10, 15, 18, 21, 24, 33, 53, 101], "summary": {"covered_lines": 13, "num_statements": 13, "percent_covered": 100.0, "percent_covered_display": "100.00", "missing_lines": 0, "excluded_lines": 2, "percent_statements_covered": 100.0, "percent_statements_covered_display": "100.00", "num_branches": 0, "num_partial_branches": 0, "covered_branches": 0, "missing_branches": 0, "percent_branches_covered": 100.0, "percent_branches_covered_display": "100.00"}, "missing_lines": [], "excluded_lines": [12, 13], "start_line": 1, "executed_branches": [], "missing_branches": []}}}, "akosha/storage/warm_store.py": {"executed_lines": [3, 5, 6, 7, 8, 10, 17, 20, 23, 29, 30, 31, 33, 35, 36, 37, 40, 53, 58, 60, 66, 67, 68, 70, 86, 124, 126, 127, 128, 129], "summary": {"covered_lines": 30, "num_statements": 38, "percent_covered": 71.73913043478261, "percent_covered_display": "71.74", "missing_lines": 8, "excluded_lines": 3, "percent_statements_covered": 78.94736842105263, "percent_statements_covered_display": "78.95", "num_branches": 8, "num_partial_branches": 1, "covered_branches": 3, "missing_branches": 5, "percent_branches_covered": 37.5, "percent_branches_covered_display": "37.50"}, "missing_lines": [92, 93, 94, 96, 97, 100, 114, 122], "excluded_lines": [12, 13, 15], "executed_branches": [[67, 68], [67, 70], [127, 128]], "missing_branches": [[93, 94], [93, 96], [96, 97], [96, 100], [127, -124]], "functions": {"WarmStore.__init__": {"executed_lines": [29, 30, 31], "summary": {"covered_lines": 3, "num_statements": 3, "percent_covered": 100.0, "percent_covered_display": "100.00", "missing_lines": 0, "excluded_lines": 0, "percent_statements_covered": 100.0, "percent_statements_covered_display": "100.00", "num_branches": 0, "num_partial_branches": 0, "covered_branches": 0, "missing_branches": 0, "percent_branches_covered": 100.0, "percent_branches_covered_display": "100.00"}, "missing_lines": [], "excluded_lines": [], "start_line": 23, "executed_branches": [], "missing_branches": []}, "WarmStore.initialize": {"executed_lines": [35, 36, 37, 40, 53, 58], "summary": {"covered_lines": 6, "num_statements": 6, "percent_covered": 100.0, "percent_covered_display": "100.00", "missing_lines": 0, "excluded_lines": 0, "percent_statements_covered": 100.0, "percent_statements_covered_display": "100.00", "num_branches": 0, "num_partial_branches": 0, "covered_branches": 0, "missing_branches": 0, "percent_branches_covered": 100.0, "percent_branches_covered_display": "100.00"}, "missing_lines": [], "excluded_lines": [], "start_line": 33, "executed_branches": [], "missing_branches": []}, "WarmStore.insert": {"executed_lines": [66, 67, 68, 70], "summary": {"covered_lines": 4, "num_statements": 4, "percent_covered": 100.0, "percent_covered_display": "100.00", "missing_lines": 0, "excluded_lines": 0, "percent_statements_covered": 100.0, "percent_statements_covered_display": "100.00", "num_branches": 2, "num_partial_branches": 0, "covered_branches": 2, "missing_branches": 0, "percent_branches_covered": 100.0, "percent_branches_covered_display": "100.00"}, "missing_lines": [], "excluded_lines": [], "start_line": 60, "executed_branches": [[67, 68], [67, 70]], "missing_branches": []}, "WarmStore.insert_batch": {"executed_lines": [], "summary": {"covered_lines": 0, "num_statements": 8, "percent_covered": 0.0, "percent_covered_display": "0.00", "missing_lines": 8, "excluded_lines": 0, "percent_statements_covered": 0.0, "percent_statements_covered_display": "0.00", "num_branches": 4, "num_partial_branches": 0, "covered_branches": 0, "missing_branches": 4, "percent_branches_covered": 0.0, "percent_branches_covered_display": "0.00"}, "missing_lines": [92, 93, 94, 96, 97, 100, 114, 122], "excluded_lines": [], "start_line": 86, "executed_branches": [], "missing_branches": [[93, 94], [93, 96], [96, 97], [96, 100]]}, "WarmStore.close": {"executed_lines": [126, 127, 128, 129], "summary": {"covered_lines": 4, "num_statements": 4, "percent_covered": 83.33333333333333, "percent_covered_display": "83.33", "missing_lines": 0, "excluded_lines": 0, "percent_statements_covered": 100.0, "percent_statements_covered_display": "100.00", "num_branches": 2, "num_partial_branches": 1, "covered_branches": 1, "missing_branches": 1, "percent_branches_covered": 50.0, "percent_branches_covered_display": "50.00"}, "missing_lines": [], "excluded_lines": [], "start_line": 124, "executed_branches": [[127, 128]], "missing_branches": [[127, -124]]}, "": {"executed_lines": [3, 5, 6, 7, 8, 10, 17, 20, 23, 33, 60, 86, 124], "summary": {"covered_lines": 13, "num_statements": 13, "percent_covered": 100.0, "percent_covered_display": "100.00", "missing_lines": 0, "excluded_lines": 3, "percent_statements_covered": 100.0, "percent_statements_covered_display": "100.00", "num_branches": 0, "num_partial_branches": 0, "covered_branches": 0, "missing_branches": 0, "percent_branches_covered": 100.0, "percent_branches_covered_display": "100.00"}, "missing_lines": [], "excluded_lines": [12, 13, 15], "start_line": 1, "executed_branches": [], "missing_branches": []}}, "classes": {"WarmStore": {"executed_lines": [29, 30, 31, 35, 36, 37, 40, 53, 58, 66, 67, 68, 70, 126, 127, 128, 129], "summary": {"covered_lines": 17, "num_statements": 25, "percent_covered": 60.60606060606061, "percent_covered_display": "60.61", "missing_lines": 8, "excluded_lines": 0, "percent_statements_covered": 68.0, "percent_statements_covered_display": "68.00", "num_branches": 8, "num_partial_branches": 1, "covered_branches": 3, "missing_branches": 5, "percent_branches_covered": 37.5, "percent_branches_covered_display": "37.50"}, "missing_lines": [92, 93, 94, 96, 97, 100, 114, 122], "excluded_lines": [], "start_line": 20, "executed_branches": [[67, 68], [67, 70], [127, 128]], "missing_branches": [[93, 94], [93, 96], [96, 97], [96, 100], [127, -124]]}, "": {"executed_lines": [3, 5, 6, 7, 8, 10, 17, 20, 23, 33, 60, 86, 124], "summary": {"covered_lines": 13, "num_statements": 13, "percent_covered": 100.0, "percent_covered_display": "100.00", "missing_lines": 0, "excluded_lines": 3, "percent_statements_covered": 100.0, "percent_statements_covered_display": "100.00", "num_branches": 0, "num_partial_branches": 0, "covered_branches": 0, "missing_branches": 0, "percent_branches_covered": 100.0, "percent_branches_covered_display": "100.00"}, "missing_lines": [], "excluded_lines": [12, 13, 15], "start_line": 1, "executed_branches": [], "missing_branches": []}}}}, "totals": {"covered_lines": 2179, "num_statements": 3170, "percent_covered": 66.5111456713323, "percent_covered_display": "66.51", "missing_lines": 991, "excluded_lines": 48, "percent_statements_covered": 68.73817034700315, "percent_statements_covered_display": "68.74", "num_branches": 688, "num_partial_branches": 97, "covered_branches": 387, "missing_branches": 301, "percent_branches_covered": 56.25, "percent_branches_covered_display": "56.25"}}