{"meta": {"format": 3, "version": "7.13.2", "timestamp": "2026-02-01T22:12:54.318099", "branch_coverage": true, "show_contexts": false}, "files": {"akosha/__init__.py": {"executed_lines": [3, 5, 7], "summary": {"covered_lines": 3, "num_statements": 3, "percent_covered": 100.0, "percent_covered_display": "100.00", "missing_lines": 0, "excluded_lines": 0, "percent_statements_covered": 100.0, "percent_statements_covered_display": "100.00", "num_branches": 0, "num_partial_branches": 0, "covered_branches": 0, "missing_branches": 0, "percent_branches_covered": 100.0, "percent_branches_covered_display": "100.00"}, "missing_lines": [], "excluded_lines": [], "executed_branches": [], "missing_branches": [], "functions": {"": {"executed_lines": [3, 5, 7], "summary": {"covered_lines": 3, "num_statements": 3, "percent_covered": 100.0, "percent_covered_display": "100.00", "missing_lines": 0, "excluded_lines": 0, "percent_statements_covered": 100.0, "percent_statements_covered_display": "100.00", "num_branches": 0, "num_partial_branches": 0, "covered_branches": 0, "missing_branches": 0, "percent_branches_covered": 100.0, "percent_branches_covered_display": "100.00"}, "missing_lines": [], "excluded_lines": [], "start_line": 1, "executed_branches": [], "missing_branches": []}}, "classes": {"": {"executed_lines": [3, 5, 7], "summary": {"covered_lines": 3, "num_statements": 3, "percent_covered": 100.0, "percent_covered_display": "100.00", "missing_lines": 0, "excluded_lines": 0, "percent_statements_covered": 100.0, "percent_statements_covered_display": "100.00", "num_branches": 0, "num_partial_branches": 0, "covered_branches": 0, "missing_branches": 0, "percent_branches_covered": 100.0, "percent_branches_covered_display": "100.00"}, "missing_lines": [], "excluded_lines": [], "start_line": 1, "executed_branches": [], "missing_branches": []}}}, "akosha/config.py": {"executed_lines": [3, 5, 6, 8, 9, 12, 15, 16, 17, 18, 21, 24, 25, 26, 29, 32, 33, 34, 35, 38, 41, 42, 43, 44, 45, 46, 49, 53, 54, 55, 56, 59, 60, 61, 64, 65, 66, 68, 75], "summary": {"covered_lines": 39, "num_statements": 39, "percent_covered": 100.0, "percent_covered_display": "100.00", "missing_lines": 0, "excluded_lines": 0, "percent_statements_covered": 100.0, "percent_statements_covered_display": "100.00", "num_branches": 0, "num_partial_branches": 0, "covered_branches": 0, "missing_branches": 0, "percent_branches_covered": 100.0, "percent_branches_covered_display": "100.00"}, "missing_lines": [], "excluded_lines": [], "executed_branches": [], "missing_branches": [], "functions": {"": {"executed_lines": [3, 5, 6, 8, 9, 12, 15, 16, 17, 18, 21, 24, 25, 26, 29, 32, 33, 34, 35, 38, 41, 42, 43, 44, 45, 46, 49, 53, 54, 55, 56, 59, 60, 61, 64, 65, 66, 68, 75], "summary": {"covered_lines": 39, "num_statements": 39, "percent_covered": 100.0, "percent_covered_display": "100.00", "missing_lines": 0, "excluded_lines": 0, "percent_statements_covered": 100.0, "percent_statements_covered_display": "100.00", "num_branches": 0, "num_partial_branches": 0, "covered_branches": 0, "missing_branches": 0, "percent_branches_covered": 100.0, "percent_branches_covered_display": "100.00"}, "missing_lines": [], "excluded_lines": [], "start_line": 1, "executed_branches": [], "missing_branches": []}}, "classes": {"HotStorageConfig": {"executed_lines": [], "summary": {"covered_lines": 0, "num_statements": 0, "percent_covered": 100.0, "percent_covered_display": "100.00", "missing_lines": 0, "excluded_lines": 0, "percent_statements_covered": 100.0, "percent_statements_covered_display": "100.00", "num_branches": 0, "num_partial_branches": 0, "covered_branches": 0, "missing_branches": 0, "percent_branches_covered": 100.0, "percent_branches_covered_display": "100.00"}, "missing_lines": [], "excluded_lines": [], "start_line": 12, "executed_branches": [], "missing_branches": []}, "WarmStorageConfig": {"executed_lines": [], "summary": {"covered_lines": 0, "num_statements": 0, "percent_covered": 100.0, "percent_covered_display": "100.00", "missing_lines": 0, "excluded_lines": 0, "percent_statements_covered": 100.0, "percent_statements_covered_display": "100.00", "num_branches": 0, "num_partial_branches": 0, "covered_branches": 0, "missing_branches": 0, "percent_branches_covered": 100.0, "percent_branches_covered_display": "100.00"}, "missing_lines": [], "excluded_lines": [], "start_line": 21, "executed_branches": [], "missing_branches": []}, "ColdStorageConfig": {"executed_lines": [], "summary": {"covered_lines": 0, "num_statements": 0, "percent_covered": 100.0, "percent_covered_display": "100.00", "missing_lines": 0, "excluded_lines": 0, "percent_statements_covered": 100.0, "percent_statements_covered_display": "100.00", "num_branches": 0, "num_partial_branches": 0, "covered_branches": 0, "missing_branches": 0, "percent_branches_covered": 100.0, "percent_branches_covered_display": "100.00"}, "missing_lines": [], "excluded_lines": [], "start_line": 29, "executed_branches": [], "missing_branches": []}, "CacheConfig": {"executed_lines": [], "summary": {"covered_lines": 0, "num_statements": 0, "percent_covered": 100.0, "percent_covered_display": "100.00", "missing_lines": 0, "excluded_lines": 0, "percent_statements_covered": 100.0, "percent_statements_covered_display": "100.00", "num_branches": 0, "num_partial_branches": 0, "covered_branches": 0, "missing_branches": 0, "percent_branches_covered": 100.0, "percent_branches_covered_display": "100.00"}, "missing_lines": [], "excluded_lines": [], "start_line": 38, "executed_branches": [], "missing_branches": []}, "AkoshaConfig": {"executed_lines": [], "summary": {"covered_lines": 0, "num_statements": 0, "percent_covered": 100.0, "percent_covered_display": "100.00", "missing_lines": 0, "excluded_lines": 0, "percent_statements_covered": 100.0, "percent_statements_covered_display": "100.00", "num_branches": 0, "num_partial_branches": 0, "covered_branches": 0, "missing_branches": 0, "percent_branches_covered": 100.0, "percent_branches_covered_display": "100.00"}, "missing_lines": [], "excluded_lines": [], "start_line": 49, "executed_branches": [], "missing_branches": []}, "": {"executed_lines": [3, 5, 6, 8, 9, 12, 15, 16, 17, 18, 21, 24, 25, 26, 29, 32, 33, 34, 35, 38, 41, 42, 43, 44, 45, 46, 49, 53, 54, 55, 56, 59, 60, 61, 64, 65, 66, 68, 75], "summary": {"covered_lines": 39, "num_statements": 39, "percent_covered": 100.0, "percent_covered_display": "100.00", "missing_lines": 0, "excluded_lines": 0, "percent_statements_covered": 100.0, "percent_statements_covered_display": "100.00", "num_branches": 0, "num_partial_branches": 0, "covered_branches": 0, "missing_branches": 0, "percent_branches_covered": 100.0, "percent_branches_covered_display": "100.00"}, "missing_lines": [], "excluded_lines": [], "start_line": 1, "executed_branches": [], "missing_branches": []}}}, "akosha/ingestion/__init__.py": {"executed_lines": [], "summary": {"covered_lines": 0, "num_statements": 0, "percent_covered": 100.0, "percent_covered_display": "100.00", "missing_lines": 0, "excluded_lines": 0, "percent_statements_covered": 100.0, "percent_statements_covered_display": "100.00", "num_branches": 0, "num_partial_branches": 0, "covered_branches": 0, "missing_branches": 0, "percent_branches_covered": 100.0, "percent_branches_covered_display": "100.00"}, "missing_lines": [], "excluded_lines": [], "executed_branches": [], "missing_branches": [], "functions": {"": {"executed_lines": [], "summary": {"covered_lines": 0, "num_statements": 0, "percent_covered": 100.0, "percent_covered_display": "100.00", "missing_lines": 0, "excluded_lines": 0, "percent_statements_covered": 100.0, "percent_statements_covered_display": "100.00", "num_branches": 0, "num_partial_branches": 0, "covered_branches": 0, "missing_branches": 0, "percent_branches_covered": 100.0, "percent_branches_covered_display": "100.00"}, "missing_lines": [], "excluded_lines": [], "start_line": 1, "executed_branches": [], "missing_branches": []}}, "classes": {"": {"executed_lines": [], "summary": {"covered_lines": 0, "num_statements": 0, "percent_covered": 100.0, "percent_covered_display": "100.00", "missing_lines": 0, "excluded_lines": 0, "percent_statements_covered": 100.0, "percent_statements_covered_display": "100.00", "num_branches": 0, "num_partial_branches": 0, "covered_branches": 0, "missing_branches": 0, "percent_branches_covered": 100.0, "percent_branches_covered_display": "100.00"}, "missing_lines": [], "excluded_lines": [], "start_line": 1, "executed_branches": [], "missing_branches": []}}}, "akosha/ingestion/orchestrator.py": {"executed_lines": [3, 4, 6, 9, 12, 18, 19, 20, 21, 23, 39, 41, 43, 44, 54, 55, 56, 58, 59, 65, 66, 67, 73, 75, 81, 83], "summary": {"covered_lines": 26, "num_statements": 28, "percent_covered": 86.11111111111111, "percent_covered_display": "86.11", "missing_lines": 2, "excluded_lines": 0, "percent_statements_covered": 92.85714285714286, "percent_statements_covered_display": "92.86", "num_branches": 8, "num_partial_branches": 1, "covered_branches": 5, "missing_branches": 3, "percent_branches_covered": 62.5, "percent_branches_covered_display": "62.50"}, "missing_lines": [47, 48], "excluded_lines": [], "executed_branches": [[41, 43], [41, 65], [43, 44], [65, 66], [65, 73]], "missing_branches": [[43, 47], [47, 48], [47, 54]], "functions": {"BootstrapOrchestrator.__init__": {"executed_lines": [18, 19, 20, 21], "summary": {"covered_lines": 4, "num_statements": 4, "percent_covered": 100.0, "percent_covered_display": "100.00", "missing_lines": 0, "excluded_lines": 0, "percent_statements_covered": 100.0, "percent_statements_covered_display": "100.00", "num_branches": 0, "num_partial_branches": 0, "covered_branches": 0, "missing_branches": 0, "percent_branches_covered": 100.0, "percent_branches_covered_display": "100.00"}, "missing_lines": [], "excluded_lines": [], "start_line": 12, "executed_branches": [], "missing_branches": []}, "BootstrapOrchestrator.trigger_ingestion": {"executed_lines": [39, 41, 43, 44, 54, 55, 56, 58, 59, 65, 66, 67, 73], "summary": {"covered_lines": 13, "num_statements": 15, "percent_covered": 78.26086956521739, "percent_covered_display": "78.26", "missing_lines": 2, "excluded_lines": 0, "percent_statements_covered": 86.66666666666667, "percent_statements_covered_display": "86.67", "num_branches": 8, "num_partial_branches": 1, "covered_branches": 5, "missing_branches": 3, "percent_branches_covered": 62.5, "percent_branches_covered_display": "62.50"}, "missing_lines": [47, 48], "excluded_lines": [], "start_line": 23, "executed_branches": [[41, 43], [41, 65], [43, 44], [65, 66], [65, 73]], "missing_branches": [[43, 47], [47, 48], [47, 54]]}, "BootstrapOrchestrator.report_health": {"executed_lines": [81, 83], "summary": {"covered_lines": 2, "num_statements": 2, "percent_covered": 100.0, "percent_covered_display": "100.00", "missing_lines": 0, "excluded_lines": 0, "percent_statements_covered": 100.0, "percent_statements_covered_display": "100.00", "num_branches": 0, "num_partial_branches": 0, "covered_branches": 0, "missing_branches": 0, "percent_branches_covered": 100.0, "percent_branches_covered_display": "100.00"}, "missing_lines": [], "excluded_lines": [], "start_line": 75, "executed_branches": [], "missing_branches": []}, "": {"executed_lines": [3, 4, 6, 9, 12, 23, 75], "summary": {"covered_lines": 7, "num_statements": 7, "percent_covered": 100.0, "percent_covered_display": "100.00", "missing_lines": 0, "excluded_lines": 0, "percent_statements_covered": 100.0, "percent_statements_covered_display": "100.00", "num_branches": 0, "num_partial_branches": 0, "covered_branches": 0, "missing_branches": 0, "percent_branches_covered": 100.0, "percent_branches_covered_display": "100.00"}, "missing_lines": [], "excluded_lines": [], "start_line": 1, "executed_branches": [], "missing_branches": []}}, "classes": {"BootstrapOrchestrator": {"executed_lines": [18, 19, 20, 21, 39, 41, 43, 44, 54, 55, 56, 58, 59, 65, 66, 67, 73, 81, 83], "summary": {"covered_lines": 19, "num_statements": 21, "percent_covered": 82.75862068965517, "percent_covered_display": "82.76", "missing_lines": 2, "excluded_lines": 0, "percent_statements_covered": 90.47619047619048, "percent_statements_covered_display": "90.48", "num_branches": 8, "num_partial_branches": 1, "covered_branches": 5, "missing_branches": 3, "percent_branches_covered": 62.5, "percent_branches_covered_display": "62.50"}, "missing_lines": [47, 48], "excluded_lines": [], "start_line": 9, "executed_branches": [[41, 43], [41, 65], [43, 44], [65, 66], [65, 73]], "missing_branches": [[43, 47], [47, 48], [47, 54]]}, "": {"executed_lines": [3, 4, 6, 9, 12, 23, 75], "summary": {"covered_lines": 7, "num_statements": 7, "percent_covered": 100.0, "percent_covered_display": "100.00", "missing_lines": 0, "excluded_lines": 0, "percent_statements_covered": 100.0, "percent_statements_covered_display": "100.00", "num_branches": 0, "num_partial_branches": 0, "covered_branches": 0, "missing_branches": 0, "percent_branches_covered": 100.0, "percent_branches_covered_display": "100.00"}, "missing_lines": [], "excluded_lines": [], "start_line": 1, "executed_branches": [], "missing_branches": []}}}, "akosha/ingestion/worker.py": {"executed_lines": [3, 5, 6, 7, 8, 9, 11, 20, 23, 30, 45, 46, 47, 48, 49, 51, 53, 54, 57, 59, 60, 62, 64, 65, 68, 70, 71, 74, 77, 80, 81, 89, 95, 101, 103, 105, 108, 109, 110, 111, 112, 114, 116, 119, 122, 125, 126, 127, 128, 129, 130, 132, 134, 138, 141, 145, 147, 148, 150, 151, 154, 157, 162, 170, 171, 176, 177, 178, 182, 184, 185, 187, 189, 195, 196, 198, 207, 209, 211, 212], "summary": {"covered_lines": 80, "num_statements": 91, "percent_covered": 84.61538461538461, "percent_covered_display": "84.62", "missing_lines": 11, "excluded_lines": 4, "percent_statements_covered": 87.91208791208791, "percent_statements_covered_display": "87.91", "num_branches": 26, "num_partial_branches": 7, "covered_branches": 19, "missing_branches": 7, "percent_branches_covered": 73.07692307692308, "percent_branches_covered_display": "73.08"}, "missing_lines": [82, 83, 91, 92, 93, 120, 135, 142, 152, 153, 180], "excluded_lines": [13, 14, 16, 18], "executed_branches": [[59, -51], [59, 60], [64, 65], [80, 81], [80, 89], [81, 80], [110, 111], [110, 114], [114, 116], [114, 182], [119, 122], [128, 129], [128, 132], [132, 114], [132, 134], [134, 138], [141, 145], [147, 148], [151, 154]], "missing_branches": [[64, 89], [81, 82], [119, 120], [134, 135], [141, 142], [147, 180], [151, 152]], "functions": {"IngestionWorker.__init__": {"executed_lines": [45, 46, 47, 48, 49], "summary": {"covered_lines": 5, "num_statements": 5, "percent_covered": 100.0, "percent_covered_display": "100.00", "missing_lines": 0, "excluded_lines": 0, "percent_statements_covered": 100.0, "percent_statements_covered_display": "100.00", "num_branches": 0, "num_partial_branches": 0, "covered_branches": 0, "missing_branches": 0, "percent_branches_covered": 100.0, "percent_branches_covered_display": "100.00"}, "missing_lines": [], "excluded_lines": [], "start_line": 30, "executed_branches": [], "missing_branches": []}, "IngestionWorker.run": {"executed_lines": [53, 54, 57, 59, 60, 62, 64, 65, 68, 74, 77, 80, 81, 89], "summary": {"covered_lines": 14, "num_statements": 19, "percent_covered": 74.07407407407408, "percent_covered_display": "74.07", "missing_lines": 5, "excluded_lines": 0, "percent_statements_covered": 73.6842105263158, "percent_statements_covered_display": "73.68", "num_branches": 8, "num_partial_branches": 2, "covered_branches": 6, "missing_branches": 2, "percent_branches_covered": 75.0, "percent_branches_covered_display": "75.00"}, "missing_lines": [82, 83, 91, 92, 93], "excluded_lines": [], "start_line": 51, "executed_branches": [[59, -51], [59, 60], [64, 65], [80, 81], [80, 89], [81, 80]], "missing_branches": [[64, 89], [81, 82]]}, "IngestionWorker.run.process_with_semaphore": {"executed_lines": [70, 71], "summary": {"covered_lines": 2, "num_statements": 2, "percent_covered": 100.0, "percent_covered_display": "100.00", "missing_lines": 0, "excluded_lines": 0, "percent_statements_covered": 100.0, "percent_statements_covered_display": "100.00", "num_branches": 0, "num_partial_branches": 0, "covered_branches": 0, "missing_branches": 0, "percent_branches_covered": 100.0, "percent_branches_covered_display": "100.00"}, "missing_lines": [], "excluded_lines": [], "start_line": 68, "executed_branches": [], "missing_branches": []}, "IngestionWorker._discover_uploads": {"executed_lines": [101, 103, 105, 108, 109, 110, 111, 112, 114, 116, 119, 122, 125, 126, 127, 128, 129, 130, 132, 134, 138, 141, 145, 147, 148, 150, 151, 154, 157, 162, 170, 171, 176, 177, 178, 182, 184, 185, 187], "summary": {"covered_lines": 39, "num_statements": 45, "percent_covered": 82.53968253968254, "percent_covered_display": "82.54", "missing_lines": 6, "excluded_lines": 0, "percent_statements_covered": 86.66666666666667, "percent_statements_covered_display": "86.67", "num_branches": 18, "num_partial_branches": 5, "covered_branches": 13, "missing_branches": 5, "percent_branches_covered": 72.22222222222223, "percent_branches_covered_display": "72.22"}, "missing_lines": [120, 135, 142, 152, 153, 180], "excluded_lines": [], "start_line": 95, "executed_branches": [[110, 111], [110, 114], [114, 116], [114, 182], [119, 122], [128, 129], [128, 132], [132, 114], [132, 134], [134, 138], [141, 145], [147, 148], [151, 154]], "missing_branches": [[119, 120], [134, 135], [141, 142], [147, 180], [151, 152]]}, "IngestionWorker._process_upload": {"executed_lines": [195, 196, 198, 207], "summary": {"covered_lines": 4, "num_statements": 4, "percent_covered": 100.0, "percent_covered_display": "100.00", "missing_lines": 0, "excluded_lines": 0, "percent_statements_covered": 100.0, "percent_statements_covered_display": "100.00", "num_branches": 0, "num_partial_branches": 0, "covered_branches": 0, "missing_branches": 0, "percent_branches_covered": 100.0, "percent_branches_covered_display": "100.00"}, "missing_lines": [], "excluded_lines": [], "start_line": 189, "executed_branches": [], "missing_branches": []}, "IngestionWorker.stop": {"executed_lines": [211, 212], "summary": {"covered_lines": 2, "num_statements": 2, "percent_covered": 100.0, "percent_covered_display": "100.00", "missing_lines": 0, "excluded_lines": 0, "percent_statements_covered": 100.0, "percent_statements_covered_display": "100.00", "num_branches": 0, "num_partial_branches": 0, "covered_branches": 0, "missing_branches": 0, "percent_branches_covered": 100.0, "percent_branches_covered_display": "100.00"}, "missing_lines": [], "excluded_lines": [], "start_line": 209, "executed_branches": [], "missing_branches": []}, "": {"executed_lines": [3, 5, 6, 7, 8, 9, 11, 20, 23, 30, 51, 95, 189, 209], "summary": {"covered_lines": 14, "num_statements": 14, "percent_covered": 100.0, "percent_covered_display": "100.00", "missing_lines": 0, "excluded_lines": 4, "percent_statements_covered": 100.0, "percent_statements_covered_display": "100.00", "num_branches": 0, "num_partial_branches": 0, "covered_branches": 0, "missing_branches": 0, "percent_branches_covered": 100.0, "percent_branches_covered_display": "100.00"}, "missing_lines": [], "excluded_lines": [13, 14, 16, 18], "start_line": 1, "executed_branches": [], "missing_branches": []}}, "classes": {"IngestionWorker": {"executed_lines": [45, 46, 47, 48, 49, 53, 54, 57, 59, 60, 62, 64, 65, 68, 70, 71, 74, 77, 80, 81, 89, 101, 103, 105, 108, 109, 110, 111, 112, 114, 116, 119, 122, 125, 126, 127, 128, 129, 130, 132, 134, 138, 141, 145, 147, 148, 150, 151, 154, 157, 162, 170, 171, 176, 177, 178, 182, 184, 185, 187, 195, 196, 198, 207, 211, 212], "summary": {"covered_lines": 66, "num_statements": 77, "percent_covered": 82.52427184466019, "percent_covered_display": "82.52", "missing_lines": 11, "excluded_lines": 0, "percent_statements_covered": 85.71428571428571, "percent_statements_covered_display": "85.71", "num_branches": 26, "num_partial_branches": 7, "covered_branches": 19, "missing_branches": 7, "percent_branches_covered": 73.07692307692308, "percent_branches_covered_display": "73.08"}, "missing_lines": [82, 83, 91, 92, 93, 120, 135, 142, 152, 153, 180], "excluded_lines": [], "start_line": 23, "executed_branches": [[59, -51], [59, 60], [64, 65], [80, 81], [80, 89], [81, 80], [110, 111], [110, 114], [114, 116], [114, 182], [119, 122], [128, 129], [128, 132], [132, 114], [132, 134], [134, 138], [141, 145], [147, 148], [151, 154]], "missing_branches": [[64, 89], [81, 82], [119, 120], [134, 135], [141, 142], [147, 180], [151, 152]]}, "": {"executed_lines": [3, 5, 6, 7, 8, 9, 11, 20, 23, 30, 51, 95, 189, 209], "summary": {"covered_lines": 14, "num_statements": 14, "percent_covered": 100.0, "percent_covered_display": "100.00", "missing_lines": 0, "excluded_lines": 4, "percent_statements_covered": 100.0, "percent_statements_covered_display": "100.00", "num_branches": 0, "num_partial_branches": 0, "covered_branches": 0, "missing_branches": 0, "percent_branches_covered": 100.0, "percent_branches_covered_display": "100.00"}, "missing_lines": [], "excluded_lines": [13, 14, 16, 18], "start_line": 1, "executed_branches": [], "missing_branches": []}}}, "akosha/main.py": {"executed_lines": [3, 5, 6, 7, 8, 10, 11, 13, 16, 19, 21, 22, 24, 43, 45, 46, 47, 49, 52, 55, 57, 59, 60, 61, 62, 65, 66, 67, 68, 69, 73, 76, 104], "summary": {"covered_lines": 33, "num_statements": 58, "percent_covered": 56.06060606060606, "percent_covered_display": "56.06", "missing_lines": 25, "excluded_lines": 0, "percent_statements_covered": 56.89655172413793, "percent_statements_covered_display": "56.90", "num_branches": 8, "num_partial_branches": 2, "covered_branches": 4, "missing_branches": 4, "percent_branches_covered": 50.0, "percent_branches_covered_display": "50.00"}, "missing_lines": [27, 30, 31, 32, 35, 38, 39, 40, 41, 71, 78, 81, 82, 85, 87, 88, 89, 91, 94, 95, 98, 99, 101, 105, 106], "excluded_lines": [], "executed_branches": [[66, 67], [66, 73], [67, 68], [104, -1]], "missing_branches": [[67, 71], [98, 99], [98, 101], [104, 105]], "functions": {"AkoshaApplication.__init__": {"executed_lines": [21, 22], "summary": {"covered_lines": 2, "num_statements": 2, "percent_covered": 100.0, "percent_covered_display": "100.00", "missing_lines": 0, "excluded_lines": 0, "percent_statements_covered": 100.0, "percent_statements_covered_display": "100.00", "num_branches": 0, "num_partial_branches": 0, "covered_branches": 0, "missing_branches": 0, "percent_branches_covered": 100.0, "percent_branches_covered_display": "100.00"}, "missing_lines": [], "excluded_lines": [], "start_line": 19, "executed_branches": [], "missing_branches": []}, "AkoshaApplication.start": {"executed_lines": [], "summary": {"covered_lines": 0, "num_statements": 9, "percent_covered": 0.0, "percent_covered_display": "0.00", "missing_lines": 9, "excluded_lines": 0, "percent_statements_covered": 0.0, "percent_statements_covered_display": "0.00", "num_branches": 0, "num_partial_branches": 0, "covered_branches": 0, "missing_branches": 0, "percent_branches_covered": 100.0, "percent_branches_covered_display": "100.00"}, "missing_lines": [27, 30, 31, 32, 35, 38, 39, 40, 41], "excluded_lines": [], "start_line": 24, "executed_branches": [], "missing_branches": []}, "AkoshaApplication._handle_shutdown": {"executed_lines": [45, 46, 47], "summary": {"covered_lines": 3, "num_statements": 3, "percent_covered": 100.0, "percent_covered_display": "100.00", "missing_lines": 0, "excluded_lines": 0, "percent_statements_covered": 100.0, "percent_statements_covered_display": "100.00", "num_branches": 0, "num_partial_branches": 0, "covered_branches": 0, "missing_branches": 0, "percent_branches_covered": 100.0, "percent_branches_covered_display": "100.00"}, "missing_lines": [], "excluded_lines": [], "start_line": 43, "executed_branches": [], "missing_branches": []}, "AkoshaApplication.stop": {"executed_lines": [52, 55, 57, 59, 60, 61, 62, 65, 66, 67, 68, 69, 73], "summary": {"covered_lines": 13, "num_statements": 14, "percent_covered": 88.88888888888889, "percent_covered_display": "88.89", "missing_lines": 1, "excluded_lines": 0, "percent_statements_covered": 92.85714285714286, "percent_statements_covered_display": "92.86", "num_branches": 4, "num_partial_branches": 1, "covered_branches": 3, "missing_branches": 1, "percent_branches_covered": 75.0, "percent_branches_covered_display": "75.00"}, "missing_lines": [71], "excluded_lines": [], "start_line": 49, "executed_branches": [[66, 67], [66, 73], [67, 68]], "missing_branches": [[67, 71]]}, "test_storage": {"executed_lines": [], "summary": {"covered_lines": 0, "num_statements": 13, "percent_covered": 0.0, "percent_covered_display": "0.00", "missing_lines": 13, "excluded_lines": 0, "percent_statements_covered": 0.0, "percent_statements_covered_display": "0.00", "num_branches": 2, "num_partial_branches": 0, "covered_branches": 0, "missing_branches": 2, "percent_branches_covered": 0.0, "percent_branches_covered_display": "0.00"}, "missing_lines": [78, 81, 82, 85, 87, 88, 89, 91, 94, 95, 98, 99, 101], "excluded_lines": [], "start_line": 76, "executed_branches": [], "missing_branches": [[98, 99], [98, 101]]}, "": {"executed_lines": [3, 5, 6, 7, 8, 10, 11, 13, 16, 19, 24, 43, 49, 76, 104], "summary": {"covered_lines": 15, "num_statements": 17, "percent_covered": 84.21052631578948, "percent_covered_display": "84.21", "missing_lines": 2, "excluded_lines": 0, "percent_statements_covered": 88.23529411764706, "percent_statements_covered_display": "88.24", "num_branches": 2, "num_partial_branches": 1, "covered_branches": 1, "missing_branches": 1, "percent_branches_covered": 50.0, "percent_branches_covered_display": "50.00"}, "missing_lines": [105, 106], "excluded_lines": [], "start_line": 1, "executed_branches": [[104, -1]], "missing_branches": [[104, 105]]}}, "classes": {"AkoshaApplication": {"executed_lines": [21, 22, 45, 46, 47, 52, 55, 57, 59, 60, 61, 62, 65, 66, 67, 68, 69, 73], "summary": {"covered_lines": 18, "num_statements": 28, "percent_covered": 65.625, "percent_covered_display": "65.62", "missing_lines": 10, "excluded_lines": 0, "percent_statements_covered": 64.28571428571429, "percent_statements_covered_display": "64.29", "num_branches": 4, "num_partial_branches": 1, "covered_branches": 3, "missing_branches": 1, "percent_branches_covered": 75.0, "percent_branches_covered_display": "75.00"}, "missing_lines": [27, 30, 31, 32, 35, 38, 39, 40, 41, 71], "excluded_lines": [], "start_line": 16, "executed_branches": [[66, 67], [66, 73], [67, 68]], "missing_branches": [[67, 71]]}, "": {"executed_lines": [3, 5, 6, 7, 8, 10, 11, 13, 16, 19, 24, 43, 49, 76, 104], "summary": {"covered_lines": 15, "num_statements": 30, "percent_covered": 47.05882352941177, "percent_covered_display": "47.06", "missing_lines": 15, "excluded_lines": 0, "percent_statements_covered": 50.0, "percent_statements_covered_display": "50.00", "num_branches": 4, "num_partial_branches": 1, "covered_branches": 1, "missing_branches": 3, "percent_branches_covered": 25.0, "percent_branches_covered_display": "25.00"}, "missing_lines": [78, 81, 82, 85, 87, 88, 89, 91, 94, 95, 98, 99, 101, 105, 106], "excluded_lines": [], "start_line": 1, "executed_branches": [[104, -1]], "missing_branches": [[98, 99], [98, 101], [104, 105]]}}}, "akosha/mcp/__init__.py": {"executed_lines": [3, 5, 7, 16], "summary": {"covered_lines": 4, "num_statements": 8, "percent_covered": 40.0, "percent_covered_display": "40.00", "missing_lines": 4, "excluded_lines": 0, "percent_statements_covered": 50.0, "percent_statements_covered_display": "50.00", "num_branches": 2, "num_partial_branches": 0, "covered_branches": 0, "missing_branches": 2, "percent_branches_covered": 0.0, "percent_branches_covered_display": "0.00"}, "missing_lines": [18, 19, 20, 21], "excluded_lines": [], "executed_branches": [], "missing_branches": [[18, 19], [18, 21]], "functions": {"__getattr__": {"executed_lines": [], "summary": {"covered_lines": 0, "num_statements": 4, "percent_covered": 0.0, "percent_covered_display": "0.00", "missing_lines": 4, "excluded_lines": 0, "percent_statements_covered": 0.0, "percent_statements_covered_display": "0.00", "num_branches": 2, "num_partial_branches": 0, "covered_branches": 0, "missing_branches": 2, "percent_branches_covered": 0.0, "percent_branches_covered_display": "0.00"}, "missing_lines": [18, 19, 20, 21], "excluded_lines": [], "start_line": 16, "executed_branches": [], "missing_branches": [[18, 19], [18, 21]]}, "": {"executed_lines": [3, 5, 7, 16], "summary": {"covered_lines": 4, "num_statements": 4, "percent_covered": 100.0, "percent_covered_display": "100.00", "missing_lines": 0, "excluded_lines": 0, "percent_statements_covered": 100.0, "percent_statements_covered_display": "100.00", "num_branches": 0, "num_partial_branches": 0, "covered_branches": 0, "missing_branches": 0, "percent_branches_covered": 100.0, "percent_branches_covered_display": "100.00"}, "missing_lines": [], "excluded_lines": [], "start_line": 1, "executed_branches": [], "missing_branches": []}}, "classes": {"": {"executed_lines": [3, 5, 7, 16], "summary": {"covered_lines": 4, "num_statements": 8, "percent_covered": 40.0, "percent_covered_display": "40.00", "missing_lines": 4, "excluded_lines": 0, "percent_statements_covered": 50.0, "percent_statements_covered_display": "50.00", "num_branches": 2, "num_partial_branches": 0, "covered_branches": 0, "missing_branches": 2, "percent_branches_covered": 0.0, "percent_branches_covered_display": "0.00"}, "missing_lines": [18, 19, 20, 21], "excluded_lines": [], "start_line": 1, "executed_branches": [], "missing_branches": [[18, 19], [18, 21]]}}}, "akosha/mcp/__main__.py": {"executed_lines": [], "summary": {"covered_lines": 0, "num_statements": 5, "percent_covered": 0.0, "percent_covered_display": "0.00", "missing_lines": 5, "excluded_lines": 0, "percent_statements_covered": 0.0, "percent_statements_covered_display": "0.00", "num_branches": 2, "num_partial_branches": 0, "covered_branches": 0, "missing_branches": 2, "percent_branches_covered": 0.0, "percent_branches_covered_display": "0.00"}, "missing_lines": [3, 4, 6, 8, 10], "excluded_lines": [], "executed_branches": [], "missing_branches": [[3, -1], [3, 4]], "functions": {"": {"executed_lines": [], "summary": {"covered_lines": 0, "num_statements": 5, "percent_covered": 0.0, "percent_covered_display": "0.00", "missing_lines": 5, "excluded_lines": 0, "percent_statements_covered": 0.0, "percent_statements_covered_display": "0.00", "num_branches": 2, "num_partial_branches": 0, "covered_branches": 0, "missing_branches": 2, "percent_branches_covered": 0.0, "percent_branches_covered_display": "0.00"}, "missing_lines": [3, 4, 6, 8, 10], "excluded_lines": [], "start_line": 1, "executed_branches": [], "missing_branches": [[3, -1], [3, 4]]}}, "classes": {"": {"executed_lines": [], "summary": {"covered_lines": 0, "num_statements": 5, "percent_covered": 0.0, "percent_covered_display": "0.00", "missing_lines": 5, "excluded_lines": 0, "percent_statements_covered": 0.0, "percent_statements_covered_display": "0.00", "num_branches": 2, "num_partial_branches": 0, "covered_branches": 0, "missing_branches": 2, "percent_branches_covered": 0.0, "percent_branches_covered_display": "0.00"}, "missing_lines": [3, 4, 6, 8, 10], "excluded_lines": [], "start_line": 1, "executed_branches": [], "missing_branches": [[3, -1], [3, 4]]}}}, "akosha/mcp/server.py": {"executed_lines": [10, 12, 13, 14, 16, 22, 23, 25, 26, 29, 35, 37, 39, 40, 43, 49, 55, 56, 115, 117, 118, 122, 131, 133, 135, 138], "summary": {"covered_lines": 26, "num_statements": 53, "percent_covered": 49.12280701754386, "percent_covered_display": "49.12", "missing_lines": 27, "excluded_lines": 2, "percent_statements_covered": 49.056603773584904, "percent_statements_covered_display": "49.06", "num_branches": 4, "num_partial_branches": 2, "covered_branches": 2, "missing_branches": 2, "percent_branches_covered": 50.0, "percent_branches_covered_display": "50.00"}, "missing_lines": [30, 31, 32, 33, 58, 61, 63, 64, 66, 73, 76, 77, 78, 80, 81, 82, 87, 88, 90, 91, 94, 96, 103, 112, 113, 132, 134], "excluded_lines": [18, 19], "executed_branches": [[131, 133], [133, 135]], "missing_branches": [[131, 132], [133, 134]], "functions": {"create_app": {"executed_lines": [49, 55, 56, 115, 117, 118], "summary": {"covered_lines": 6, "num_statements": 6, "percent_covered": 100.0, "percent_covered_display": "100.00", "missing_lines": 0, "excluded_lines": 0, "percent_statements_covered": 100.0, "percent_statements_covered_display": "100.00", "num_branches": 0, "num_partial_branches": 0, "covered_branches": 0, "missing_branches": 0, "percent_branches_covered": 100.0, "percent_branches_covered_display": "100.00"}, "missing_lines": [], "excluded_lines": [], "start_line": 43, "executed_branches": [], "missing_branches": []}, "create_app.lifespan": {"executed_lines": [], "summary": {"covered_lines": 0, "num_statements": 21, "percent_covered": 0.0, "percent_covered_display": "0.00", "missing_lines": 21, "excluded_lines": 0, "percent_statements_covered": 0.0, "percent_statements_covered_display": "0.00", "num_branches": 0, "num_partial_branches": 0, "covered_branches": 0, "missing_branches": 0, "percent_branches_covered": 100.0, "percent_branches_covered_display": "100.00"}, "missing_lines": [58, 61, 63, 64, 66, 73, 76, 77, 78, 80, 81, 82, 87, 88, 90, 91, 94, 96, 103, 112, 113], "excluded_lines": [], "start_line": 56, "executed_branches": [], "missing_branches": []}, "__getattr__": {"executed_lines": [131, 133, 135], "summary": {"covered_lines": 3, "num_statements": 5, "percent_covered": 55.55555555555556, "percent_covered_display": "55.56", "missing_lines": 2, "excluded_lines": 0, "percent_statements_covered": 60.0, "percent_statements_covered_display": "60.00", "num_branches": 4, "num_partial_branches": 2, "covered_branches": 2, "missing_branches": 2, "percent_branches_covered": 50.0, "percent_branches_covered_display": "50.00"}, "missing_lines": [132, 134], "excluded_lines": [], "start_line": 122, "executed_branches": [[131, 133], [133, 135]], "missing_branches": [[131, 132], [133, 134]]}, "": {"executed_lines": [10, 12, 13, 14, 16, 22, 23, 25, 26, 29, 35, 37, 39, 40, 43, 122, 138], "summary": {"covered_lines": 17, "num_statements": 21, "percent_covered": 80.95238095238095, "percent_covered_display": "80.95", "missing_lines": 4, "excluded_lines": 2, "percent_statements_covered": 80.95238095238095, "percent_statements_covered_display": "80.95", "num_branches": 0, "num_partial_branches": 0, "covered_branches": 0, "missing_branches": 0, "percent_branches_covered": 100.0, "percent_branches_covered_display": "100.00"}, "missing_lines": [30, 31, 32, 33], "excluded_lines": [18, 19], "start_line": 1, "executed_branches": [], "missing_branches": []}}, "classes": {"": {"executed_lines": [10, 12, 13, 14, 16, 22, 23, 25, 26, 29, 35, 37, 39, 40, 43, 49, 55, 56, 115, 117, 118, 122, 131, 133, 135, 138], "summary": {"covered_lines": 26, "num_statements": 53, "percent_covered": 49.12280701754386, "percent_covered_display": "49.12", "missing_lines": 27, "excluded_lines": 2, "percent_statements_covered": 49.056603773584904, "percent_statements_covered_display": "49.06", "num_branches": 4, "num_partial_branches": 2, "covered_branches": 2, "missing_branches": 2, "percent_branches_covered": 50.0, "percent_branches_covered_display": "50.00"}, "missing_lines": [30, 31, 32, 33, 58, 61, 63, 64, 66, 73, 76, 77, 78, 80, 81, 82, 87, 88, 90, 91, 94, 96, 103, 112, 113, 132, 134], "excluded_lines": [18, 19], "start_line": 1, "executed_branches": [[131, 133], [133, 135]], "missing_branches": [[131, 132], [133, 134]]}}}, "akosha/mcp/tools/__init__.py": {"executed_lines": [3, 5, 6, 11, 13, 16, 45], "summary": {"covered_lines": 7, "num_statements": 11, "percent_covered": 63.63636363636363, "percent_covered_display": "63.64", "missing_lines": 4, "excluded_lines": 2, "percent_statements_covered": 63.63636363636363, "percent_statements_covered_display": "63.64", "num_branches": 0, "num_partial_branches": 0, "covered_branches": 0, "missing_branches": 0, "percent_branches_covered": 100.0, "percent_branches_covered_display": "100.00"}, "missing_lines": [30, 32, 35, 42], "excluded_lines": [8, 9], "executed_branches": [], "missing_branches": [], "functions": {"register_all_tools": {"executed_lines": [], "summary": {"covered_lines": 0, "num_statements": 4, "percent_covered": 0.0, "percent_covered_display": "0.00", "missing_lines": 4, "excluded_lines": 0, "percent_statements_covered": 0.0, "percent_statements_covered_display": "0.00", "num_branches": 0, "num_partial_branches": 0, "covered_branches": 0, "missing_branches": 0, "percent_branches_covered": 100.0, "percent_branches_covered_display": "100.00"}, "missing_lines": [30, 32, 35, 42], "excluded_lines": [], "start_line": 16, "executed_branches": [], "missing_branches": []}, "": {"executed_lines": [3, 5, 6, 11, 13, 16, 45], "summary": {"covered_lines": 7, "num_statements": 7, "percent_covered": 100.0, "percent_covered_display": "100.00", "missing_lines": 0, "excluded_lines": 2, "percent_statements_covered": 100.0, "percent_statements_covered_display": "100.00", "num_branches": 0, "num_partial_branches": 0, "covered_branches": 0, "missing_branches": 0, "percent_branches_covered": 100.0, "percent_branches_covered_display": "100.00"}, "missing_lines": [], "excluded_lines": [8, 9], "start_line": 1, "executed_branches": [], "missing_branches": []}}, "classes": {"": {"executed_lines": [3, 5, 6, 11, 13, 16, 45], "summary": {"covered_lines": 7, "num_statements": 11, "percent_covered": 63.63636363636363, "percent_covered_display": "63.64", "missing_lines": 4, "excluded_lines": 2, "percent_statements_covered": 63.63636363636363, "percent_statements_covered_display": "63.64", "num_branches": 0, "num_partial_branches": 0, "covered_branches": 0, "missing_branches": 0, "percent_branches_covered": 100.0, "percent_branches_covered_display": "100.00"}, "missing_lines": [30, 32, 35, 42], "excluded_lines": [8, 9], "start_line": 1, "executed_branches": [], "missing_branches": []}}}, "akosha/mcp/tools/akosha_tools.py": {"executed_lines": [3, 5, 6, 7, 16, 30, 31, 32, 33, 34, 37, 47, 49, 51, 64, 75, 77, 79, 86, 93, 121, 131, 133, 135, 149, 191, 201, 203, 205, 212, 233, 248, 263, 268, 274, 282, 295, 309, 351, 365, 404, 414, 416, 418, 431, 460, 467, 505, 512, 518, 520, 523, 529, 531, 533, 540], "summary": {"covered_lines": 56, "num_statements": 87, "percent_covered": 60.0, "percent_covered_display": "60.00", "missing_lines": 31, "excluded_lines": 5, "percent_statements_covered": 64.36781609195403, "percent_statements_covered_display": "64.37", "num_branches": 8, "num_partial_branches": 1, "covered_branches": 1, "missing_branches": 7, "percent_branches_covered": 12.5, "percent_branches_covered_display": "12.50"}, "missing_lines": [106, 108, 113, 166, 169, 173, 183, 223, 225, 227, 275, 326, 328, 335, 336, 342, 378, 380, 385, 386, 391, 446, 448, 454, 482, 484, 490, 491, 497, 546, 549], "excluded_lines": [9, 10, 11, 12, 13], "executed_branches": [[274, 282]], "missing_branches": [[274, 275], [335, 336], [335, 342], [385, 386], [385, 391], [490, 491], [490, 497]], "functions": {"register_akosha_tools": {"executed_lines": [30, 31, 32, 33, 34], "summary": {"covered_lines": 5, "num_statements": 5, "percent_covered": 100.0, "percent_covered_display": "100.00", "missing_lines": 0, "excluded_lines": 0, "percent_statements_covered": 100.0, "percent_statements_covered_display": "100.00", "num_branches": 0, "num_partial_branches": 0, "covered_branches": 0, "missing_branches": 0, "percent_branches_covered": 100.0, "percent_branches_covered_display": "100.00"}, "missing_lines": [], "excluded_lines": [], "start_line": 16, "executed_branches": [], "missing_branches": []}, "register_embedding_tools": {"executed_lines": [47, 49, 51, 64, 86, 93], "summary": {"covered_lines": 6, "num_statements": 6, "percent_covered": 100.0, "percent_covered_display": "100.00", "missing_lines": 0, "excluded_lines": 0, "percent_statements_covered": 100.0, "percent_statements_covered_display": "100.00", "num_branches": 0, "num_partial_branches": 0, "covered_branches": 0, "missing_branches": 0, "percent_branches_covered": 100.0, "percent_branches_covered_display": "100.00"}, "missing_lines": [], "excluded_lines": [], "start_line": 37, "executed_branches": [], "missing_branches": []}, "register_embedding_tools.generate_embedding": {"executed_lines": [75, 77, 79], "summary": {"covered_lines": 3, "num_statements": 3, "percent_covered": 100.0, "percent_covered_display": "100.00", "missing_lines": 0, "excluded_lines": 0, "percent_statements_covered": 100.0, "percent_statements_covered_display": "100.00", "num_branches": 0, "num_partial_branches": 0, "covered_branches": 0, "missing_branches": 0, "percent_branches_covered": 100.0, "percent_branches_covered_display": "100.00"}, "missing_lines": [], "excluded_lines": [], "start_line": 64, "executed_branches": [], "missing_branches": []}, "register_embedding_tools.generate_batch_embeddings": {"executed_lines": [], "summary": {"covered_lines": 0, "num_statements": 3, "percent_covered": 0.0, "percent_covered_display": "0.00", "missing_lines": 3, "excluded_lines": 0, "percent_statements_covered": 0.0, "percent_statements_covered_display": "0.00", "num_branches": 0, "num_partial_branches": 0, "covered_branches": 0, "missing_branches": 0, "percent_branches_covered": 100.0, "percent_branches_covered_display": "100.00"}, "missing_lines": [106, 108, 113], "excluded_lines": [], "start_line": 93, "executed_branches": [], "missing_branches": []}, "register_search_tools": {"executed_lines": [131, 133, 135, 149], "summary": {"covered_lines": 4, "num_statements": 4, "percent_covered": 100.0, "percent_covered_display": "100.00", "missing_lines": 0, "excluded_lines": 0, "percent_statements_covered": 100.0, "percent_statements_covered_display": "100.00", "num_branches": 0, "num_partial_branches": 0, "covered_branches": 0, "missing_branches": 0, "percent_branches_covered": 100.0, "percent_branches_covered_display": "100.00"}, "missing_lines": [], "excluded_lines": [], "start_line": 121, "executed_branches": [], "missing_branches": []}, "register_search_tools.search_all_systems": {"executed_lines": [], "summary": {"covered_lines": 0, "num_statements": 4, "percent_covered": 0.0, "percent_covered_display": "0.00", "missing_lines": 4, "excluded_lines": 0, "percent_statements_covered": 0.0, "percent_statements_covered_display": "0.00", "num_branches": 0, "num_partial_branches": 0, "covered_branches": 0, "missing_branches": 0, "percent_branches_covered": 100.0, "percent_branches_covered_display": "100.00"}, "missing_lines": [166, 169, 173, 183], "excluded_lines": [], "start_line": 149, "executed_branches": [], "missing_branches": []}, "register_analytics_tools": {"executed_lines": [201, 203, 205, 212, 233, 248, 295, 309, 351, 365], "summary": {"covered_lines": 10, "num_statements": 10, "percent_covered": 100.0, "percent_covered_display": "100.00", "missing_lines": 0, "excluded_lines": 0, "percent_statements_covered": 100.0, "percent_statements_covered_display": "100.00", "num_branches": 0, "num_partial_branches": 0, "covered_branches": 0, "missing_branches": 0, "percent_branches_covered": 100.0, "percent_branches_covered_display": "100.00"}, "missing_lines": [], "excluded_lines": [], "start_line": 191, "executed_branches": [], "missing_branches": []}, "register_analytics_tools.get_system_metrics": {"executed_lines": [], "summary": {"covered_lines": 0, "num_statements": 3, "percent_covered": 0.0, "percent_covered_display": "0.00", "missing_lines": 3, "excluded_lines": 0, "percent_statements_covered": 0.0, "percent_statements_covered_display": "0.00", "num_branches": 0, "num_partial_branches": 0, "covered_branches": 0, "missing_branches": 0, "percent_branches_covered": 100.0, "percent_branches_covered_display": "100.00"}, "missing_lines": [223, 225, 227], "excluded_lines": [], "start_line": 212, "executed_branches": [], "missing_branches": []}, "register_analytics_tools.analyze_trends": {"executed_lines": [263, 268, 274, 282], "summary": {"covered_lines": 4, "num_statements": 5, "percent_covered": 71.42857142857143, "percent_covered_display": "71.43", "missing_lines": 1, "excluded_lines": 0, "percent_statements_covered": 80.0, "percent_statements_covered_display": "80.00", "num_branches": 2, "num_partial_branches": 1, "covered_branches": 1, "missing_branches": 1, "percent_branches_covered": 50.0, "percent_branches_covered_display": "50.00"}, "missing_lines": [275], "excluded_lines": [], "start_line": 248, "executed_branches": [[274, 282]], "missing_branches": [[274, 275]]}, "register_analytics_tools.detect_anomalies": {"executed_lines": [], "summary": {"covered_lines": 0, "num_statements": 5, "percent_covered": 0.0, "percent_covered_display": "0.00", "missing_lines": 5, "excluded_lines": 0, "percent_statements_covered": 0.0, "percent_statements_covered_display": "0.00", "num_branches": 2, "num_partial_branches": 0, "covered_branches": 0, "missing_branches": 2, "percent_branches_covered": 0.0, "percent_branches_covered_display": "0.00"}, "missing_lines": [326, 328, 335, 336, 342], "excluded_lines": [], "start_line": 309, "executed_branches": [], "missing_branches": [[335, 336], [335, 342]]}, "register_analytics_tools.correlate_systems": {"executed_lines": [], "summary": {"covered_lines": 0, "num_statements": 5, "percent_covered": 0.0, "percent_covered_display": "0.00", "missing_lines": 5, "excluded_lines": 0, "percent_statements_covered": 0.0, "percent_statements_covered_display": "0.00", "num_branches": 2, "num_partial_branches": 0, "covered_branches": 0, "missing_branches": 2, "percent_branches_covered": 0.0, "percent_branches_covered_display": "0.00"}, "missing_lines": [378, 380, 385, 386, 391], "excluded_lines": [], "start_line": 365, "executed_branches": [], "missing_branches": [[385, 386], [385, 391]]}, "register_graph_tools": {"executed_lines": [414, 416, 418, 431, 460, 467, 505, 512], "summary": {"covered_lines": 8, "num_statements": 8, "percent_covered": 100.0, "percent_covered_display": "100.00", "missing_lines": 0, "excluded_lines": 0, "percent_statements_covered": 100.0, "percent_statements_covered_display": "100.00", "num_branches": 0, "num_partial_branches": 0, "covered_branches": 0, "missing_branches": 0, "percent_branches_covered": 100.0, "percent_branches_covered_display": "100.00"}, "missing_lines": [], "excluded_lines": [], "start_line": 404, "executed_branches": [], "missing_branches": []}, "register_graph_tools.query_knowledge_graph": {"executed_lines": [], "summary": {"covered_lines": 0, "num_statements": 3, "percent_covered": 0.0, "percent_covered_display": "0.00", "missing_lines": 3, "excluded_lines": 0, "percent_statements_covered": 0.0, "percent_statements_covered_display": "0.00", "num_branches": 0, "num_partial_branches": 0, "covered_branches": 0, "missing_branches": 0, "percent_branches_covered": 100.0, "percent_branches_covered_display": "100.00"}, "missing_lines": [446, 448, 454], "excluded_lines": [], "start_line": 431, "executed_branches": [], "missing_branches": []}, "register_graph_tools.find_path": {"executed_lines": [], "summary": {"covered_lines": 0, "num_statements": 5, "percent_covered": 0.0, "percent_covered_display": "0.00", "missing_lines": 5, "excluded_lines": 0, "percent_statements_covered": 0.0, "percent_statements_covered_display": "0.00", "num_branches": 2, "num_partial_branches": 0, "covered_branches": 0, "missing_branches": 2, "percent_branches_covered": 0.0, "percent_branches_covered_display": "0.00"}, "missing_lines": [482, 484, 490, 491, 497], "excluded_lines": [], "start_line": 467, "executed_branches": [], "missing_branches": [[490, 491], [490, 497]]}, "register_graph_tools.get_graph_statistics": {"executed_lines": [518, 520], "summary": {"covered_lines": 2, "num_statements": 2, "percent_covered": 100.0, "percent_covered_display": "100.00", "missing_lines": 0, "excluded_lines": 0, "percent_statements_covered": 100.0, "percent_statements_covered_display": "100.00", "num_branches": 0, "num_partial_branches": 0, "covered_branches": 0, "missing_branches": 0, "percent_branches_covered": 100.0, "percent_branches_covered_display": "100.00"}, "missing_lines": [], "excluded_lines": [], "start_line": 512, "executed_branches": [], "missing_branches": []}, "register_system_tools": {"executed_lines": [529, 531, 533, 540], "summary": {"covered_lines": 4, "num_statements": 4, "percent_covered": 100.0, "percent_covered_display": "100.00", "missing_lines": 0, "excluded_lines": 0, "percent_statements_covered": 100.0, "percent_statements_covered_display": "100.00", "num_branches": 0, "num_partial_branches": 0, "covered_branches": 0, "missing_branches": 0, "percent_branches_covered": 100.0, "percent_branches_covered_display": "100.00"}, "missing_lines": [], "excluded_lines": [], "start_line": 523, "executed_branches": [], "missing_branches": []}, "register_system_tools.get_storage_status": {"executed_lines": [], "summary": {"covered_lines": 0, "num_statements": 2, "percent_covered": 0.0, "percent_covered_display": "0.00", "missing_lines": 2, "excluded_lines": 0, "percent_statements_covered": 0.0, "percent_statements_covered_display": "0.00", "num_branches": 0, "num_partial_branches": 0, "covered_branches": 0, "missing_branches": 0, "percent_branches_covered": 100.0, "percent_branches_covered_display": "100.00"}, "missing_lines": [546, 549], "excluded_lines": [], "start_line": 540, "executed_branches": [], "missing_branches": []}, "": {"executed_lines": [3, 5, 6, 7, 16, 37, 121, 191, 404, 523], "summary": {"covered_lines": 10, "num_statements": 10, "percent_covered": 100.0, "percent_covered_display": "100.00", "missing_lines": 0, "excluded_lines": 5, "percent_statements_covered": 100.0, "percent_statements_covered_display": "100.00", "num_branches": 0, "num_partial_branches": 0, "covered_branches": 0, "missing_branches": 0, "percent_branches_covered": 100.0, "percent_branches_covered_display": "100.00"}, "missing_lines": [], "excluded_lines": [9, 10, 11, 12, 13], "start_line": 1, "executed_branches": [], "missing_branches": []}}, "classes": {"": {"executed_lines": [3, 5, 6, 7, 16, 30, 31, 32, 33, 34, 37, 47, 49, 51, 64, 75, 77, 79, 86, 93, 121, 131, 133, 135, 149, 191, 201, 203, 205, 212, 233, 248, 263, 268, 274, 282, 295, 309, 351, 365, 404, 414, 416, 418, 431, 460, 467, 505, 512, 518, 520, 523, 529, 531, 533, 540], "summary": {"covered_lines": 56, "num_statements": 87, "percent_covered": 60.0, "percent_covered_display": "60.00", "missing_lines": 31, "excluded_lines": 5, "percent_statements_covered": 64.36781609195403, "percent_statements_covered_display": "64.37", "num_branches": 8, "num_partial_branches": 1, "covered_branches": 1, "missing_branches": 7, "percent_branches_covered": 12.5, "percent_branches_covered_display": "12.50"}, "missing_lines": [106, 108, 113, 166, 169, 173, 183, 223, 225, 227, 275, 326, 328, 335, 336, 342, 378, 380, 385, 386, 391, 446, 448, 454, 482, 484, 490, 491, 497, 546, 549], "excluded_lines": [9, 10, 11, 12, 13], "start_line": 1, "executed_branches": [[274, 282]], "missing_branches": [[274, 275], [335, 336], [335, 342], [385, 386], [385, 391], [490, 491], [490, 497]]}}}, "akosha/mcp/tools/tool_registry.py": {"executed_lines": [3, 5, 6, 7, 8, 16, 19, 20, 21, 22, 23, 26, 27, 30, 31, 32, 33, 34, 37, 38, 39, 40, 41, 44, 47, 48, 49, 51, 52, 53, 56, 57, 62, 64, 66, 67, 68], "summary": {"covered_lines": 37, "num_statements": 38, "percent_covered": 95.0, "percent_covered_display": "95.00", "missing_lines": 1, "excluded_lines": 3, "percent_statements_covered": 97.36842105263158, "percent_statements_covered_display": "97.37", "num_branches": 2, "num_partial_branches": 1, "covered_branches": 1, "missing_branches": 1, "percent_branches_covered": 50.0, "percent_branches_covered_display": "50.00"}, "missing_lines": [54], "excluded_lines": [10, 11, 13], "executed_branches": [[53, 56]], "missing_branches": [[53, 54]], "functions": {"FastMCPToolRegistry.__init__": {"executed_lines": [48, 49], "summary": {"covered_lines": 2, "num_statements": 2, "percent_covered": 100.0, "percent_covered_display": "100.00", "missing_lines": 0, "excluded_lines": 0, "percent_statements_covered": 100.0, "percent_statements_covered_display": "100.00", "num_branches": 0, "num_partial_branches": 0, "covered_branches": 0, "missing_branches": 0, "percent_branches_covered": 100.0, "percent_branches_covered_display": "100.00"}, "missing_lines": [], "excluded_lines": [], "start_line": 47, "executed_branches": [], "missing_branches": []}, "FastMCPToolRegistry.register": {"executed_lines": [52, 64], "summary": {"covered_lines": 2, "num_statements": 2, "percent_covered": 100.0, "percent_covered_display": "100.00", "missing_lines": 0, "excluded_lines": 0, "percent_statements_covered": 100.0, "percent_statements_covered_display": "100.00", "num_branches": 0, "num_partial_branches": 0, "covered_branches": 0, "missing_branches": 0, "percent_branches_covered": 100.0, "percent_branches_covered_display": "100.00"}, "missing_lines": [], "excluded_lines": [], "start_line": 51, "executed_branches": [], "missing_branches": []}, "FastMCPToolRegistry.register.decorator": {"executed_lines": [53, 56, 57, 62], "summary": {"covered_lines": 4, "num_statements": 5, "percent_covered": 71.42857142857143, "percent_covered_display": "71.43", "missing_lines": 1, "excluded_lines": 0, "percent_statements_covered": 80.0, "percent_statements_covered_display": "80.00", "num_branches": 2, "num_partial_branches": 1, "covered_branches": 1, "missing_branches": 1, "percent_branches_covered": 50.0, "percent_branches_covered_display": "50.00"}, "missing_lines": [54], "excluded_lines": [], "start_line": 52, "executed_branches": [[53, 56]], "missing_branches": [[53, 54]]}, "FastMCPToolRegistry.tools": {"executed_lines": [68], "summary": {"covered_lines": 1, "num_statements": 1, "percent_covered": 100.0, "percent_covered_display": "100.00", "missing_lines": 0, "excluded_lines": 0, "percent_statements_covered": 100.0, "percent_statements_covered_display": "100.00", "num_branches": 0, "num_partial_branches": 0, "covered_branches": 0, "missing_branches": 0, "percent_branches_covered": 100.0, "percent_branches_covered_display": "100.00"}, "missing_lines": [], "excluded_lines": [], "start_line": 67, "executed_branches": [], "missing_branches": []}, "": {"executed_lines": [3, 5, 6, 7, 8, 16, 19, 20, 21, 22, 23, 26, 27, 30, 31, 32, 33, 34, 37, 38, 39, 40, 41, 44, 47, 51, 66, 67], "summary": {"covered_lines": 28, "num_statements": 28, "percent_covered": 100.0, "percent_covered_display": "100.00", "missing_lines": 0, "excluded_lines": 3, "percent_statements_covered": 100.0, "percent_statements_covered_display": "100.00", "num_branches": 0, "num_partial_branches": 0, "covered_branches": 0, "missing_branches": 0, "percent_branches_covered": 100.0, "percent_branches_covered_display": "100.00"}, "missing_lines": [], "excluded_lines": [10, 11, 13], "start_line": 1, "executed_branches": [], "missing_branches": []}}, "classes": {"ToolCategory": {"executed_lines": [], "summary": {"covered_lines": 0, "num_statements": 0, "percent_covered": 100.0, "percent_covered_display": "100.00", "missing_lines": 0, "excluded_lines": 0, "percent_statements_covered": 100.0, "percent_statements_covered_display": "100.00", "num_branches": 0, "num_partial_branches": 0, "covered_branches": 0, "missing_branches": 0, "percent_branches_covered": 100.0, "percent_branches_covered_display": "100.00"}, "missing_lines": [], "excluded_lines": [], "start_line": 16, "executed_branches": [], "missing_branches": []}, "ToolMetadata": {"executed_lines": [], "summary": {"covered_lines": 0, "num_statements": 0, "percent_covered": 100.0, "percent_covered_display": "100.00", "missing_lines": 0, "excluded_lines": 0, "percent_statements_covered": 100.0, "percent_statements_covered_display": "100.00", "num_branches": 0, "num_partial_branches": 0, "covered_branches": 0, "missing_branches": 0, "percent_branches_covered": 100.0, "percent_branches_covered_display": "100.00"}, "missing_lines": [], "excluded_lines": [], "start_line": 27, "executed_branches": [], "missing_branches": []}, "ToolRegistration": {"executed_lines": [], "summary": {"covered_lines": 0, "num_statements": 0, "percent_covered": 100.0, "percent_covered_display": "100.00", "missing_lines": 0, "excluded_lines": 0, "percent_statements_covered": 100.0, "percent_statements_covered_display": "100.00", "num_branches": 0, "num_partial_branches": 0, "covered_branches": 0, "missing_branches": 0, "percent_branches_covered": 100.0, "percent_branches_covered_display": "100.00"}, "missing_lines": [], "excluded_lines": [], "start_line": 38, "executed_branches": [], "missing_branches": []}, "FastMCPToolRegistry": {"executed_lines": [48, 49, 52, 53, 56, 57, 62, 64, 68], "summary": {"covered_lines": 9, "num_statements": 10, "percent_covered": 83.33333333333333, "percent_covered_display": "83.33", "missing_lines": 1, "excluded_lines": 0, "percent_statements_covered": 90.0, "percent_statements_covered_display": "90.00", "num_branches": 2, "num_partial_branches": 1, "covered_branches": 1, "missing_branches": 1, "percent_branches_covered": 50.0, "percent_branches_covered_display": "50.00"}, "missing_lines": [54], "excluded_lines": [], "start_line": 44, "executed_branches": [[53, 56]], "missing_branches": [[53, 54]]}, "": {"executed_lines": [3, 5, 6, 7, 8, 16, 19, 20, 21, 22, 23, 26, 27, 30, 31, 32, 33, 34, 37, 38, 39, 40, 41, 44, 47, 51, 66, 67], "summary": {"covered_lines": 28, "num_statements": 28, "percent_covered": 100.0, "percent_covered_display": "100.00", "missing_lines": 0, "excluded_lines": 3, "percent_statements_covered": 100.0, "percent_statements_covered_display": "100.00", "num_branches": 0, "num_partial_branches": 0, "covered_branches": 0, "missing_branches": 0, "percent_branches_covered": 100.0, "percent_branches_covered_display": "100.00"}, "missing_lines": [], "excluded_lines": [10, 11, 13], "start_line": 1, "executed_branches": [], "missing_branches": []}}}, "akosha/models/__init__.py": {"executed_lines": [3, 5, 6, 7, 9, 12, 13, 16, 17, 18, 19, 20, 23, 26, 27, 28, 29, 30, 31, 33, 36, 39, 40, 41, 42, 43, 44, 47, 50, 51, 52, 53, 54, 55], "summary": {"covered_lines": 34, "num_statements": 34, "percent_covered": 100.0, "percent_covered_display": "100.00", "missing_lines": 0, "excluded_lines": 0, "percent_statements_covered": 100.0, "percent_statements_covered_display": "100.00", "num_branches": 0, "num_partial_branches": 0, "covered_branches": 0, "missing_branches": 0, "percent_branches_covered": 100.0, "percent_branches_covered_display": "100.00"}, "missing_lines": [], "excluded_lines": [], "executed_branches": [], "missing_branches": [], "functions": {"": {"executed_lines": [3, 5, 6, 7, 9, 12, 13, 16, 17, 18, 19, 20, 23, 26, 27, 28, 29, 30, 31, 33, 36, 39, 40, 41, 42, 43, 44, 47, 50, 51, 52, 53, 54, 55], "summary": {"covered_lines": 34, "num_statements": 34, "percent_covered": 100.0, "percent_covered_display": "100.00", "missing_lines": 0, "excluded_lines": 0, "percent_statements_covered": 100.0, "percent_statements_covered_display": "100.00", "num_branches": 0, "num_partial_branches": 0, "covered_branches": 0, "missing_branches": 0, "percent_branches_covered": 100.0, "percent_branches_covered_display": "100.00"}, "missing_lines": [], "excluded_lines": [], "start_line": 1, "executed_branches": [], "missing_branches": []}}, "classes": {"SystemMemoryUpload": {"executed_lines": [], "summary": {"covered_lines": 0, "num_statements": 0, "percent_covered": 100.0, "percent_covered_display": "100.00", "missing_lines": 0, "excluded_lines": 0, "percent_statements_covered": 100.0, "percent_statements_covered_display": "100.00", "num_branches": 0, "num_partial_branches": 0, "covered_branches": 0, "missing_branches": 0, "percent_branches_covered": 100.0, "percent_branches_covered_display": "100.00"}, "missing_lines": [], "excluded_lines": [], "start_line": 13, "executed_branches": [], "missing_branches": []}, "HotRecord": {"executed_lines": [], "summary": {"covered_lines": 0, "num_statements": 0, "percent_covered": 100.0, "percent_covered_display": "100.00", "missing_lines": 0, "excluded_lines": 0, "percent_statements_covered": 100.0, "percent_statements_covered_display": "100.00", "num_branches": 0, "num_partial_branches": 0, "covered_branches": 0, "missing_branches": 0, "percent_branches_covered": 100.0, "percent_branches_covered_display": "100.00"}, "missing_lines": [], "excluded_lines": [], "start_line": 23, "executed_branches": [], "missing_branches": []}, "WarmRecord": {"executed_lines": [], "summary": {"covered_lines": 0, "num_statements": 0, "percent_covered": 100.0, "percent_covered_display": "100.00", "missing_lines": 0, "excluded_lines": 0, "percent_statements_covered": 100.0, "percent_statements_covered_display": "100.00", "num_branches": 0, "num_partial_branches": 0, "covered_branches": 0, "missing_branches": 0, "percent_branches_covered": 100.0, "percent_branches_covered_display": "100.00"}, "missing_lines": [], "excluded_lines": [], "start_line": 36, "executed_branches": [], "missing_branches": []}, "ColdRecord": {"executed_lines": [], "summary": {"covered_lines": 0, "num_statements": 0, "percent_covered": 100.0, "percent_covered_display": "100.00", "missing_lines": 0, "excluded_lines": 0, "percent_statements_covered": 100.0, "percent_statements_covered_display": "100.00", "num_branches": 0, "num_partial_branches": 0, "covered_branches": 0, "missing_branches": 0, "percent_branches_covered": 100.0, "percent_branches_covered_display": "100.00"}, "missing_lines": [], "excluded_lines": [], "start_line": 47, "executed_branches": [], "missing_branches": []}, "": {"executed_lines": [3, 5, 6, 7, 9, 12, 13, 16, 17, 18, 19, 20, 23, 26, 27, 28, 29, 30, 31, 33, 36, 39, 40, 41, 42, 43, 44, 47, 50, 51, 52, 53, 54, 55], "summary": {"covered_lines": 34, "num_statements": 34, "percent_covered": 100.0, "percent_covered_display": "100.00", "missing_lines": 0, "excluded_lines": 0, "percent_statements_covered": 100.0, "percent_statements_covered_display": "100.00", "num_branches": 0, "num_partial_branches": 0, "covered_branches": 0, "missing_branches": 0, "percent_branches_covered": 100.0, "percent_branches_covered_display": "100.00"}, "missing_lines": [], "excluded_lines": [], "start_line": 1, "executed_branches": [], "missing_branches": []}}}, "akosha/observability/__init__.py": {"executed_lines": [3, 17], "summary": {"covered_lines": 2, "num_statements": 2, "percent_covered": 100.0, "percent_covered_display": "100.00", "missing_lines": 0, "excluded_lines": 0, "percent_statements_covered": 100.0, "percent_statements_covered_display": "100.00", "num_branches": 0, "num_partial_branches": 0, "covered_branches": 0, "missing_branches": 0, "percent_branches_covered": 100.0, "percent_branches_covered_display": "100.00"}, "missing_lines": [], "excluded_lines": [], "executed_branches": [], "missing_branches": [], "functions": {"": {"executed_lines": [3, 17], "summary": {"covered_lines": 2, "num_statements": 2, "percent_covered": 100.0, "percent_covered_display": "100.00", "missing_lines": 0, "excluded_lines": 0, "percent_statements_covered": 100.0, "percent_statements_covered_display": "100.00", "num_branches": 0, "num_partial_branches": 0, "covered_branches": 0, "missing_branches": 0, "percent_branches_covered": 100.0, "percent_branches_covered_display": "100.00"}, "missing_lines": [], "excluded_lines": [], "start_line": 1, "executed_branches": [], "missing_branches": []}}, "classes": {"": {"executed_lines": [3, 17], "summary": {"covered_lines": 2, "num_statements": 2, "percent_covered": 100.0, "percent_covered_display": "100.00", "missing_lines": 0, "excluded_lines": 0, "percent_statements_covered": 100.0, "percent_statements_covered_display": "100.00", "num_branches": 0, "num_partial_branches": 0, "covered_branches": 0, "missing_branches": 0, "percent_branches_covered": 100.0, "percent_branches_covered_display": "100.00"}, "missing_lines": [], "excluded_lines": [], "start_line": 1, "executed_branches": [], "missing_branches": []}}}, "akosha/observability/tracing.py": {"executed_lines": [10, 12, 13, 14, 16, 17, 18, 19, 20, 21, 22, 23, 24, 29, 32, 33, 36, 58, 67, 70, 79, 85, 86, 89, 90, 93, 94, 95, 96, 99, 100, 102, 103, 105, 108, 117, 119, 122, 131, 133, 136, 137, 169, 175, 176, 177, 180, 192, 204, 205, 209, 212, 224, 225, 229, 232, 253, 272, 275, 278, 280, 281, 282, 283, 288, 289, 291, 292, 293, 294, 300, 301, 320, 322, 323, 327, 330], "summary": {"covered_lines": 77, "num_statements": 126, "percent_covered": 58.21917808219178, "percent_covered_display": "58.22", "missing_lines": 49, "excluded_lines": 2, "percent_statements_covered": 61.111111111111114, "percent_statements_covered_display": "61.11", "num_branches": 20, "num_partial_branches": 6, "covered_branches": 8, "missing_branches": 12, "percent_branches_covered": 40.0, "percent_branches_covered_display": "40.00"}, "missing_lines": [71, 75, 76, 80, 81, 82, 118, 132, 154, 156, 160, 161, 162, 163, 164, 165, 166, 187, 188, 189, 244, 245, 249, 276, 295, 296, 297, 298, 302, 303, 307, 308, 310, 311, 312, 313, 314, 315, 316, 317, 325, 337, 340, 341, 342, 345, 346, 347, 349], "excluded_lines": [26, 27], "executed_branches": [[70, 79], [79, 85], [117, 119], [131, 133], [176, -169], [176, 177], [275, 278], [322, 323]], "missing_branches": [[70, 71], [79, 80], [117, 118], [131, 132], [188, -180], [188, 189], [275, 276], [322, 325], [341, 342], [341, 345], [346, 347], [346, 349]], "functions": {"setup_telemetry": {"executed_lines": [58, 67, 70, 79, 85, 86, 89, 90, 93, 94, 95, 96, 99, 100, 102, 103, 105], "summary": {"covered_lines": 17, "num_statements": 23, "percent_covered": 70.37037037037037, "percent_covered_display": "70.37", "missing_lines": 6, "excluded_lines": 0, "percent_statements_covered": 73.91304347826087, "percent_statements_covered_display": "73.91", "num_branches": 4, "num_partial_branches": 2, "covered_branches": 2, "missing_branches": 2, "percent_branches_covered": 50.0, "percent_branches_covered_display": "50.00"}, "missing_lines": [71, 75, 76, 80, 81, 82], "excluded_lines": [], "start_line": 36, "executed_branches": [[70, 79], [79, 85]], "missing_branches": [[70, 71], [79, 80]]}, "get_tracer": {"executed_lines": [117, 119], "summary": {"covered_lines": 2, "num_statements": 3, "percent_covered": 60.0, "percent_covered_display": "60.00", "missing_lines": 1, "excluded_lines": 0, "percent_statements_covered": 66.66666666666667, "percent_statements_covered_display": "66.67", "num_branches": 2, "num_partial_branches": 1, "covered_branches": 1, "missing_branches": 1, "percent_branches_covered": 50.0, "percent_branches_covered_display": "50.00"}, "missing_lines": [118], "excluded_lines": [], "start_line": 108, "executed_branches": [[117, 119]], "missing_branches": [[117, 118]]}, "get_meter": {"executed_lines": [131, 133], "summary": {"covered_lines": 2, "num_statements": 3, "percent_covered": 60.0, "percent_covered_display": "60.00", "missing_lines": 1, "excluded_lines": 0, "percent_statements_covered": 66.66666666666667, "percent_statements_covered_display": "66.67", "num_branches": 2, "num_partial_branches": 1, "covered_branches": 1, "missing_branches": 1, "percent_branches_covered": 50.0, "percent_branches_covered_display": "50.00"}, "missing_lines": [132], "excluded_lines": [], "start_line": 122, "executed_branches": [[131, 133]], "missing_branches": [[131, 132]]}, "trace_operation": {"executed_lines": [], "summary": {"covered_lines": 0, "num_statements": 9, "percent_covered": 0.0, "percent_covered_display": "0.00", "missing_lines": 9, "excluded_lines": 0, "percent_statements_covered": 0.0, "percent_statements_covered_display": "0.00", "num_branches": 0, "num_partial_branches": 0, "covered_branches": 0, "missing_branches": 0, "percent_branches_covered": 100.0, "percent_branches_covered_display": "100.00"}, "missing_lines": [154, 156, 160, 161, 162, 163, 164, 165, 166], "excluded_lines": [], "start_line": 137, "executed_branches": [], "missing_branches": []}, "add_span_attributes": {"executed_lines": [175, 176, 177], "summary": {"covered_lines": 3, "num_statements": 3, "percent_covered": 100.0, "percent_covered_display": "100.00", "missing_lines": 0, "excluded_lines": 0, "percent_statements_covered": 100.0, "percent_statements_covered_display": "100.00", "num_branches": 2, "num_partial_branches": 0, "covered_branches": 2, "missing_branches": 0, "percent_branches_covered": 100.0, "percent_branches_covered_display": "100.00"}, "missing_lines": [], "excluded_lines": [], "start_line": 169, "executed_branches": [[176, -169], [176, 177]], "missing_branches": []}, "add_span_event": {"executed_lines": [], "summary": {"covered_lines": 0, "num_statements": 3, "percent_covered": 0.0, "percent_covered_display": "0.00", "missing_lines": 3, "excluded_lines": 0, "percent_statements_covered": 0.0, "percent_statements_covered_display": "0.00", "num_branches": 2, "num_partial_branches": 0, "covered_branches": 0, "missing_branches": 2, "percent_branches_covered": 0.0, "percent_branches_covered_display": "0.00"}, "missing_lines": [187, 188, 189], "excluded_lines": [], "start_line": 180, "executed_branches": [], "missing_branches": [[188, -180], [188, 189]]}, "record_counter": {"executed_lines": [204, 205, 209], "summary": {"covered_lines": 3, "num_statements": 3, "percent_covered": 100.0, "percent_covered_display": "100.00", "missing_lines": 0, "excluded_lines": 0, "percent_statements_covered": 100.0, "percent_statements_covered_display": "100.00", "num_branches": 0, "num_partial_branches": 0, "covered_branches": 0, "missing_branches": 0, "percent_branches_covered": 100.0, "percent_branches_covered_display": "100.00"}, "missing_lines": [], "excluded_lines": [], "start_line": 192, "executed_branches": [], "missing_branches": []}, "record_histogram": {"executed_lines": [224, 225, 229], "summary": {"covered_lines": 3, "num_statements": 3, "percent_covered": 100.0, "percent_covered_display": "100.00", "missing_lines": 0, "excluded_lines": 0, "percent_statements_covered": 100.0, "percent_statements_covered_display": "100.00", "num_branches": 0, "num_partial_branches": 0, "covered_branches": 0, "missing_branches": 0, "percent_branches_covered": 100.0, "percent_branches_covered_display": "100.00"}, "missing_lines": [], "excluded_lines": [], "start_line": 212, "executed_branches": [], "missing_branches": []}, "record_gauge": {"executed_lines": [], "summary": {"covered_lines": 0, "num_statements": 3, "percent_covered": 0.0, "percent_covered_display": "0.00", "missing_lines": 3, "excluded_lines": 0, "percent_statements_covered": 0.0, "percent_statements_covered_display": "0.00", "num_branches": 0, "num_partial_branches": 0, "covered_branches": 0, "missing_branches": 0, "percent_branches_covered": 100.0, "percent_branches_covered_display": "100.00"}, "missing_lines": [244, 245, 249], "excluded_lines": [], "start_line": 232, "executed_branches": [], "missing_branches": []}, "traced": {"executed_lines": [272, 327], "summary": {"covered_lines": 2, "num_statements": 2, "percent_covered": 100.0, "percent_covered_display": "100.00", "missing_lines": 0, "excluded_lines": 0, "percent_statements_covered": 100.0, "percent_statements_covered_display": "100.00", "num_branches": 0, "num_partial_branches": 0, "covered_branches": 0, "missing_branches": 0, "percent_branches_covered": 100.0, "percent_branches_covered_display": "100.00"}, "missing_lines": [], "excluded_lines": [], "start_line": 253, "executed_branches": [], "missing_branches": []}, "traced.decorator": {"executed_lines": [275, 278, 280, 281, 300, 301, 320, 322, 323], "summary": {"covered_lines": 9, "num_statements": 11, "percent_covered": 73.33333333333333, "percent_covered_display": "73.33", "missing_lines": 2, "excluded_lines": 0, "percent_statements_covered": 81.81818181818181, "percent_statements_covered_display": "81.82", "num_branches": 4, "num_partial_branches": 2, "covered_branches": 2, "missing_branches": 2, "percent_branches_covered": 50.0, "percent_branches_covered_display": "50.00"}, "missing_lines": [276, 325], "excluded_lines": [], "start_line": 272, "executed_branches": [[275, 278], [322, 323]], "missing_branches": [[275, 276], [322, 325]]}, "traced.decorator.async_wrapper": {"executed_lines": [282, 283, 288, 289, 291, 292, 293, 294], "summary": {"covered_lines": 8, "num_statements": 12, "percent_covered": 66.66666666666667, "percent_covered_display": "66.67", "missing_lines": 4, "excluded_lines": 0, "percent_statements_covered": 66.66666666666667, "percent_statements_covered_display": "66.67", "num_branches": 0, "num_partial_branches": 0, "covered_branches": 0, "missing_branches": 0, "percent_branches_covered": 100.0, "percent_branches_covered_display": "100.00"}, "missing_lines": [295, 296, 297, 298], "excluded_lines": [], "start_line": 281, "executed_branches": [], "missing_branches": []}, "traced.decorator.sync_wrapper": {"executed_lines": [], "summary": {"covered_lines": 0, "num_statements": 12, "percent_covered": 0.0, "percent_covered_display": "0.00", "missing_lines": 12, "excluded_lines": 0, "percent_statements_covered": 0.0, "percent_statements_covered_display": "0.00", "num_branches": 0, "num_partial_branches": 0, "covered_branches": 0, "missing_branches": 0, "percent_branches_covered": 100.0, "percent_branches_covered_display": "100.00"}, "missing_lines": [302, 303, 307, 308, 310, 311, 312, 313, 314, 315, 316, 317], "excluded_lines": [], "start_line": 301, "executed_branches": [], "missing_branches": []}, "shutdown_telemetry": {"executed_lines": [], "summary": {"covered_lines": 0, "num_statements": 8, "percent_covered": 0.0, "percent_covered_display": "0.00", "missing_lines": 8, "excluded_lines": 0, "percent_statements_covered": 0.0, "percent_statements_covered_display": "0.00", "num_branches": 4, "num_partial_branches": 0, "covered_branches": 0, "missing_branches": 4, "percent_branches_covered": 0.0, "percent_branches_covered_display": "0.00"}, "missing_lines": [337, 340, 341, 342, 345, 346, 347, 349], "excluded_lines": [], "start_line": 330, "executed_branches": [], "missing_branches": [[341, 342], [341, 345], [346, 347], [346, 349]]}, "": {"executed_lines": [10, 12, 13, 14, 16, 17, 18, 19, 20, 21, 22, 23, 24, 29, 32, 33, 36, 108, 122, 136, 137, 169, 180, 192, 212, 232, 253, 330], "summary": {"covered_lines": 28, "num_statements": 28, "percent_covered": 100.0, "percent_covered_display": "100.00", "missing_lines": 0, "excluded_lines": 2, "percent_statements_covered": 100.0, "percent_statements_covered_display": "100.00", "num_branches": 0, "num_partial_branches": 0, "covered_branches": 0, "missing_branches": 0, "percent_branches_covered": 100.0, "percent_branches_covered_display": "100.00"}, "missing_lines": [], "excluded_lines": [26, 27], "start_line": 1, "executed_branches": [], "missing_branches": []}}, "classes": {"": {"executed_lines": [10, 12, 13, 14, 16, 17, 18, 19, 20, 21, 22, 23, 24, 29, 32, 33, 36, 58, 67, 70, 79, 85, 86, 89, 90, 93, 94, 95, 96, 99, 100, 102, 103, 105, 108, 117, 119, 122, 131, 133, 136, 137, 169, 175, 176, 177, 180, 192, 204, 205, 209, 212, 224, 225, 229, 232, 253, 272, 275, 278, 280, 281, 282, 283, 288, 289, 291, 292, 293, 294, 300, 301, 320, 322, 323, 327, 330], "summary": {"covered_lines": 77, "num_statements": 126, "percent_covered": 58.21917808219178, "percent_covered_display": "58.22", "missing_lines": 49, "excluded_lines": 2, "percent_statements_covered": 61.111111111111114, "percent_statements_covered_display": "61.11", "num_branches": 20, "num_partial_branches": 6, "covered_branches": 8, "missing_branches": 12, "percent_branches_covered": 40.0, "percent_branches_covered_display": "40.00"}, "missing_lines": [71, 75, 76, 80, 81, 82, 118, 132, 154, 156, 160, 161, 162, 163, 164, 165, 166, 187, 188, 189, 244, 245, 249, 276, 295, 296, 297, 298, 302, 303, 307, 308, 310, 311, 312, 313, 314, 315, 316, 317, 325, 337, 340, 341, 342, 345, 346, 347, 349], "excluded_lines": [26, 27], "start_line": 1, "executed_branches": [[70, 79], [79, 85], [117, 119], [131, 133], [176, -169], [176, 177], [275, 278], [322, 323]], "missing_branches": [[70, 71], [79, 80], [117, 118], [131, 132], [188, -180], [188, 189], [275, 276], [322, 325], [341, 342], [341, 345], [346, 347], [346, 349]]}}}, "akosha/processing/analytics.py": {"executed_lines": [7, 9, 10, 11, 12, 13, 15, 16, 18, 20, 23, 24, 27, 28, 29, 30, 33, 34, 37, 38, 39, 40, 41, 42, 45, 46, 49, 50, 51, 52, 53, 54, 57, 58, 61, 62, 63, 64, 65, 68, 78, 80, 81, 83, 84, 101, 102, 104, 112, 119, 121, 122, 124, 126, 127, 143, 152, 154, 155, 161, 162, 163, 164, 167, 170, 173, 174, 175, 178, 179, 180, 181, 183, 186, 187, 188, 189, 190, 191, 192, 195, 198, 200, 202, 203, 204, 206, 211, 220, 221, 239, 248, 250, 251, 257, 258, 259, 260, 263, 266, 267, 270, 271, 272, 273, 274, 285, 287, 288, 290, 295, 304, 305, 319, 327, 329, 330, 332, 333, 334, 335, 338, 339, 341, 342, 345, 347, 348, 349, 350, 352, 360, 361, 362, 364, 365, 368, 369, 370, 372, 373, 375, 376, 377, 379, 382, 383, 386, 387, 388, 392, 393, 396, 397, 398, 399, 400, 401, 410, 415, 416, 418, 423, 431, 437, 439, 448, 449], "summary": {"covered_lines": 168, "num_statements": 170, "percent_covered": 97.57281553398059, "percent_covered_display": "97.57", "missing_lines": 2, "excluded_lines": 0, "percent_statements_covered": 98.82352941176471, "percent_statements_covered_display": "98.82", "num_branches": 36, "num_partial_branches": 3, "covered_branches": 33, "missing_branches": 3, "percent_branches_covered": 91.66666666666667, "percent_branches_covered_display": "91.67"}, "missing_lines": [380, 390], "excluded_lines": [], "executed_branches": [[101, 102], [101, 104], [161, 162], [161, 167], [178, 179], [178, 180], [180, 181], [180, 183], [257, 258], [257, 263], [271, 272], [271, 285], [273, 271], [273, 274], [332, 333], [332, 338], [339, 341], [339, 345], [347, 348], [347, 352], [361, 362], [361, 368], [372, 373], [372, 396], [373, 372], [373, 375], [379, 382], [386, 387], [397, 398], [397, 410], [398, 397], [398, 399], [400, 401]], "missing_branches": [[379, 380], [386, 390], [400, 398]], "functions": {"TimeSeriesAnalytics.__init__": {"executed_lines": [80, 81], "summary": {"covered_lines": 2, "num_statements": 2, "percent_covered": 100.0, "percent_covered_display": "100.00", "missing_lines": 0, "excluded_lines": 0, "percent_statements_covered": 100.0, "percent_statements_covered_display": "100.00", "num_branches": 0, "num_partial_branches": 0, "covered_branches": 0, "missing_branches": 0, "percent_branches_covered": 100.0, "percent_branches_covered_display": "100.00"}, "missing_lines": [], "excluded_lines": [], "start_line": 78, "executed_branches": [], "missing_branches": []}, "TimeSeriesAnalytics.add_metric": {"executed_lines": [101, 102, 104, 112, 119, 121, 122, 124], "summary": {"covered_lines": 8, "num_statements": 8, "percent_covered": 100.0, "percent_covered_display": "100.00", "missing_lines": 0, "excluded_lines": 0, "percent_statements_covered": 100.0, "percent_statements_covered_display": "100.00", "num_branches": 2, "num_partial_branches": 0, "covered_branches": 2, "missing_branches": 0, "percent_branches_covered": 100.0, "percent_branches_covered_display": "100.00"}, "missing_lines": [], "excluded_lines": [], "start_line": 84, "executed_branches": [[101, 102], [101, 104]], "missing_branches": []}, "TimeSeriesAnalytics.analyze_trend": {"executed_lines": [143, 152, 154, 155, 161, 162, 163, 164, 167, 170, 173, 174, 175, 178, 179, 180, 181, 183, 186, 187, 188, 189, 190, 191, 192, 195, 198, 200, 202, 203, 204, 206, 211], "summary": {"covered_lines": 33, "num_statements": 33, "percent_covered": 100.0, "percent_covered_display": "100.00", "missing_lines": 0, "excluded_lines": 0, "percent_statements_covered": 100.0, "percent_statements_covered_display": "100.00", "num_branches": 6, "num_partial_branches": 0, "covered_bra
[...]
, "num_partial_branches": 0, "covered_branches": 0, "missing_branches": 0, "percent_branches_covered": 100.0, "percent_branches_covered_display": "100.00"}, "missing_lines": [181], "excluded_lines": [], "start_line": 178, "executed_branches": [], "missing_branches": []}, "ColdStore.close": {"executed_lines": [], "summary": {"covered_lines": 0, "num_statements": 1, "percent_covered": 0.0, "percent_covered_display": "0.00", "missing_lines": 1, "excluded_lines": 0, "percent_statements_covered": 0.0, "percent_statements_covered_display": "0.00", "num_branches": 0, "num_partial_branches": 0, "covered_branches": 0, "missing_branches": 0, "percent_branches_covered": 100.0, "percent_branches_covered_display": "100.00"}, "missing_lines": [185], "excluded_lines": [], "start_line": 183, "executed_branches": [], "missing_branches": []}, "": {"executed_lines": [3, 5, 6, 7, 8, 9, 10, 12, 13, 18, 21, 24, 36, 78, 119, 152, 178, 183], "summary": {"covered_lines": 18, "num_statements": 18, "percent_covered": 100.0, "percent_covered_display": "100.00", "missing_lines": 0, "excluded_lines": 2, "percent_statements_covered": 100.0, "percent_statements_covered_display": "100.00", "num_branches": 0, "num_partial_branches": 0, "covered_branches": 0, "missing_branches": 0, "percent_branches_covered": 100.0, "percent_branches_covered_display": "100.00"}, "missing_lines": [], "excluded_lines": [15, 16], "start_line": 1, "executed_branches": [], "missing_branches": []}}, "classes": {"ColdStore": {"executed_lines": [31, 32, 34, 56, 57, 58, 60, 62, 74, 75, 76, 87, 96, 97, 98, 99, 100, 101, 102, 105, 114], "summary": {"covered_lines": 21, "num_statements": 45, "percent_covered": 49.01960784313726, "percent_covered_display": "49.02", "missing_lines": 24, "excluded_lines": 0, "percent_statements_covered": 46.666666666666664, "percent_statements_covered_display": "46.67", "num_branches": 6, "num_partial_branches": 0, "covered_branches": 4, "missing_branches": 2, "percent_branches_covered": 66.66666666666667, "percent_branches_covered_display": "66.67"}, "missing_lines": [65, 66, 69, 71, 72, 128, 129, 131, 133, 135, 143, 144, 146, 147, 148, 149, 150, 159, 162, 174, 175, 176, 181, 185], "excluded_lines": [], "start_line": 21, "executed_branches": [[56, 57], [56, 60], [96, 97], [96, 105]], "missing_branches": [[148, 149], [148, 150]]}, "": {"executed_lines": [3, 5, 6, 7, 8, 9, 10, 12, 13, 18, 21, 24, 36, 78, 119, 152, 178, 183], "summary": {"covered_lines": 18, "num_statements": 18, "percent_covered": 100.0, "percent_covered_display": "100.00", "missing_lines": 0, "excluded_lines": 2, "percent_statements_covered": 100.0, "percent_statements_covered_display": "100.00", "num_branches": 0, "num_partial_branches": 0, "covered_branches": 0, "missing_branches": 0, "percent_branches_covered": 100.0, "percent_branches_covered_display": "100.00"}, "missing_lines": [], "excluded_lines": [15, 16], "start_line": 1, "executed_branches": [], "missing_branches": []}}}, "akosha/storage/hot_store.py": {"executed_lines": [3, 5, 6, 7, 8, 9, 11, 18, 21, 24, 30, 31, 32, 34, 36, 37, 40, 54, 55, 60, 61, 63, 65, 71, 72, 73, 75, 92, 110, 111, 112, 115, 117, 118, 121, 122, 136, 139, 152, 153, 155, 157, 159, 160, 161, 162], "summary": {"covered_lines": 46, "num_statements": 46, "percent_covered": 98.07692307692308, "percent_covered_display": "98.08", "missing_lines": 0, "excluded_lines": 3, "percent_statements_covered": 100.0, "percent_statements_covered_display": "100.00", "num_branches": 6, "num_partial_branches": 1, "covered_branches": 5, "missing_branches": 1, "percent_branches_covered": 83.33333333333333, "percent_branches_covered_display": "83.33"}, "missing_lines": [], "excluded_lines": [13, 14, 16], "executed_branches": [[72, 73], [72, 75], [111, 112], [111, 115], [160, 161]], "missing_branches": [[160, -157]], "functions": {"HotStore.__init__": {"executed_lines": [30, 31, 32], "summary": {"covered_lines": 3, "num_statements": 3, "percent_covered": 100.0, "percent_covered_display": "100.00", "missing_lines": 0, "excluded_lines": 0, "percent_statements_covered": 100.0, "percent_statements_covered_display": "100.00", "num_branches": 0, "num_partial_branches": 0, "covered_branches": 0, "missing_branches": 0, "percent_branches_covered": 100.0, "percent_branches_covered_display": "100.00"}, "missing_lines": [], "excluded_lines": [], "start_line": 24, "executed_branches": [], "missing_branches": []}, "HotStore.initialize": {"executed_lines": [36, 37, 40, 54, 55, 60, 61, 63], "summary": {"covered_lines": 8, "num_statements": 8, "percent_covered": 100.0, "percent_covered_display": "100.00", "missing_lines": 0, "excluded_lines": 0, "percent_statements_covered": 100.0, "percent_statements_covered_display": "100.00", "num_branches": 0, "num_partial_branches": 0, "covered_branches": 0, "missing_branches": 0, "percent_branches_covered": 100.0, "percent_branches_covered_display": "100.00"}, "missing_lines": [], "excluded_lines": [], "start_line": 34, "executed_branches": [], "missing_branches": []}, "HotStore.insert": {"executed_lines": [71, 72, 73, 75], "summary": {"covered_lines": 4, "num_statements": 4, "percent_covered": 100.0, "percent_covered_display": "100.00", "missing_lines": 0, "excluded_lines": 0, "percent_statements_covered": 100.0, "percent_statements_covered_display": "100.00", "num_branches": 2, "num_partial_branches": 0, "covered_branches": 2, "missing_branches": 0, "percent_branches_covered": 100.0, "percent_branches_covered_display": "100.00"}, "missing_lines": [], "excluded_lines": [], "start_line": 65, "executed_branches": [[72, 73], [72, 75]], "missing_branches": []}, "HotStore.search_similar": {"executed_lines": [110, 111, 112, 115, 117, 118, 121, 122, 136, 139], "summary": {"covered_lines": 10, "num_statements": 10, "percent_covered": 100.0, "percent_covered_display": "100.00", "missing_lines": 0, "excluded_lines": 0, "percent_statements_covered": 100.0, "percent_statements_covered_display": "100.00", "num_branches": 2, "num_partial_branches": 0, "covered_branches": 2, "missing_branches": 0, "percent_branches_covered": 100.0, "percent_branches_covered_display": "100.00"}, "missing_lines": [], "excluded_lines": [], "start_line": 92, "executed_branches": [[111, 112], [111, 115]], "missing_branches": []}, "HotStore._compute_content_hash": {"executed_lines": [155], "summary": {"covered_lines": 1, "num_statements": 1, "percent_covered": 100.0, "percent_covered_display": "100.00", "missing_lines": 0, "excluded_lines": 0, "percent_statements_covered": 100.0, "percent_statements_covered_display": "100.00", "num_branches": 0, "num_partial_branches": 0, "covered_branches": 0, "missing_branches": 0, "percent_branches_covered": 100.0, "percent_branches_covered_display": "100.00"}, "missing_lines": [], "excluded_lines": [], "start_line": 153, "executed_branches": [], "missing_branches": []}, "HotStore.close": {"executed_lines": [159, 160, 161, 162], "summary": {"covered_lines": 4, "num_statements": 4, "percent_covered": 83.33333333333333, "percent_covered_display": "83.33", "missing_lines": 0, "excluded_lines": 0, "percent_statements_covered": 100.0, "percent_statements_covered_display": "100.00", "num_branches": 2, "num_partial_branches": 1, "covered_branches": 1, "missing_branches": 1, "percent_branches_covered": 50.0, "percent_branches_covered_display": "50.00"}, "missing_lines": [], "excluded_lines": [], "start_line": 157, "executed_branches": [[160, 161]], "missing_branches": [[160, -157]]}, "": {"executed_lines": [3, 5, 6, 7, 8, 9, 11, 18, 21, 24, 34, 65, 92, 152, 153, 157], "summary": {"covered_lines": 16, "num_statements": 16, "percent_covered": 100.0, "percent_covered_display": "100.00", "missing_lines": 0, "excluded_lines": 3, "percent_statements_covered": 100.0, "percent_statements_covered_display": "100.00", "num_branches": 0, "num_partial_branches": 0, "covered_branches": 0, "missing_branches": 0, "percent_branches_covered": 100.0, "percent_branches_covered_display": "100.00"}, "missing_lines": [], "excluded_lines": [13, 14, 16], "start_line": 1, "executed_branches": [], "missing_branches": []}}, "classes": {"HotStore": {"executed_lines": [30, 31, 32, 36, 37, 40, 54, 55, 60, 61, 63, 71, 72, 73, 75, 110, 111, 112, 115, 117, 118, 121, 122, 136, 139, 155, 159, 160, 161, 162], "summary": {"covered_lines": 30, "num_statements": 30, "percent_covered": 97.22222222222223, "percent_covered_display": "97.22", "missing_lines": 0, "excluded_lines": 0, "percent_statements_covered": 100.0, "percent_statements_covered_display": "100.00", "num_branches": 6, "num_partial_branches": 1, "covered_branches": 5, "missing_branches": 1, "percent_branches_covered": 83.33333333333333, "percent_branches_covered_display": "83.33"}, "missing_lines": [], "excluded_lines": [], "start_line": 21, "executed_branches": [[72, 73], [72, 75], [111, 112], [111, 115], [160, 161]], "missing_branches": [[160, -157]]}, "": {"executed_lines": [3, 5, 6, 7, 8, 9, 11, 18, 21, 24, 34, 65, 92, 152, 153, 157], "summary": {"covered_lines": 16, "num_statements": 16, "percent_covered": 100.0, "percent_covered_display": "100.00", "missing_lines": 0, "excluded_lines": 3, "percent_statements_covered": 100.0, "percent_statements_covered_display": "100.00", "num_branches": 0, "num_partial_branches": 0, "covered_branches": 0, "missing_branches": 0, "percent_branches_covered": 100.0, "percent_branches_covered_display": "100.00"}, "missing_lines": [], "excluded_lines": [13, 14, 16], "start_line": 1, "executed_branches": [], "missing_branches": []}}}, "akosha/storage/sharding.py": {"executed_lines": [3, 5, 6, 7, 9, 11, 14, 17, 23, 24, 26, 36, 39, 42, 44, 46, 59, 62, 63, 66, 67, 69, 71, 81, 82, 85], "summary": {"covered_lines": 26, "num_statements": 26, "percent_covered": 100.0, "percent_covered_display": "100.00", "missing_lines": 0, "excluded_lines": 0, "percent_statements_covered": 100.0, "percent_statements_covered_display": "100.00", "num_branches": 4, "num_partial_branches": 0, "covered_branches": 4, "missing_branches": 0, "percent_branches_covered": 100.0, "percent_branches_covered_display": "100.00"}, "missing_lines": [], "excluded_lines": [], "executed_branches": [[62, 63], [62, 66], [81, 82], [81, 85]], "missing_branches": [], "functions": {"ShardRouter.__init__": {"executed_lines": [23, 24], "summary": {"covered_lines": 2, "num_statements": 2, "percent_covered": 100.0, "percent_covered_display": "100.00", "missing_lines": 0, "excluded_lines": 0, "percent_statements_covered": 100.0, "percent_statements_covered_display": "100.00", "num_branches": 0, "num_partial_branches": 0, "covered_branches": 0, "missing_branches": 0, "percent_branches_covered": 100.0, "percent_branches_covered_display": "100.00"}, "missing_lines": [], "excluded_lines": [], "start_line": 17, "executed_branches": [], "missing_branches": []}, "ShardRouter.get_shard": {"executed_lines": [36, 39, 42, 44], "summary": {"covered_lines": 4, "num_statements": 4, "percent_covered": 100.0, "percent_covered_display": "100.00", "missing_lines": 0, "excluded_lines": 0, "percent_statements_covered": 100.0, "percent_statements_covered_display": "100.00", "num_branches": 0, "num_partial_branches": 0, "covered_branches": 0, "missing_branches": 0, "percent_branches_covered": 100.0, "percent_branches_covered_display": "100.00"}, "missing_lines": [], "excluded_lines": [], "start_line": 26, "executed_branches": [], "missing_branches": []}, "ShardRouter.get_shard_path": {"executed_lines": [59, 62, 63, 66, 67, 69], "summary": {"covered_lines": 6, "num_statements": 6, "percent_covered": 100.0, "percent_covered_display": "100.00", "missing_lines": 0, "excluded_lines": 0, "percent_statements_covered": 100.0, "percent_statements_covered_display": "100.00", "num_branches": 2, "num_partial_branches": 0, "covered_branches": 2, "missing_branches": 0, "percent_branches_covered": 100.0, "percent_branches_covered_display": "100.00"}, "missing_lines": [], "excluded_lines": [], "start_line": 46, "executed_branches": [[62, 63], [62, 66]], "missing_branches": []}, "ShardRouter.get_target_shards": {"executed_lines": [81, 82, 85], "summary": {"covered_lines": 3, "num_statements": 3, "percent_covered": 100.0, "percent_covered_display": "100.00", "missing_lines": 0, "excluded_lines": 0, "percent_statements_covered": 100.0, "percent_statements_covered_display": "100.00", "num_branches": 2, "num_partial_branches": 0, "covered_branches": 2, "missing_branches": 0, "percent_branches_covered": 100.0, "percent_branches_covered_display": "100.00"}, "missing_lines": [], "excluded_lines": [], "start_line": 71, "executed_branches": [[81, 82], [81, 85]], "missing_branches": []}, "": {"executed_lines": [3, 5, 6, 7, 9, 11, 14, 17, 26, 46, 71], "summary": {"covered_lines": 11, "num_statements": 11, "percent_covered": 100.0, "percent_covered_display": "100.00", "missing_lines": 0, "excluded_lines": 0, "percent_statements_covered": 100.0, "percent_statements_covered_display": "100.00", "num_branches": 0, "num_partial_branches": 0, "covered_branches": 0, "missing_branches": 0, "percent_branches_covered": 100.0, "percent_branches_covered_display": "100.00"}, "missing_lines": [], "excluded_lines": [], "start_line": 1, "executed_branches": [], "missing_branches": []}}, "classes": {"ShardRouter": {"executed_lines": [23, 24, 36, 39, 42, 44, 59, 62, 63, 66, 67, 69, 81, 82, 85], "summary": {"covered_lines": 15, "num_statements": 15, "percent_covered": 100.0, "percent_covered_display": "100.00", "missing_lines": 0, "excluded_lines": 0, "percent_statements_covered": 100.0, "percent_statements_covered_display": "100.00", "num_branches": 4, "num_partial_branches": 0, "covered_branches": 4, "missing_branches": 0, "percent_branches_covered": 100.0, "percent_branches_covered_display": "100.00"}, "missing_lines": [], "excluded_lines": [], "start_line": 14, "executed_branches": [[62, 63], [62, 66], [81, 82], [81, 85]], "missing_branches": []}, "": {"executed_lines": [3, 5, 6, 7, 9, 11, 14, 17, 26, 46, 71], "summary": {"covered_lines": 11, "num_statements": 11, "percent_covered": 100.0, "percent_covered_display": "100.00", "missing_lines": 0, "excluded_lines": 0, "percent_statements_covered": 100.0, "percent_statements_covered_display": "100.00", "num_branches": 0, "num_partial_branches": 0, "covered_branches": 0, "missing_branches": 0, "percent_branches_covered": 100.0, "percent_branches_covered_display": "100.00"}, "missing_lines": [], "excluded_lines": [], "start_line": 1, "executed_branches": [], "missing_branches": []}}}, "akosha/storage/warm_store.py": {"executed_lines": [3, 5, 6, 7, 8, 10, 17, 20, 23, 29, 30, 31, 33, 35, 36, 37, 40, 53, 58, 60, 66, 67, 68, 70, 86, 88, 89, 90, 91], "summary": {"covered_lines": 29, "num_statements": 29, "percent_covered": 96.96969696969697, "percent_covered_display": "96.97", "missing_lines": 0, "excluded_lines": 3, "percent_statements_covered": 100.0, "percent_statements_covered_display": "100.00", "num_branches": 4, "num_partial_branches": 1, "covered_branches": 3, "missing_branches": 1, "percent_branches_covered": 75.0, "percent_branches_covered_display": "75.00"}, "missing_lines": [], "excluded_lines": [12, 13, 15], "executed_branches": [[67, 68], [67, 70], [89, 90]], "missing_branches": [[89, -86]], "functions": {"WarmStore.__init__": {"executed_lines": [29, 30, 31], "summary": {"covered_lines": 3, "num_statements": 3, "percent_covered": 100.0, "percent_covered_display": "100.00", "missing_lines": 0, "excluded_lines": 0, "percent_statements_covered": 100.0, "percent_statements_covered_display": "100.00", "num_branches": 0, "num_partial_branches": 0, "covered_branches": 0, "missing_branches": 0, "percent_branches_covered": 100.0, "percent_branches_covered_display": "100.00"}, "missing_lines": [], "excluded_lines": [], "start_line": 23, "executed_branches": [], "missing_branches": []}, "WarmStore.initialize": {"executed_lines": [35, 36, 37, 40, 53, 58], "summary": {"covered_lines": 6, "num_statements": 6, "percent_covered": 100.0, "percent_covered_display": "100.00", "missing_lines": 0, "excluded_lines": 0, "percent_statements_covered": 100.0, "percent_statements_covered_display": "100.00", "num_branches": 0, "num_partial_branches": 0, "covered_branches": 0, "missing_branches": 0, "percent_branches_covered": 100.0, "percent_branches_covered_display": "100.00"}, "missing_lines": [], "excluded_lines": [], "start_line": 33, "executed_branches": [], "missing_branches": []}, "WarmStore.insert": {"executed_lines": [66, 67, 68, 70], "summary": {"covered_lines": 4, "num_statements": 4, "percent_covered": 100.0, "percent_covered_display": "100.00", "missing_lines": 0, "excluded_lines": 0, "percent_statements_covered": 100.0, "percent_statements_covered_display": "100.00", "num_branches": 2, "num_partial_branches": 0, "covered_branches": 2, "missing_branches": 0, "percent_branches_covered": 100.0, "percent_branches_covered_display": "100.00"}, "missing_lines": [], "excluded_lines": [], "start_line": 60, "executed_branches": [[67, 68], [67, 70]], "missing_branches": []}, "WarmStore.close": {"executed_lines": [88, 89, 90, 91], "summary": {"covered_lines": 4, "num_statements": 4, "percent_covered": 83.33333333333333, "percent_covered_display": "83.33", "missing_lines": 0, "excluded_lines": 0, "percent_statements_covered": 100.0, "percent_statements_covered_display": "100.00", "num_branches": 2, "num_partial_branches": 1, "covered_branches": 1, "missing_branches": 1, "percent_branches_covered": 50.0, "percent_branches_covered_display": "50.00"}, "missing_lines": [], "excluded_lines": [], "start_line": 86, "executed_branches": [[89, 90]], "missing_branches": [[89, -86]]}, "": {"executed_lines": [3, 5, 6, 7, 8, 10, 17, 20, 23, 33, 60, 86], "summary": {"covered_lines": 12, "num_statements": 12, "percent_covered": 100.0, "percent_covered_display": "100.00", "missing_lines": 0, "excluded_lines": 3, "percent_statements_covered": 100.0, "percent_statements_covered_display": "100.00", "num_branches": 0, "num_partial_branches": 0, "covered_branches": 0, "missing_branches": 0, "percent_branches_covered": 100.0, "percent_branches_covered_display": "100.00"}, "missing_lines": [], "excluded_lines": [12, 13, 15], "start_line": 1, "executed_branches": [], "missing_branches": []}}, "classes": {"WarmStore": {"executed_lines": [29, 30, 31, 35, 36, 37, 40, 53, 58, 66, 67, 68, 70, 88, 89, 90, 91], "summary": {"covered_lines": 17, "num_statements": 17, "percent_covered": 95.23809523809524, "percent_covered_display": "95.24", "missing_lines": 0, "excluded_lines": 0, "percent_statements_covered": 100.0, "percent_statements_covered_display": "100.00", "num_branches": 4, "num_partial_branches": 1, "covered_branches": 3, "missing_branches": 1, "percent_branches_covered": 75.0, "percent_branches_covered_display": "75.00"}, "missing_lines": [], "excluded_lines": [], "start_line": 20, "executed_branches": [[67, 68], [67, 70], [89, 90]], "missing_branches": [[89, -86]]}, "": {"executed_lines": [3, 5, 6, 7, 8, 10, 17, 20, 23, 33, 60, 86], "summary": {"covered_lines": 12, "num_statements": 12, "percent_covered": 100.0, "percent_covered_display": "100.00", "missing_lines": 0, "excluded_lines": 3, "percent_statements_covered": 100.0, "percent_statements_covered_display": "100.00", "num_branches": 0, "num_partial_branches": 0, "covered_branches": 0, "missing_branches": 0, "percent_branches_covered": 100.0, "percent_branches_covered_display": "100.00"}, "missing_lines": [], "excluded_lines": [12, 13, 15], "start_line": 1, "executed_branches": [], "missing_branches": []}}}}, "totals": {"covered_lines": 1176, "num_statements": 1449, "percent_covered": 79.02753368482718, "percent_covered_display": "79.03", "missing_lines": 273, "excluded_lines": 35, "percent_statements_covered": 81.15942028985508, "percent_statements_covered_display": "81.16", "num_branches": 258, "num_partial_branches": 43, "covered_branches": 173, "missing_branches": 85, "percent_branches_covered": 67.05426356589147, "percent_branches_covered_display": "67.05"}}